{"numTotalTestSuites":2,"numPassedTestSuites":0,"numFailedTestSuites":2,"numPendingTestSuites":0,"numTotalTests":7,"numPassedTests":0,"numFailedTests":7,"numPendingTests":0,"numTodoTests":0,"snapshot":{"added":0,"failure":false,"filesAdded":0,"filesRemoved":0,"filesRemovedList":[],"filesUnmatched":0,"filesUpdated":0,"matched":0,"total":0,"unchecked":0,"uncheckedKeysByFile":[],"unmatched":0,"updated":0,"didUpdate":false},"startTime":1757932284831,"success":false,"testResults":[{"assertionResults":[{"ancestorTitles":["Agent Isolation Sandbox TDD"],"fullName":"Agent Isolation Sandbox TDD should allow reading files only from allowed paths","status":"failed","title":"should allow reading files only from allowed paths","duration":5010.106666,"failureMessages":["Error: STACK_TRACE_ERROR\n    at task (file:///Users/jamiecraik/.Cortex-OS/node_modules/.pnpm/@vitest+runner@3.2.4/node_modules/@vitest/runner/dist/chunk-hooks.js:638:27)\n    at Object.<anonymous> (file:///Users/jamiecraik/.Cortex-OS/node_modules/.pnpm/@vitest+runner@3.2.4/node_modules/@vitest/runner/dist/chunk-hooks.js:662:16)\n    at Object.<anonymous> (file:///Users/jamiecraik/.Cortex-OS/node_modules/.pnpm/@vitest+runner@3.2.4/node_modules/@vitest/runner/dist/chunk-hooks.js:458:28)\n    at chain (file:///Users/jamiecraik/.Cortex-OS/node_modules/.pnpm/@vitest+runner@3.2.4/node_modules/@vitest/runner/dist/chunk-hooks.js:369:14)\n    at /Users/jamiecraik/.Cortex-OS/simple-tests/agent-isolation-sandbox.test.ts:76:3\n    at file:///Users/jamiecraik/.Cortex-OS/node_modules/.pnpm/@vitest+runner@3.2.4/node_modules/@vitest/runner/dist/chunk-hooks.js:734:40\n    at runWithSuite (file:///Users/jamiecraik/.Cortex-OS/node_modules/.pnpm/@vitest+runner@3.2.4/node_modules/@vitest/runner/dist/chunk-hooks.js:1849:8)\n    at Object.collect (file:///Users/jamiecraik/.Cortex-OS/node_modules/.pnpm/@vitest+runner@3.2.4/node_modules/@vitest/runner/dist/chunk-hooks.js:734:10)\n    at Object.collect (file:///Users/jamiecraik/.Cortex-OS/node_modules/.pnpm/@vitest+runner@3.2.4/node_modules/@vitest/runner/dist/chunk-hooks.js:738:54)\n    at processTicksAndRejections (node:internal/process/task_queues:105:5)\n    at collectTests (file:///Users/jamiecraik/.Cortex-OS/node_modules/.pnpm/@vitest+runner@3.2.4/node_modules/@vitest/runner/dist/chunk-hooks.js:1179:25)\n    at startTests (file:///Users/jamiecraik/.Cortex-OS/node_modules/.pnpm/@vitest+runner@3.2.4/node_modules/@vitest/runner/dist/chunk-hooks.js:1817:17)\n    at file:///Users/jamiecraik/.Cortex-OS/node_modules/.pnpm/vitest@3.2.4_@types+debug@4.1.12_@types+node@22.18.1_jiti@2.5.1_jsdom@26.1.0_less@4.4.1_fc52e3243c5d15e95ac93141b8aa2a29/node_modules/vitest/dist/chunks/runBaseTests.9Ij9_de-.js:117:26\n    at withEnv (file:///Users/jamiecraik/.Cortex-OS/node_modules/.pnpm/vitest@3.2.4_@types+debug@4.1.12_@types+node@22.18.1_jiti@2.5.1_jsdom@26.1.0_less@4.4.1_fc52e3243c5d15e95ac93141b8aa2a29/node_modules/vitest/dist/chunks/runBaseTests.9Ij9_de-.js:84:3)\n    at run (file:///Users/jamiecraik/.Cortex-OS/node_modules/.pnpm/vitest@3.2.4_@types+debug@4.1.12_@types+node@22.18.1_jiti@2.5.1_jsdom@26.1.0_less@4.4.1_fc52e3243c5d15e95ac93141b8aa2a29/node_modules/vitest/dist/chunks/runBaseTests.9Ij9_de-.js:109:2)"],"meta":{}},{"ancestorTitles":["Agent Isolation Sandbox TDD"],"fullName":"Agent Isolation Sandbox TDD should block reading files outside allowed paths and emit audit event","status":"failed","title":"should block reading files outside allowed paths and emit audit event","duration":5003.656833999999,"failureMessages":["Error: STACK_TRACE_ERROR\n    at task (file:///Users/jamiecraik/.Cortex-OS/node_modules/.pnpm/@vitest+runner@3.2.4/node_modules/@vitest/runner/dist/chunk-hooks.js:638:27)\n    at Object.<anonymous> (file:///Users/jamiecraik/.Cortex-OS/node_modules/.pnpm/@vitest+runner@3.2.4/node_modules/@vitest/runner/dist/chunk-hooks.js:662:16)\n    at Object.<anonymous> (file:///Users/jamiecraik/.Cortex-OS/node_modules/.pnpm/@vitest+runner@3.2.4/node_modules/@vitest/runner/dist/chunk-hooks.js:458:28)\n    at chain (file:///Users/jamiecraik/.Cortex-OS/node_modules/.pnpm/@vitest+runner@3.2.4/node_modules/@vitest/runner/dist/chunk-hooks.js:369:14)\n    at /Users/jamiecraik/.Cortex-OS/simple-tests/agent-isolation-sandbox.test.ts:94:3\n    at file:///Users/jamiecraik/.Cortex-OS/node_modules/.pnpm/@vitest+runner@3.2.4/node_modules/@vitest/runner/dist/chunk-hooks.js:734:40\n    at runWithSuite (file:///Users/jamiecraik/.Cortex-OS/node_modules/.pnpm/@vitest+runner@3.2.4/node_modules/@vitest/runner/dist/chunk-hooks.js:1849:8)\n    at Object.collect (file:///Users/jamiecraik/.Cortex-OS/node_modules/.pnpm/@vitest+runner@3.2.4/node_modules/@vitest/runner/dist/chunk-hooks.js:734:10)\n    at Object.collect (file:///Users/jamiecraik/.Cortex-OS/node_modules/.pnpm/@vitest+runner@3.2.4/node_modules/@vitest/runner/dist/chunk-hooks.js:738:54)\n    at processTicksAndRejections (node:internal/process/task_queues:105:5)\n    at collectTests (file:///Users/jamiecraik/.Cortex-OS/node_modules/.pnpm/@vitest+runner@3.2.4/node_modules/@vitest/runner/dist/chunk-hooks.js:1179:25)\n    at startTests (file:///Users/jamiecraik/.Cortex-OS/node_modules/.pnpm/@vitest+runner@3.2.4/node_modules/@vitest/runner/dist/chunk-hooks.js:1817:17)\n    at file:///Users/jamiecraik/.Cortex-OS/node_modules/.pnpm/vitest@3.2.4_@types+debug@4.1.12_@types+node@22.18.1_jiti@2.5.1_jsdom@26.1.0_less@4.4.1_fc52e3243c5d15e95ac93141b8aa2a29/node_modules/vitest/dist/chunks/runBaseTests.9Ij9_de-.js:117:26\n    at withEnv (file:///Users/jamiecraik/.Cortex-OS/node_modules/.pnpm/vitest@3.2.4_@types+debug@4.1.12_@types+node@22.18.1_jiti@2.5.1_jsdom@26.1.0_less@4.4.1_fc52e3243c5d15e95ac93141b8aa2a29/node_modules/vitest/dist/chunks/runBaseTests.9Ij9_de-.js:84:3)\n    at run (file:///Users/jamiecraik/.Cortex-OS/node_modules/.pnpm/vitest@3.2.4_@types+debug@4.1.12_@types+node@22.18.1_jiti@2.5.1_jsdom@26.1.0_less@4.4.1_fc52e3243c5d15e95ac93141b8aa2a29/node_modules/vitest/dist/chunks/runBaseTests.9Ij9_de-.js:109:2)"],"meta":{}},{"ancestorTitles":["Agent Isolation Sandbox TDD"],"fullName":"Agent Isolation Sandbox TDD should allow network requests to allowlisted domains and block others","status":"failed","title":"should allow network requests to allowlisted domains and block others","duration":5006.843833000001,"failureMessages":["Error: STACK_TRACE_ERROR\n    at task (file:///Users/jamiecraik/.Cortex-OS/node_modules/.pnpm/@vitest+runner@3.2.4/node_modules/@vitest/runner/dist/chunk-hooks.js:638:27)\n    at Object.<anonymous> (file:///Users/jamiecraik/.Cortex-OS/node_modules/.pnpm/@vitest+runner@3.2.4/node_modules/@vitest/runner/dist/chunk-hooks.js:662:16)\n    at Object.<anonymous> (file:///Users/jamiecraik/.Cortex-OS/node_modules/.pnpm/@vitest+runner@3.2.4/node_modules/@vitest/runner/dist/chunk-hooks.js:458:28)\n    at chain (file:///Users/jamiecraik/.Cortex-OS/node_modules/.pnpm/@vitest+runner@3.2.4/node_modules/@vitest/runner/dist/chunk-hooks.js:369:14)\n    at /Users/jamiecraik/.Cortex-OS/simple-tests/agent-isolation-sandbox.test.ts:113:3\n    at file:///Users/jamiecraik/.Cortex-OS/node_modules/.pnpm/@vitest+runner@3.2.4/node_modules/@vitest/runner/dist/chunk-hooks.js:734:40\n    at runWithSuite (file:///Users/jamiecraik/.Cortex-OS/node_modules/.pnpm/@vitest+runner@3.2.4/node_modules/@vitest/runner/dist/chunk-hooks.js:1849:8)\n    at Object.collect (file:///Users/jamiecraik/.Cortex-OS/node_modules/.pnpm/@vitest+runner@3.2.4/node_modules/@vitest/runner/dist/chunk-hooks.js:734:10)\n    at Object.collect (file:///Users/jamiecraik/.Cortex-OS/node_modules/.pnpm/@vitest+runner@3.2.4/node_modules/@vitest/runner/dist/chunk-hooks.js:738:54)\n    at processTicksAndRejections (node:internal/process/task_queues:105:5)\n    at collectTests (file:///Users/jamiecraik/.Cortex-OS/node_modules/.pnpm/@vitest+runner@3.2.4/node_modules/@vitest/runner/dist/chunk-hooks.js:1179:25)\n    at startTests (file:///Users/jamiecraik/.Cortex-OS/node_modules/.pnpm/@vitest+runner@3.2.4/node_modules/@vitest/runner/dist/chunk-hooks.js:1817:17)\n    at file:///Users/jamiecraik/.Cortex-OS/node_modules/.pnpm/vitest@3.2.4_@types+debug@4.1.12_@types+node@22.18.1_jiti@2.5.1_jsdom@26.1.0_less@4.4.1_fc52e3243c5d15e95ac93141b8aa2a29/node_modules/vitest/dist/chunks/runBaseTests.9Ij9_de-.js:117:26\n    at withEnv (file:///Users/jamiecraik/.Cortex-OS/node_modules/.pnpm/vitest@3.2.4_@types+debug@4.1.12_@types+node@22.18.1_jiti@2.5.1_jsdom@26.1.0_less@4.4.1_fc52e3243c5d15e95ac93141b8aa2a29/node_modules/vitest/dist/chunks/runBaseTests.9Ij9_de-.js:84:3)\n    at run (file:///Users/jamiecraik/.Cortex-OS/node_modules/.pnpm/vitest@3.2.4_@types+debug@4.1.12_@types+node@22.18.1_jiti@2.5.1_jsdom@26.1.0_less@4.4.1_fc52e3243c5d15e95ac93141b8aa2a29/node_modules/vitest/dist/chunks/runBaseTests.9Ij9_de-.js:109:2)"],"meta":{}},{"ancestorTitles":["Agent Isolation Sandbox TDD"],"fullName":"Agent Isolation Sandbox TDD should enforce max execution time and terminate long-running code","status":"failed","title":"should enforce max execution time and terminate long-running code","duration":5002.737250000002,"failureMessages":["Error: STACK_TRACE_ERROR\n    at task (file:///Users/jamiecraik/.Cortex-OS/node_modules/.pnpm/@vitest+runner@3.2.4/node_modules/@vitest/runner/dist/chunk-hooks.js:638:27)\n    at Object.<anonymous> (file:///Users/jamiecraik/.Cortex-OS/node_modules/.pnpm/@vitest+runner@3.2.4/node_modules/@vitest/runner/dist/chunk-hooks.js:662:16)\n    at Object.<anonymous> (file:///Users/jamiecraik/.Cortex-OS/node_modules/.pnpm/@vitest+runner@3.2.4/node_modules/@vitest/runner/dist/chunk-hooks.js:458:28)\n    at chain (file:///Users/jamiecraik/.Cortex-OS/node_modules/.pnpm/@vitest+runner@3.2.4/node_modules/@vitest/runner/dist/chunk-hooks.js:369:14)\n    at /Users/jamiecraik/.Cortex-OS/simple-tests/agent-isolation-sandbox.test.ts:134:3\n    at file:///Users/jamiecraik/.Cortex-OS/node_modules/.pnpm/@vitest+runner@3.2.4/node_modules/@vitest/runner/dist/chunk-hooks.js:734:40\n    at runWithSuite (file:///Users/jamiecraik/.Cortex-OS/node_modules/.pnpm/@vitest+runner@3.2.4/node_modules/@vitest/runner/dist/chunk-hooks.js:1849:8)\n    at Object.collect (file:///Users/jamiecraik/.Cortex-OS/node_modules/.pnpm/@vitest+runner@3.2.4/node_modules/@vitest/runner/dist/chunk-hooks.js:734:10)\n    at Object.collect (file:///Users/jamiecraik/.Cortex-OS/node_modules/.pnpm/@vitest+runner@3.2.4/node_modules/@vitest/runner/dist/chunk-hooks.js:738:54)\n    at processTicksAndRejections (node:internal/process/task_queues:105:5)\n    at collectTests (file:///Users/jamiecraik/.Cortex-OS/node_modules/.pnpm/@vitest+runner@3.2.4/node_modules/@vitest/runner/dist/chunk-hooks.js:1179:25)\n    at startTests (file:///Users/jamiecraik/.Cortex-OS/node_modules/.pnpm/@vitest+runner@3.2.4/node_modules/@vitest/runner/dist/chunk-hooks.js:1817:17)\n    at file:///Users/jamiecraik/.Cortex-OS/node_modules/.pnpm/vitest@3.2.4_@types+debug@4.1.12_@types+node@22.18.1_jiti@2.5.1_jsdom@26.1.0_less@4.4.1_fc52e3243c5d15e95ac93141b8aa2a29/node_modules/vitest/dist/chunks/runBaseTests.9Ij9_de-.js:117:26\n    at withEnv (file:///Users/jamiecraik/.Cortex-OS/node_modules/.pnpm/vitest@3.2.4_@types+debug@4.1.12_@types+node@22.18.1_jiti@2.5.1_jsdom@26.1.0_less@4.4.1_fc52e3243c5d15e95ac93141b8aa2a29/node_modules/vitest/dist/chunks/runBaseTests.9Ij9_de-.js:84:3)\n    at run (file:///Users/jamiecraik/.Cortex-OS/node_modules/.pnpm/vitest@3.2.4_@types+debug@4.1.12_@types+node@22.18.1_jiti@2.5.1_jsdom@26.1.0_less@4.4.1_fc52e3243c5d15e95ac93141b8aa2a29/node_modules/vitest/dist/chunks/runBaseTests.9Ij9_de-.js:109:2)"],"meta":{}},{"ancestorTitles":["Agent Isolation Sandbox TDD"],"fullName":"Agent Isolation Sandbox TDD should prevent dynamic evaluation (eval, Function) and audit","status":"failed","title":"should prevent dynamic evaluation (eval, Function) and audit","duration":5002.608916000001,"failureMessages":["Error: STACK_TRACE_ERROR\n    at task (file:///Users/jamiecraik/.Cortex-OS/node_modules/.pnpm/@vitest+runner@3.2.4/node_modules/@vitest/runner/dist/chunk-hooks.js:638:27)\n    at Object.<anonymous> (file:///Users/jamiecraik/.Cortex-OS/node_modules/.pnpm/@vitest+runner@3.2.4/node_modules/@vitest/runner/dist/chunk-hooks.js:662:16)\n    at Object.<anonymous> (file:///Users/jamiecraik/.Cortex-OS/node_modules/.pnpm/@vitest+runner@3.2.4/node_modules/@vitest/runner/dist/chunk-hooks.js:458:28)\n    at chain (file:///Users/jamiecraik/.Cortex-OS/node_modules/.pnpm/@vitest+runner@3.2.4/node_modules/@vitest/runner/dist/chunk-hooks.js:369:14)\n    at /Users/jamiecraik/.Cortex-OS/simple-tests/agent-isolation-sandbox.test.ts:155:3\n    at file:///Users/jamiecraik/.Cortex-OS/node_modules/.pnpm/@vitest+runner@3.2.4/node_modules/@vitest/runner/dist/chunk-hooks.js:734:40\n    at runWithSuite (file:///Users/jamiecraik/.Cortex-OS/node_modules/.pnpm/@vitest+runner@3.2.4/node_modules/@vitest/runner/dist/chunk-hooks.js:1849:8)\n    at Object.collect (file:///Users/jamiecraik/.Cortex-OS/node_modules/.pnpm/@vitest+runner@3.2.4/node_modules/@vitest/runner/dist/chunk-hooks.js:734:10)\n    at Object.collect (file:///Users/jamiecraik/.Cortex-OS/node_modules/.pnpm/@vitest+runner@3.2.4/node_modules/@vitest/runner/dist/chunk-hooks.js:738:54)\n    at processTicksAndRejections (node:internal/process/task_queues:105:5)\n    at collectTests (file:///Users/jamiecraik/.Cortex-OS/node_modules/.pnpm/@vitest+runner@3.2.4/node_modules/@vitest/runner/dist/chunk-hooks.js:1179:25)\n    at startTests (file:///Users/jamiecraik/.Cortex-OS/node_modules/.pnpm/@vitest+runner@3.2.4/node_modules/@vitest/runner/dist/chunk-hooks.js:1817:17)\n    at file:///Users/jamiecraik/.Cortex-OS/node_modules/.pnpm/vitest@3.2.4_@types+debug@4.1.12_@types+node@22.18.1_jiti@2.5.1_jsdom@26.1.0_less@4.4.1_fc52e3243c5d15e95ac93141b8aa2a29/node_modules/vitest/dist/chunks/runBaseTests.9Ij9_de-.js:117:26\n    at withEnv (file:///Users/jamiecraik/.Cortex-OS/node_modules/.pnpm/vitest@3.2.4_@types+debug@4.1.12_@types+node@22.18.1_jiti@2.5.1_jsdom@26.1.0_less@4.4.1_fc52e3243c5d15e95ac93141b8aa2a29/node_modules/vitest/dist/chunks/runBaseTests.9Ij9_de-.js:84:3)\n    at run (file:///Users/jamiecraik/.Cortex-OS/node_modules/.pnpm/vitest@3.2.4_@types+debug@4.1.12_@types+node@22.18.1_jiti@2.5.1_jsdom@26.1.0_less@4.4.1_fc52e3243c5d15e95ac93141b8aa2a29/node_modules/vitest/dist/chunks/runBaseTests.9Ij9_de-.js:109:2)"],"meta":{}},{"ancestorTitles":["Agent Isolation Sandbox TDD"],"fullName":"Agent Isolation Sandbox TDD should soft-fail when memory soft limit callback triggers","status":"failed","title":"should soft-fail when memory soft limit callback triggers","duration":5001.132792,"failureMessages":["Error: STACK_TRACE_ERROR\n    at task (file:///Users/jamiecraik/.Cortex-OS/node_modules/.pnpm/@vitest+runner@3.2.4/node_modules/@vitest/runner/dist/chunk-hooks.js:638:27)\n    at Object.<anonymous> (file:///Users/jamiecraik/.Cortex-OS/node_modules/.pnpm/@vitest+runner@3.2.4/node_modules/@vitest/runner/dist/chunk-hooks.js:662:16)\n    at Object.<anonymous> (file:///Users/jamiecraik/.Cortex-OS/node_modules/.pnpm/@vitest+runner@3.2.4/node_modules/@vitest/runner/dist/chunk-hooks.js:458:28)\n    at chain (file:///Users/jamiecraik/.Cortex-OS/node_modules/.pnpm/@vitest+runner@3.2.4/node_modules/@vitest/runner/dist/chunk-hooks.js:369:14)\n    at /Users/jamiecraik/.Cortex-OS/simple-tests/agent-isolation-sandbox.test.ts:178:3\n    at file:///Users/jamiecraik/.Cortex-OS/node_modules/.pnpm/@vitest+runner@3.2.4/node_modules/@vitest/runner/dist/chunk-hooks.js:734:40\n    at runWithSuite (file:///Users/jamiecraik/.Cortex-OS/node_modules/.pnpm/@vitest+runner@3.2.4/node_modules/@vitest/runner/dist/chunk-hooks.js:1849:8)\n    at Object.collect (file:///Users/jamiecraik/.Cortex-OS/node_modules/.pnpm/@vitest+runner@3.2.4/node_modules/@vitest/runner/dist/chunk-hooks.js:734:10)\n    at Object.collect (file:///Users/jamiecraik/.Cortex-OS/node_modules/.pnpm/@vitest+runner@3.2.4/node_modules/@vitest/runner/dist/chunk-hooks.js:738:54)\n    at processTicksAndRejections (node:internal/process/task_queues:105:5)\n    at collectTests (file:///Users/jamiecraik/.Cortex-OS/node_modules/.pnpm/@vitest+runner@3.2.4/node_modules/@vitest/runner/dist/chunk-hooks.js:1179:25)\n    at startTests (file:///Users/jamiecraik/.Cortex-OS/node_modules/.pnpm/@vitest+runner@3.2.4/node_modules/@vitest/runner/dist/chunk-hooks.js:1817:17)\n    at file:///Users/jamiecraik/.Cortex-OS/node_modules/.pnpm/vitest@3.2.4_@types+debug@4.1.12_@types+node@22.18.1_jiti@2.5.1_jsdom@26.1.0_less@4.4.1_fc52e3243c5d15e95ac93141b8aa2a29/node_modules/vitest/dist/chunks/runBaseTests.9Ij9_de-.js:117:26\n    at withEnv (file:///Users/jamiecraik/.Cortex-OS/node_modules/.pnpm/vitest@3.2.4_@types+debug@4.1.12_@types+node@22.18.1_jiti@2.5.1_jsdom@26.1.0_less@4.4.1_fc52e3243c5d15e95ac93141b8aa2a29/node_modules/vitest/dist/chunks/runBaseTests.9Ij9_de-.js:84:3)\n    at run (file:///Users/jamiecraik/.Cortex-OS/node_modules/.pnpm/vitest@3.2.4_@types+debug@4.1.12_@types+node@22.18.1_jiti@2.5.1_jsdom@26.1.0_less@4.4.1_fc52e3243c5d15e95ac93141b8aa2a29/node_modules/vitest/dist/chunks/runBaseTests.9Ij9_de-.js:109:2)"],"meta":{}},{"ancestorTitles":["Agent Isolation Sandbox TDD"],"fullName":"Agent Isolation Sandbox TDD should aggregate violations in sandbox result","status":"failed","title":"should aggregate violations in sandbox result","duration":5001.843667000001,"failureMessages":["Error: STACK_TRACE_ERROR\n    at task (file:///Users/jamiecraik/.Cortex-OS/node_modules/.pnpm/@vitest+runner@3.2.4/node_modules/@vitest/runner/dist/chunk-hooks.js:638:27)\n    at Object.<anonymous> (file:///Users/jamiecraik/.Cortex-OS/node_modules/.pnpm/@vitest+runner@3.2.4/node_modules/@vitest/runner/dist/chunk-hooks.js:662:16)\n    at Object.<anonymous> (file:///Users/jamiecraik/.Cortex-OS/node_modules/.pnpm/@vitest+runner@3.2.4/node_modules/@vitest/runner/dist/chunk-hooks.js:458:28)\n    at chain (file:///Users/jamiecraik/.Cortex-OS/node_modules/.pnpm/@vitest+runner@3.2.4/node_modules/@vitest/runner/dist/chunk-hooks.js:369:14)\n    at /Users/jamiecraik/.Cortex-OS/simple-tests/agent-isolation-sandbox.test.ts:202:3\n    at file:///Users/jamiecraik/.Cortex-OS/node_modules/.pnpm/@vitest+runner@3.2.4/node_modules/@vitest/runner/dist/chunk-hooks.js:734:40\n    at runWithSuite (file:///Users/jamiecraik/.Cortex-OS/node_modules/.pnpm/@vitest+runner@3.2.4/node_modules/@vitest/runner/dist/chunk-hooks.js:1849:8)\n    at Object.collect (file:///Users/jamiecraik/.Cortex-OS/node_modules/.pnpm/@vitest+runner@3.2.4/node_modules/@vitest/runner/dist/chunk-hooks.js:734:10)\n    at Object.collect (file:///Users/jamiecraik/.Cortex-OS/node_modules/.pnpm/@vitest+runner@3.2.4/node_modules/@vitest/runner/dist/chunk-hooks.js:738:54)\n    at processTicksAndRejections (node:internal/process/task_queues:105:5)\n    at collectTests (file:///Users/jamiecraik/.Cortex-OS/node_modules/.pnpm/@vitest+runner@3.2.4/node_modules/@vitest/runner/dist/chunk-hooks.js:1179:25)\n    at startTests (file:///Users/jamiecraik/.Cortex-OS/node_modules/.pnpm/@vitest+runner@3.2.4/node_modules/@vitest/runner/dist/chunk-hooks.js:1817:17)\n    at file:///Users/jamiecraik/.Cortex-OS/node_modules/.pnpm/vitest@3.2.4_@types+debug@4.1.12_@types+node@22.18.1_jiti@2.5.1_jsdom@26.1.0_less@4.4.1_fc52e3243c5d15e95ac93141b8aa2a29/node_modules/vitest/dist/chunks/runBaseTests.9Ij9_de-.js:117:26\n    at withEnv (file:///Users/jamiecraik/.Cortex-OS/node_modules/.pnpm/vitest@3.2.4_@types+debug@4.1.12_@types+node@22.18.1_jiti@2.5.1_jsdom@26.1.0_less@4.4.1_fc52e3243c5d15e95ac93141b8aa2a29/node_modules/vitest/dist/chunks/runBaseTests.9Ij9_de-.js:84:3)\n    at run (file:///Users/jamiecraik/.Cortex-OS/node_modules/.pnpm/vitest@3.2.4_@types+debug@4.1.12_@types+node@22.18.1_jiti@2.5.1_jsdom@26.1.0_less@4.4.1_fc52e3243c5d15e95ac93141b8aa2a29/node_modules/vitest/dist/chunks/runBaseTests.9Ij9_de-.js:109:2)"],"meta":{}}],"startTime":1757932284954,"endTime":1757932320051.8438,"status":"failed","message":"","name":"/Users/jamiecraik/.Cortex-OS/simple-tests/agent-isolation-sandbox.test.ts"}]}