{"numTotalTestSuites":8,"numPassedTestSuites":5,"numFailedTestSuites":3,"numPendingTestSuites":0,"numTotalTests":23,"numPassedTests":22,"numFailedTests":1,"numPendingTests":0,"numTodoTests":0,"snapshot":{"added":0,"failure":false,"filesAdded":0,"filesRemoved":0,"filesRemovedList":[],"filesUnmatched":0,"filesUpdated":0,"matched":0,"total":0,"unchecked":0,"uncheckedKeysByFile":[],"unmatched":0,"updated":0,"didUpdate":false},"startTime":1760132086562,"success":false,"testResults":[{"assertionResults":[{"ancestorTitles":["Server","Basic Server Operations"],"fullName":"Server Basic Server Operations should create a server with default capabilities","status":"passed","title":"should create a server with default capabilities","duration":1.149583000000007,"failureMessages":[],"meta":{}},{"ancestorTitles":["Server","Basic Server Operations"],"fullName":"Server Basic Server Operations should register tools successfully","status":"passed","title":"should register tools successfully","duration":0.9608749999999873,"failureMessages":[],"meta":{}},{"ancestorTitles":["Server","Basic Server Operations"],"fullName":"Server Basic Server Operations should register prompts successfully","status":"passed","title":"should register prompts successfully","duration":0.169083999999998,"failureMessages":[],"meta":{}},{"ancestorTitles":["Server","Basic Server Operations"],"fullName":"Server Basic Server Operations should register resources successfully","status":"passed","title":"should register resources successfully","duration":0.5349999999999966,"failureMessages":[],"meta":{}},{"ancestorTitles":["Server","Request Handling"],"fullName":"Server Request Handling should handle initialize request","status":"passed","title":"should handle initialize request","duration":0.3501250000000198,"failureMessages":[],"meta":{}},{"ancestorTitles":["Server","Request Handling"],"fullName":"Server Request Handling should handle tools/list request","status":"passed","title":"should handle tools/list request","duration":0.4506250000000023,"failureMessages":[],"meta":{}},{"ancestorTitles":["Server","Request Handling"],"fullName":"Server Request Handling should handle tools/call request","status":"passed","title":"should handle tools/call request","duration":0.959083000000021,"failureMessages":[],"meta":{}},{"ancestorTitles":["Server","Request Handling"],"fullName":"Server Request Handling should handle prompts/list request","status":"passed","title":"should handle prompts/list request","duration":0.4042910000000006,"failureMessages":[],"meta":{}},{"ancestorTitles":["Server","Request Handling"],"fullName":"Server Request Handling should handle resources/list request","status":"passed","title":"should handle resources/list request","duration":0.3411670000000129,"failureMessages":[],"meta":{}},{"ancestorTitles":["Server","Request Handling"],"fullName":"Server Request Handling should handle resources/subscribe request","status":"passed","title":"should handle resources/subscribe request","duration":0.21691700000002356,"failureMessages":[],"meta":{}},{"ancestorTitles":["Server","Error Handling"],"fullName":"Server Error Handling should handle unknown method with proper error","status":"passed","title":"should handle unknown method with proper error","duration":0.19879099999999994,"failureMessages":[],"meta":{}},{"ancestorTitles":["Server","Error Handling"],"fullName":"Server Error Handling should handle tools/call with missing tool name","status":"passed","title":"should handle tools/call with missing tool name","duration":0.08874999999997613,"failureMessages":[],"meta":{}},{"ancestorTitles":["Server","Error Handling"],"fullName":"Server Error Handling should handle tools/call with non-existent tool","status":"passed","title":"should handle tools/call with non-existent tool","duration":0.07695899999998801,"failureMessages":[],"meta":{}},{"ancestorTitles":["Server","Error Handling"],"fullName":"Server Error Handling should handle prompts/get with missing prompt name","status":"passed","title":"should handle prompts/get with missing prompt name","duration":0.087791999999979,"failureMessages":[],"meta":{}},{"ancestorTitles":["Server","Error Handling"],"fullName":"Server Error Handling should handle resources/read with missing URI","status":"passed","title":"should handle resources/read with missing URI","duration":0.28395799999998417,"failureMessages":[],"meta":{}},{"ancestorTitles":["Server","Error Handling"],"fullName":"Server Error Handling should handle resources/subscribe with missing URI","status":"passed","title":"should handle resources/subscribe with missing URI","duration":0.07770800000000122,"failureMessages":[],"meta":{}},{"ancestorTitles":["Server","Statistics and Monitoring"],"fullName":"Server Statistics and Monitoring should provide accurate statistics","status":"passed","title":"should provide accurate statistics","duration":0.1408749999999941,"failureMessages":[],"meta":{}},{"ancestorTitles":["Server","Statistics and Monitoring"],"fullName":"Server Statistics and Monitoring should track request count","status":"passed","title":"should track request count","duration":0.10508300000000759,"failureMessages":[],"meta":{}},{"ancestorTitles":["Server","Structured Logging"],"fullName":"Server Structured Logging should log structured events with brAInwav branding","status":"failed","title":"should log structured events with brAInwav branding","duration":2.2873749999999973,"failureMessages":["AssertionError: expected \"log\" to be called with arguments: [ StringContaining{…} ]\u001b[90m\n\nNumber of calls: \u001b[1m0\u001b[22m\n\u001b[39m\n    at Proxy.<anonymous> (file:///Users/jamiecraik/.Cortex-OS/node_modules/.pnpm/@vitest+expect@3.2.4/node_modules/@vitest/expect/dist/index.js:1355:10)\n    at Proxy.<anonymous> (file:///Users/jamiecraik/.Cortex-OS/node_modules/.pnpm/@vitest+expect@3.2.4/node_modules/@vitest/expect/dist/index.js:1029:14)\n    at Proxy.methodWrapper (file:///Users/jamiecraik/.Cortex-OS/node_modules/.pnpm/chai@5.3.3/node_modules/chai/index.js:1686:25)\n    at /Users/jamiecraik/.Cortex-OS/packages/mcp/src/__tests__/server.test.ts:329:23\n    at file:///Users/jamiecraik/.Cortex-OS/node_modules/.pnpm/@vitest+runner@3.2.4/node_modules/@vitest/runner/dist/chunk-hooks.js:155:11\n    at file:///Users/jamiecraik/.Cortex-OS/node_modules/.pnpm/@vitest+runner@3.2.4/node_modules/@vitest/runner/dist/chunk-hooks.js:752:26\n    at file:///Users/jamiecraik/.Cortex-OS/node_modules/.pnpm/@vitest+runner@3.2.4/node_modules/@vitest/runner/dist/chunk-hooks.js:1897:20\n    at new Promise (<anonymous>)\n    at runWithTimeout (file:///Users/jamiecraik/.Cortex-OS/node_modules/.pnpm/@vitest+runner@3.2.4/node_modules/@vitest/runner/dist/chunk-hooks.js:1863:10)\n    at runTest (file:///Users/jamiecraik/.Cortex-OS/node_modules/.pnpm/@vitest+runner@3.2.4/node_modules/@vitest/runner/dist/chunk-hooks.js:1574:12)"],"meta":{}},{"ancestorTitles":["Server","Edge Cases"],"fullName":"Server Edge Cases should handle empty tools list","status":"passed","title":"should handle empty tools list","duration":0.10954200000000469,"failureMessages":[],"meta":{}},{"ancestorTitles":["Server","Edge Cases"],"fullName":"Server Edge Cases should handle empty prompts list","status":"passed","title":"should handle empty prompts list","duration":0.10187500000000682,"failureMessages":[],"meta":{}},{"ancestorTitles":["Server","Edge Cases"],"fullName":"Server Edge Cases should handle empty resources list","status":"passed","title":"should handle empty resources list","duration":0.06879200000000196,"failureMessages":[],"meta":{}},{"ancestorTitles":["Server","Edge Cases"],"fullName":"Server Edge Cases should handle request without ID","status":"passed","title":"should handle request without ID","duration":0.07437500000000341,"failureMessages":[],"meta":{}}],"startTime":1760132086780,"endTime":1760132086790.0745,"status":"failed","message":"","name":"/Users/jamiecraik/.Cortex-OS/packages/mcp/src/__tests__/server.test.ts"}]}