{"numTotalTestSuites":240,"numPassedTestSuites":202,"numFailedTestSuites":38,"numPendingTestSuites":0,"numTotalTests":362,"numPassedTests":324,"numFailedTests":36,"numPendingTests":2,"numTodoTests":0,"snapshot":{"added":0,"failure":false,"filesAdded":0,"filesRemoved":0,"filesRemovedList":[],"filesUnmatched":0,"filesUpdated":0,"matched":0,"total":0,"unchecked":0,"uncheckedKeysByFile":[],"unmatched":0,"updated":0,"didUpdate":false},"startTime":1759441013225,"success":false,"testResults":[{"assertionResults":[{"ancestorTitles":["Agent Isolation Sandbox TDD"],"fullName":"Agent Isolation Sandbox TDD should allow reading files only from allowed paths","status":"passed","title":"should allow reading files only from allowed paths","duration":37.145250000000004,"failureMessages":[],"meta":{}},{"ancestorTitles":["Agent Isolation Sandbox TDD"],"fullName":"Agent Isolation Sandbox TDD should block reading files outside allowed paths and emit audit event","status":"passed","title":"should block reading files outside allowed paths and emit audit event","duration":13.802375000000012,"failureMessages":[],"meta":{}},{"ancestorTitles":["Agent Isolation Sandbox TDD"],"fullName":"Agent Isolation Sandbox TDD should allow network requests to allowlisted domains and block others","status":"passed","title":"should allow network requests to allowlisted domains and block others","duration":27.36687500000002,"failureMessages":[],"meta":{}},{"ancestorTitles":["Agent Isolation Sandbox TDD"],"fullName":"Agent Isolation Sandbox TDD should enforce max execution time and terminate long-running code","status":"passed","title":"should enforce max execution time and terminate long-running code","duration":1.318125000000009,"failureMessages":[],"meta":{}},{"ancestorTitles":["Agent Isolation Sandbox TDD"],"fullName":"Agent Isolation Sandbox TDD should prevent dynamic evaluation (eval, Function) and audit","status":"passed","title":"should prevent dynamic evaluation (eval, Function) and audit","duration":12.488624999999985,"failureMessages":[],"meta":{}},{"ancestorTitles":["Agent Isolation Sandbox TDD"],"fullName":"Agent Isolation Sandbox TDD should soft-fail when memory soft limit callback triggers","status":"passed","title":"should soft-fail when memory soft limit callback triggers","duration":12.997333000000026,"failureMessages":[],"meta":{}},{"ancestorTitles":["Agent Isolation Sandbox TDD"],"fullName":"Agent Isolation Sandbox TDD should aggregate violations in sandbox result","status":"passed","title":"should aggregate violations in sandbox result","duration":13.746916999999996,"failureMessages":[],"meta":{}},{"ancestorTitles":["Agent Isolation Sandbox TDD"],"fullName":"Agent Isolation Sandbox TDD should include violation codes for each recorded violation","status":"passed","title":"should include violation codes for each recorded violation","duration":12.623708999999963,"failureMessages":[],"meta":{}},{"ancestorTitles":["Agent Isolation Sandbox TDD"],"fullName":"Agent Isolation Sandbox TDD should abort when violation threshold reached","status":"passed","title":"should abort when violation threshold reached","duration":12.611458000000027,"failureMessages":[],"meta":{}},{"ancestorTitles":["Agent Isolation Sandbox TDD"],"fullName":"Agent Isolation Sandbox TDD should deny path traversal attempts and audit","status":"passed","title":"should deny path traversal attempts and audit","duration":12.263040999999987,"failureMessages":[],"meta":{}},{"ancestorTitles":["Agent Isolation Sandbox TDD"],"fullName":"Agent Isolation Sandbox TDD should audit serialization errors when return value cannot be cloned","status":"passed","title":"should audit serialization errors when return value cannot be cloned","duration":19.94145800000001,"failureMessages":[],"meta":{}},{"ancestorTitles":["Agent Isolation Sandbox TDD"],"fullName":"Agent Isolation Sandbox TDD should prevent reuse after dispose","status":"passed","title":"should prevent reuse after dispose","duration":15.408458999999993,"failureMessages":[],"meta":{}},{"ancestorTitles":["Agent Isolation Sandbox TDD"],"fullName":"Agent Isolation Sandbox TDD should capture multiple distinct violation types in one run (network + memory)","status":"passed","title":"should capture multiple distinct violation types in one run (network + memory)","duration":12.709957999999972,"failureMessages":[],"meta":{}}],"startTime":1759441041529,"endTime":1759441041733.71,"status":"passed","message":"","name":"/Users/jamiecraik/.Cortex-OS/simple-tests/agent-isolation-sandbox.test.ts"},{"assertionResults":[{"ancestorTitles":["Agent Resource Constraints","Resource limit configuration"],"fullName":"Agent Resource Constraints Resource limit configuration should set and validate resource limits","status":"passed","title":"should set and validate resource limits","duration":1.306207999999998,"failureMessages":[],"meta":{}},{"ancestorTitles":["Agent Resource Constraints","Resource limit configuration"],"fullName":"Agent Resource Constraints Resource limit configuration should reject invalid resource limits","status":"passed","title":"should reject invalid resource limits","duration":0.21162499999999795,"failureMessages":[],"meta":{}},{"ancestorTitles":["Agent Resource Constraints","Resource limit configuration"],"fullName":"Agent Resource Constraints Resource limit configuration should provide reasonable defaults when not configured","status":"passed","title":"should provide reasonable defaults when not configured","duration":0.3514590000000055,"failureMessages":[],"meta":{}},{"ancestorTitles":["Agent Resource Constraints","Memory constraint enforcement"],"fullName":"Agent Resource Constraints Memory constraint enforcement should track memory usage during operations","status":"passed","title":"should track memory usage during operations","duration":1.3442919999999958,"failureMessages":[],"meta":{}},{"ancestorTitles":["Agent Resource Constraints","Memory constraint enforcement"],"fullName":"Agent Resource Constraints Memory constraint enforcement should prevent operations that exceed memory limits","status":"passed","title":"should prevent operations that exceed memory limits","duration":12.492041,"failureMessages":[],"meta":{}},{"ancestorTitles":["Agent Resource Constraints","Execution time constraints"],"fullName":"Agent Resource Constraints Execution time constraints should enforce timeout limits","status":"passed","title":"should enforce timeout limits","duration":0.7508339999999976,"failureMessages":[],"meta":{}},{"ancestorTitles":["Agent Resource Constraints","Execution time constraints"],"fullName":"Agent Resource Constraints Execution time constraints should allow operations within time limits","status":"passed","title":"should allow operations within time limits","duration":0.21741600000000005,"failureMessages":[],"meta":{}},{"ancestorTitles":["Agent Resource Constraints","Execution time constraints"],"fullName":"Agent Resource Constraints Execution time constraints should use custom timeout when specified","status":"passed","title":"should use custom timeout when specified","duration":0.18995900000000177,"failureMessages":[],"meta":{}},{"ancestorTitles":["Agent Resource Constraints","Resource compliance checking"],"fullName":"Agent Resource Constraints Resource compliance checking should report compliant resource usage","status":"passed","title":"should report compliant resource usage","duration":0.8975420000000014,"failureMessages":[],"meta":{}},{"ancestorTitles":["Agent Resource Constraints","Resource compliance checking"],"fullName":"Agent Resource Constraints Resource compliance checking should detect resource violations","status":"passed","title":"should detect resource violations","duration":0.22008300000000247,"failureMessages":[],"meta":{}},{"ancestorTitles":["Agent Resource Constraints","Resource compliance checking"],"fullName":"Agent Resource Constraints Resource compliance checking should classify violation severity correctly","status":"passed","title":"should classify violation severity correctly","duration":0.1267920000000089,"failureMessages":[],"meta":{}},{"ancestorTitles":["Agent Resource Constraints","Resource request validation"],"fullName":"Agent Resource Constraints Resource request validation should validate reasonable resource requests","status":"passed","title":"should validate reasonable resource requests","duration":0.07458400000000154,"failureMessages":[],"meta":{}},{"ancestorTitles":["Agent Resource Constraints","Resource request validation"],"fullName":"Agent Resource Constraints Resource request validation should reject excessive resource requests","status":"passed","title":"should reject excessive resource requests","duration":0.05725000000001046,"failureMessages":[],"meta":{}},{"ancestorTitles":["Agent Resource Constraints","Resource request validation"],"fullName":"Agent Resource Constraints Resource request validation should handle partial resource requests","status":"passed","title":"should handle partial resource requests","duration":0.05299999999999727,"failureMessages":[],"meta":{}},{"ancestorTitles":["Agent Resource Constraints","Integration scenarios"],"fullName":"Agent Resource Constraints Integration scenarios should handle multiple concurrent resource constraints","status":"passed","title":"should handle multiple concurrent resource constraints","duration":1.540417000000005,"failureMessages":[],"meta":{}},{"ancestorTitles":["Agent Resource Constraints","Integration scenarios"],"fullName":"Agent Resource Constraints Integration scenarios should provide actionable recommendations for resource optimization","status":"passed","title":"should provide actionable recommendations for resource optimization","duration":0.23750000000001137,"failureMessages":[],"meta":{}}],"startTime":1759441042317,"endTime":1759441042337.2375,"status":"passed","message":"","name":"/Users/jamiecraik/.Cortex-OS/simple-tests/agent-resource-constraints.test.ts"},{"assertionResults":[{"ancestorTitles":["agent selection helpers"],"fullName":"agent selection helpers buildAgentPrompt structures task details","status":"passed","title":"buildAgentPrompt structures task details","duration":0.4649169999999998,"failureMessages":[],"meta":{}},{"ancestorTitles":["agent selection helpers"],"fullName":"agent selection helpers parseAgentSelection chooses mentioned agent","status":"passed","title":"parseAgentSelection chooses mentioned agent","duration":0.20083300000000293,"failureMessages":[],"meta":{}},{"ancestorTitles":["agent selection helpers"],"fullName":"agent selection helpers parseAgentSelection defaults to first agent when none mentioned","status":"passed","title":"parseAgentSelection defaults to first agent when none mentioned","duration":0.068916999999999,"failureMessages":[],"meta":{}}],"startTime":1759441049373,"endTime":1759441049374.0688,"status":"passed","message":"","name":"/Users/jamiecraik/.Cortex-OS/simple-tests/agent-selection.test.ts"},{"assertionResults":[{"ancestorTitles":["Audit Event Schema Validation","Schema validation"],"fullName":"Audit Event Schema Validation Schema validation should validate a complete audit event schema","status":"passed","title":"should validate a complete audit event schema","duration":1.519915999999995,"failureMessages":[],"meta":{}},{"ancestorTitles":["Audit Event Schema Validation","Schema validation"],"fullName":"Audit Event Schema Validation Schema validation should reject event with invalid actor type","status":"passed","title":"should reject event with invalid actor type","duration":0.38016700000000014,"failureMessages":[],"meta":{}},{"ancestorTitles":["Audit Event Schema Validation","Schema validation"],"fullName":"Audit Event Schema Validation Schema validation should require mandatory fields","status":"passed","title":"should require mandatory fields","duration":0.11437499999999545,"failureMessages":[],"meta":{}},{"ancestorTitles":["Audit Event Schema Validation","Schema validation"],"fullName":"Audit Event Schema Validation Schema validation should validate timestamp format","status":"passed","title":"should validate timestamp format","duration":0.12033300000000224,"failureMessages":[],"meta":{}},{"ancestorTitles":["Audit Event Schema Validation","Schema validation"],"fullName":"Audit Event Schema Validation Schema validation should validate outcome enum values","status":"passed","title":"should validate outcome enum values","duration":0.09537499999999,"failureMessages":[],"meta":{}},{"ancestorTitles":["Audit Event Schema Validation","Event creation"],"fullName":"Audit Event Schema Validation Event creation should create audit event with generated id and timestamp","status":"passed","title":"should create audit event with generated id and timestamp","duration":0.2825420000000065,"failureMessages":[],"meta":{}},{"ancestorTitles":["Audit Event Schema Validation","Event creation"],"fullName":"Audit Event Schema Validation Event creation should create event with optional metadata","status":"passed","title":"should create event with optional metadata","duration":0.08045799999999304,"failureMessages":[],"meta":{}},{"ancestorTitles":["Audit Event Schema Validation","Data redaction"],"fullName":"Audit Event Schema Validation Data redaction should redact sensitive fields from event details","status":"passed","title":"should redact sensitive fields from event details","duration":0.5364160000000027,"failureMessages":[],"meta":{}},{"ancestorTitles":["Audit Event Schema Validation","Data redaction"],"fullName":"Audit Event Schema Validation Data redaction should handle nested field redaction","status":"passed","title":"should handle nested field redaction","duration":0.1233749999999958,"failureMessages":[],"meta":{}},{"ancestorTitles":["Audit Event Schema Validation","Event formatting and utilities"],"fullName":"Audit Event Schema Validation Event formatting and utilities should format event for structured logging","status":"passed","title":"should format event for structured logging","duration":0.11024999999999352,"failureMessages":[],"meta":{}},{"ancestorTitles":["Audit Event Schema Validation","Event formatting and utilities"],"fullName":"Audit Event Schema Validation Event formatting and utilities should identify high severity events","status":"passed","title":"should identify high severity events","duration":0.049875000000000114,"failureMessages":[],"meta":{}},{"ancestorTitles":["Audit Event Schema Validation","Integration with CloudEvents"],"fullName":"Audit Event Schema Validation Integration with CloudEvents should be compatible with CloudEvents format","status":"passed","title":"should be compatible with CloudEvents format","duration":0.04983299999999247,"failureMessages":[],"meta":{}}],"startTime":1759441043004,"endTime":1759441043008.1233,"status":"passed","message":"","name":"/Users/jamiecraik/.Cortex-OS/simple-tests/audit-event-schema.test.ts"},{"assertionResults":[{"ancestorTitles":["basic math"],"fullName":"basic math adds numbers correctly","status":"passed","title":"adds numbers correctly","duration":0.4519999999999982,"failureMessages":[],"meta":{}}],"startTime":1759441050824,"endTime":1759441050824.452,"status":"passed","message":"","name":"/Users/jamiecraik/.Cortex-OS/simple-tests/basic.test.ts"},{"assertionResults":[{"ancestorTitles":[],"fullName":"kernel package builds successfully with nx","status":"failed","title":"kernel package builds successfully with nx","duration":5003.5244170000005,"failureMessages":["Error: STACK_TRACE_ERROR\n    at task (file:///Users/jamiecraik/.Cortex-OS/node_modules/.pnpm/@vitest+runner@3.2.4/node_modules/@vitest/runner/dist/chunk-hooks.js:638:27)\n    at Object.<anonymous> (file:///Users/jamiecraik/.Cortex-OS/node_modules/.pnpm/@vitest+runner@3.2.4/node_modules/@vitest/runner/dist/chunk-hooks.js:662:16)\n    at Object.<anonymous> (file:///Users/jamiecraik/.Cortex-OS/node_modules/.pnpm/@vitest+runner@3.2.4/node_modules/@vitest/runner/dist/chunk-hooks.js:458:28)\n    at chain (file:///Users/jamiecraik/.Cortex-OS/node_modules/.pnpm/@vitest+runner@3.2.4/node_modules/@vitest/runner/dist/chunk-hooks.js:369:14)\n    at /Users/jamiecraik/.Cortex-OS/simple-tests/build-configuration.test.ts:4:1\n    at processTicksAndRejections (node:internal/process/task_queues:105:5)\n    at VitestExecutor.runModule (file:///Users/jamiecraik/.Cortex-OS/node_modules/.pnpm/vite-node@3.2.4_@types+node@22.18.1_jiti@2.5.1_less@4.4.1_lightningcss@1.30.1_sass-embe_dd32fe90d005fba40e89eba604f9caed/node_modules/vite-node/dist/client.mjs:397:4)\n    at VitestExecutor.directRequest (file:///Users/jamiecraik/.Cortex-OS/node_modules/.pnpm/vite-node@3.2.4_@types+node@22.18.1_jiti@2.5.1_less@4.4.1_lightningcss@1.30.1_sass-embe_dd32fe90d005fba40e89eba604f9caed/node_modules/vite-node/dist/client.mjs:375:3)\n    at VitestExecutor.cachedRequest (file:///Users/jamiecraik/.Cortex-OS/node_modules/.pnpm/vite-node@3.2.4_@types+node@22.18.1_jiti@2.5.1_less@4.4.1_lightningcss@1.30.1_sass-embe_dd32fe90d005fba40e89eba604f9caed/node_modules/vite-node/dist/client.mjs:189:11)\n    at VitestExecutor.executeId (file:///Users/jamiecraik/.Cortex-OS/node_modules/.pnpm/vite-node@3.2.4_@types+node@22.18.1_jiti@2.5.1_less@4.4.1_lightningcss@1.30.1_sass-embe_dd32fe90d005fba40e89eba604f9caed/node_modules/vite-node/dist/client.mjs:166:10)\n    at collectTests (file:///Users/jamiecraik/.Cortex-OS/node_modules/.pnpm/@vitest+runner@3.2.4/node_modules/@vitest/runner/dist/chunk-hooks.js:1174:4)\n    at startTests (file:///Users/jamiecraik/.Cortex-OS/node_modules/.pnpm/@vitest+runner@3.2.4/node_modules/@vitest/runner/dist/chunk-hooks.js:1817:17)\n    at file:///Users/jamiecraik/.Cortex-OS/node_modules/.pnpm/vitest@3.2.4_@types+debug@4.1.12_@types+node@22.18.1_jiti@2.5.1_jsdom@26.1.0_less@4.4.1_807274a4dd064c584def40f900d006e5/node_modules/vitest/dist/chunks/runBaseTests.9Ij9_de-.js:117:26\n    at withEnv (file:///Users/jamiecraik/.Cortex-OS/node_modules/.pnpm/vitest@3.2.4_@types+debug@4.1.12_@types+node@22.18.1_jiti@2.5.1_jsdom@26.1.0_less@4.4.1_807274a4dd064c584def40f900d006e5/node_modules/vitest/dist/chunks/runBaseTests.9Ij9_de-.js:84:3)\n    at run (file:///Users/jamiecraik/.Cortex-OS/node_modules/.pnpm/vitest@3.2.4_@types+debug@4.1.12_@types+node@22.18.1_jiti@2.5.1_jsdom@26.1.0_less@4.4.1_807274a4dd064c584def40f900d006e5/node_modules/vitest/dist/chunks/runBaseTests.9Ij9_de-.js:109:2)"],"meta":{}}],"startTime":1759441029210,"endTime":1759441034213.5244,"status":"failed","message":"","name":"/Users/jamiecraik/.Cortex-OS/simple-tests/build-configuration.test.ts"},{"assertionResults":[{"ancestorTitles":[],"fullName":"a2a-contracts outbox-types export works","status":"failed","title":"a2a-contracts outbox-types export works","duration":3.5825829999999996,"failureMessages":["Error: Cannot find package '@cortex-os/a2a-contracts' imported from '/Users/jamiecraik/.Cortex-OS/simple-tests/build-progress-validation.test.ts'\n    at VitestExecutor._fetchModule (file:///Users/jamiecraik/.Cortex-OS/node_modules/.pnpm/vite-node@3.2.4_@types+node@22.18.1_jiti@2.5.1_less@4.4.1_lightningcss@1.30.1_sass-embe_dd32fe90d005fba40e89eba604f9caed/node_modules/vite-node/dist/client.mjs:247:19)\n    at processTicksAndRejections (node:internal/process/task_queues:105:5)\n    at VitestExecutor.directRequest (file:///Users/jamiecraik/.Cortex-OS/node_modules/.pnpm/vite-node@3.2.4_@types+node@22.18.1_jiti@2.5.1_less@4.4.1_lightningcss@1.30.1_sass-embe_dd32fe90d005fba40e89eba604f9caed/node_modules/vite-node/dist/client.mjs:268:44)\n    at VitestExecutor.cachedRequest (file:///Users/jamiecraik/.Cortex-OS/node_modules/.pnpm/vite-node@3.2.4_@types+node@22.18.1_jiti@2.5.1_less@4.4.1_lightningcss@1.30.1_sass-embe_dd32fe90d005fba40e89eba604f9caed/node_modules/vite-node/dist/client.mjs:189:11)\n    at VitestExecutor.dependencyRequest (file:///Users/jamiecraik/.Cortex-OS/node_modules/.pnpm/vite-node@3.2.4_@types+node@22.18.1_jiti@2.5.1_less@4.4.1_lightningcss@1.30.1_sass-embe_dd32fe90d005fba40e89eba604f9caed/node_modules/vite-node/dist/client.mjs:239:10)\n    at /Users/jamiecraik/.Cortex-OS/simple-tests/build-progress-validation.test.ts:7:34\n    at file:///Users/jamiecraik/.Cortex-OS/node_modules/.pnpm/@vitest+runner@3.2.4/node_modules/@vitest/runner/dist/chunk-hooks.js:752:20"],"meta":{}},{"ancestorTitles":[],"fullName":"a2a-contracts envelope export works","status":"failed","title":"a2a-contracts envelope export works","duration":0.2442090000000121,"failureMessages":["Error: Cannot find package '@cortex-os/a2a-contracts' imported from '/Users/jamiecraik/.Cortex-OS/simple-tests/build-progress-validation.test.ts'\n    at VitestExecutor._fetchModule (file:///Users/jamiecraik/.Cortex-OS/node_modules/.pnpm/vite-node@3.2.4_@types+node@22.18.1_jiti@2.5.1_less@4.4.1_lightningcss@1.30.1_sass-embe_dd32fe90d005fba40e89eba604f9caed/node_modules/vite-node/dist/client.mjs:247:19)\n    at processTicksAndRejections (node:internal/process/task_queues:105:5)\n    at VitestExecutor.directRequest (file:///Users/jamiecraik/.Cortex-OS/node_modules/.pnpm/vite-node@3.2.4_@types+node@22.18.1_jiti@2.5.1_less@4.4.1_lightningcss@1.30.1_sass-embe_dd32fe90d005fba40e89eba604f9caed/node_modules/vite-node/dist/client.mjs:268:44)\n    at VitestExecutor.cachedRequest (file:///Users/jamiecraik/.Cortex-OS/node_modules/.pnpm/vite-node@3.2.4_@types+node@22.18.1_jiti@2.5.1_less@4.4.1_lightningcss@1.30.1_sass-embe_dd32fe90d005fba40e89eba604f9caed/node_modules/vite-node/dist/client.mjs:189:11)\n    at VitestExecutor.dependencyRequest (file:///Users/jamiecraik/.Cortex-OS/node_modules/.pnpm/vite-node@3.2.4_@types+node@22.18.1_jiti@2.5.1_less@4.4.1_lightningcss@1.30.1_sass-embe_dd32fe90d005fba40e89eba604f9caed/node_modules/vite-node/dist/client.mjs:239:10)\n    at /Users/jamiecraik/.Cortex-OS/simple-tests/build-progress-validation.test.ts:7:34\n    at file:///Users/jamiecraik/.Cortex-OS/node_modules/.pnpm/@vitest+runner@3.2.4/node_modules/@vitest/runner/dist/chunk-hooks.js:752:20"],"meta":{}},{"ancestorTitles":[],"fullName":"kernel package exports work","status":"failed","title":"kernel package exports work","duration":0.6049579999999963,"failureMessages":["Error: Cannot find package '@cortex-os/kernel' imported from '/Users/jamiecraik/.Cortex-OS/simple-tests/build-progress-validation.test.ts'\n    at VitestExecutor._fetchModule (file:///Users/jamiecraik/.Cortex-OS/node_modules/.pnpm/vite-node@3.2.4_@types+node@22.18.1_jiti@2.5.1_less@4.4.1_lightningcss@1.30.1_sass-embe_dd32fe90d005fba40e89eba604f9caed/node_modules/vite-node/dist/client.mjs:247:19)\n    at processTicksAndRejections (node:internal/process/task_queues:105:5)\n    at VitestExecutor.directRequest (file:///Users/jamiecraik/.Cortex-OS/node_modules/.pnpm/vite-node@3.2.4_@types+node@22.18.1_jiti@2.5.1_less@4.4.1_lightningcss@1.30.1_sass-embe_dd32fe90d005fba40e89eba604f9caed/node_modules/vite-node/dist/client.mjs:268:44)\n    at VitestExecutor.cachedRequest (file:///Users/jamiecraik/.Cortex-OS/node_modules/.pnpm/vite-node@3.2.4_@types+node@22.18.1_jiti@2.5.1_less@4.4.1_lightningcss@1.30.1_sass-embe_dd32fe90d005fba40e89eba604f9caed/node_modules/vite-node/dist/client.mjs:189:11)\n    at VitestExecutor.dependencyRequest (file:///Users/jamiecraik/.Cortex-OS/node_modules/.pnpm/vite-node@3.2.4_@types+node@22.18.1_jiti@2.5.1_less@4.4.1_lightningcss@1.30.1_sass-embe_dd32fe90d005fba40e89eba604f9caed/node_modules/vite-node/dist/client.mjs:239:10)\n    at /Users/jamiecraik/.Cortex-OS/simple-tests/build-progress-validation.test.ts:24:27\n    at file:///Users/jamiecraik/.Cortex-OS/node_modules/.pnpm/@vitest+runner@3.2.4/node_modules/@vitest/runner/dist/chunk-hooks.js:752:20"],"meta":{}},{"ancestorTitles":[],"fullName":"TypeScript config allows proper module resolution","status":"passed","title":"TypeScript config allows proper module resolution","duration":0.20554099999999664,"failureMessages":[],"meta":{}}],"startTime":1759441039616,"endTime":1759441039620.605,"status":"failed","message":"","name":"/Users/jamiecraik/.Cortex-OS/simple-tests/build-progress-validation.test.ts"},{"assertionResults":[{"ancestorTitles":["codex eval gate CLI smoke"],"fullName":"codex eval gate CLI smoke prints ok:true JSON","status":"passed","title":"prints ok:true JSON","duration":0.40491600000000005,"failureMessages":[],"meta":{}}],"startTime":1759441049266,"endTime":1759441049266.405,"status":"passed","message":"","name":"/Users/jamiecraik/.Cortex-OS/simple-tests/codex-eval-gate.smoke.test.ts"},{"assertionResults":[{"ancestorTitles":["codex rag eval CLI smoke"],"fullName":"codex rag eval CLI smoke prints ok:true JSON","status":"passed","title":"prints ok:true JSON","duration":0.4136660000000063,"failureMessages":[],"meta":{}}],"startTime":1759441050360,"endTime":1759441050360.4136,"status":"passed","message":"","name":"/Users/jamiecraik/.Cortex-OS/simple-tests/codex-rag-eval.smoke.test.ts"},{"assertionResults":[{"ancestorTitles":["gateByConfidence"],"fullName":"gateByConfidence flags when confidence below threshold","status":"passed","title":"flags when confidence below threshold","duration":0.4162910000000011,"failureMessages":[],"meta":{}},{"ancestorTitles":["gateByConfidence"],"fullName":"gateByConfidence allows when confidence meets threshold","status":"passed","title":"allows when confidence meets threshold","duration":0.0589999999999975,"failureMessages":[],"meta":{}}],"startTime":1759441050479,"endTime":1759441050480.059,"status":"passed","message":"","name":"/Users/jamiecraik/.Cortex-OS/simple-tests/confidence-gate.test.ts"},{"assertionResults":[{"ancestorTitles":["createPRPOrchestrationEngine"],"fullName":"createPRPOrchestrationEngine parses configuration overrides","status":"passed","title":"parses configuration overrides","duration":0.6977919999999926,"failureMessages":[],"meta":{}}],"startTime":1759441049713,"endTime":1759441049713.6978,"status":"passed","message":"","name":"/Users/jamiecraik/.Cortex-OS/simple-tests/create-prp-orchestration-engine.test.ts"},{"assertionResults":[{"ancestorTitles":["Egress Policy Validation","Schema validation"],"fullName":"Egress Policy Validation Schema validation should validate a complete egress policy schema","status":"passed","title":"should validate a complete egress policy schema","duration":1.1834999999999951,"failureMessages":[],"meta":{}},{"ancestorTitles":["Egress Policy Validation","Schema validation"],"fullName":"Egress Policy Validation Schema validation should reject policy with invalid defaultAction","status":"passed","title":"should reject policy with invalid defaultAction","duration":0.3902920000000023,"failureMessages":[],"meta":{}},{"ancestorTitles":["Egress Policy Validation","Schema validation"],"fullName":"Egress Policy Validation Schema validation should require version field","status":"passed","title":"should require version field","duration":0.11158299999999599,"failureMessages":[],"meta":{}},{"ancestorTitles":["Egress Policy Validation","Schema validation"],"fullName":"Egress Policy Validation Schema validation should validate endpoint URL format","status":"passed","title":"should validate endpoint URL format","duration":0.12300000000000466,"failureMessages":[],"meta":{}},{"ancestorTitles":["Egress Policy Validation","Policy enforcement"],"fullName":"Egress Policy Validation Policy enforcement should deny by default when no allowlist matches","status":"passed","title":"should deny by default when no allowlist matches","duration":0.09966699999999662,"failureMessages":[],"meta":{}},{"ancestorTitles":["Egress Policy Validation","Policy enforcement"],"fullName":"Egress Policy Validation Policy enforcement should allow requests to allowlisted domains","status":"passed","title":"should allow requests to allowlisted domains","duration":0.0456659999999971,"failureMessages":[],"meta":{}},{"ancestorTitles":["Egress Policy Validation","Policy enforcement"],"fullName":"Egress Policy Validation Policy enforcement should allow specific endpoint with method restriction","status":"passed","title":"should allow specific endpoint with method restriction","duration":0.0432920000000081,"failureMessages":[],"meta":{}},{"ancestorTitles":["Egress Policy Validation","Policy enforcement"],"fullName":"Egress Policy Validation Policy enforcement should apply custom rules over default allowlist","status":"passed","title":"should apply custom rules over default allowlist","duration":0.109375,"failureMessages":[],"meta":{}},{"ancestorTitles":["Egress Policy Validation","Integration with structure guard"],"fullName":"Egress Policy Validation Integration with structure guard should integrate with existing policy schema","status":"passed","title":"should integrate with existing policy schema","duration":0.07979199999999764,"failureMessages":[],"meta":{}}],"startTime":1759441044074,"endTime":1759441044077.1094,"status":"passed","message":"","name":"/Users/jamiecraik/.Cortex-OS/simple-tests/egress-policy-validation.test.ts"},{"assertionResults":[],"startTime":1759441013225,"endTime":1759441013225,"status":"failed","message":"Cannot find module '../../src/lib/embed' imported from '/Users/jamiecraik/.Cortex-OS/simple-tests/embed.test.ts'","name":"/Users/jamiecraik/.Cortex-OS/simple-tests/embed.test.ts"},{"assertionResults":[{"ancestorTitles":["Environment Configuration Validation","Schema validation"],"fullName":"Environment Configuration Validation Schema validation should validate a complete environment configuration","status":"passed","title":"should validate a complete environment configuration","duration":1.289833999999999,"failureMessages":[],"meta":{}},{"ancestorTitles":["Environment Configuration Validation","Schema validation"],"fullName":"Environment Configuration Validation Schema validation should reject configuration with invalid node environment","status":"passed","title":"should reject configuration with invalid node environment","duration":0.31554200000000776,"failureMessages":[],"meta":{}},{"ancestorTitles":["Environment Configuration Validation","Schema validation"],"fullName":"Environment Configuration Validation Schema validation should require mandatory fields","status":"passed","title":"should require mandatory fields","duration":0.17333299999999952,"failureMessages":[],"meta":{}},{"ancestorTitles":["Environment Configuration Validation","Schema validation"],"fullName":"Environment Configuration Validation Schema validation should validate port range","status":"passed","title":"should validate port range","duration":0.19687500000000568,"failureMessages":[],"meta":{}},{"ancestorTitles":["Environment Configuration Validation","Schema validation"],"fullName":"Environment Configuration Validation Schema validation should validate log level enum","status":"passed","title":"should validate log level enum","duration":0.10087500000000205,"failureMessages":[],"meta":{}},{"ancestorTitles":["Environment Configuration Validation","Security configuration validation"],"fullName":"Environment Configuration Validation Security configuration validation should validate security settings","status":"passed","title":"should validate security settings","duration":0.3761250000000018,"failureMessages":[],"meta":{}},{"ancestorTitles":["Environment Configuration Validation","Security configuration validation"],"fullName":"Environment Configuration Validation Security configuration validation should reject invalid origin URLs","status":"passed","title":"should reject invalid origin URLs","duration":0.18362500000000637,"failureMessages":[],"meta":{}},{"ancestorTitles":["Environment Configuration Validation","Security configuration validation"],"fullName":"Environment Configuration Validation Security configuration validation should validate session timeout range","status":"passed","title":"should validate session timeout range","duration":0.14004100000001074,"failureMessages":[],"meta":{}},{"ancestorTitles":["Environment Configuration Validation","Database configuration validation"],"fullName":"Environment Configuration Validation Database configuration validation should validate database configuration","status":"passed","title":"should validate database configuration","duration":0.14424999999999955,"failureMessages":[],"meta":{}},{"ancestorTitles":["Environment Configuration Validation","Database configuration validation"],"fullName":"Environment Configuration Validation Database configuration validation should reject invalid database URL format","status":"passed","title":"should reject invalid database URL format","duration":0.11575000000000557,"failureMessages":[],"meta":{}},{"ancestorTitles":["Environment Configuration Validation","Database configuration validation"],"fullName":"Environment Configuration Validation Database configuration validation should validate SSL mode enum","status":"passed","title":"should validate SSL mode enum","duration":0.09329200000000526,"failureMessages":[],"meta":{}},{"ancestorTitles":["Environment Configuration Validation","Environment loading from process.env"],"fullName":"Environment Configuration Validation Environment loading from process.env should load configuration from environment variables","status":"passed","title":"should load configuration from environment variables","duration":0.4578329999999937,"failureMessages":[],"meta":{}},{"ancestorTitles":["Environment Configuration Validation","Environment loading from process.env"],"fullName":"Environment Configuration Validation Environment loading from process.env should apply default values for missing environment variables","status":"passed","title":"should apply default values for missing environment variables","duration":0.07904199999998696,"failureMessages":[],"meta":{}},{"ancestorTitles":["Environment Configuration Validation","Environment loading from process.env"],"fullName":"Environment Configuration Validation Environment loading from process.env should throw error for invalid environment variable values","status":"passed","title":"should throw error for invalid environment variable values","duration":0.10099999999999909,"failureMessages":[],"meta":{}},{"ancestorTitles":["Environment Configuration Validation","Configuration security checks"],"fullName":"Environment Configuration Validation Configuration security checks should detect insecure configurations in production","status":"passed","title":"should detect insecure configurations in production","duration":0.3539170000000098,"failureMessages":[],"meta":{}},{"ancestorTitles":["Environment Configuration Validation","Configuration security checks"],"fullName":"Environment Configuration Validation Configuration security checks should not warn about development-appropriate settings","status":"passed","title":"should not warn about development-appropriate settings","duration":0.1232079999999911,"failureMessages":[],"meta":{}},{"ancestorTitles":["Environment Configuration Validation","Configuration security checks"],"fullName":"Environment Configuration Validation Configuration security checks should validate required secrets in production","status":"passed","title":"should validate required secrets in production","duration":0.06462499999999238,"failureMessages":[],"meta":{}},{"ancestorTitles":["Environment Configuration Validation","Configuration utilities"],"fullName":"Environment Configuration Validation Configuration utilities should merge configurations with precedence","status":"passed","title":"should merge configurations with precedence","duration":0.07595799999999997,"failureMessages":[],"meta":{}},{"ancestorTitles":["Environment Configuration Validation","Configuration utilities"],"fullName":"Environment Configuration Validation Configuration utilities should redact sensitive information when converting to string","status":"passed","title":"should redact sensitive information when converting to string","duration":0.289709000000002,"failureMessages":[],"meta":{}}],"startTime":1759441042874,"endTime":1759441042878.354,"status":"passed","message":"","name":"/Users/jamiecraik/.Cortex-OS/simple-tests/env-config-validation.test.ts"},{"assertionResults":[],"startTime":1759441013225,"endTime":1759441013225,"status":"failed","message":"Cannot find package '@typescript-eslint/rule-tester' imported from '/Users/jamiecraik/.Cortex-OS/simple-tests/eslint-structure-guard-rule.test.ts'","name":"/Users/jamiecraik/.Cortex-OS/simple-tests/eslint-structure-guard-rule.test.ts"},{"assertionResults":[{"ancestorTitles":["estimateTokenCount"],"fullName":"estimateTokenCount roughly estimates one token per four characters","status":"passed","title":"roughly estimates one token per four characters","duration":0.4918750000000074,"failureMessages":[],"meta":{}}],"startTime":1759441050713,"endTime":1759441050713.492,"status":"passed","message":"","name":"/Users/jamiecraik/.Cortex-OS/simple-tests/estimate-token-count.test.ts"},{"assertionResults":[{"ancestorTitles":["eval gate CLI smoke"],"fullName":"eval gate CLI smoke runs and emits JSON with outcomes","status":"skipped","title":"runs and emits JSON with outcomes","failureMessages":[],"meta":{}}],"startTime":1759441013225,"endTime":1759441013225,"status":"passed","message":"","name":"/Users/jamiecraik/.Cortex-OS/simple-tests/eval-gate.smoke.test.ts"},{"assertionResults":[{"ancestorTitles":["Evidence Schema Validation TDD","Evidence Event Schema"],"fullName":"Evidence Schema Validation TDD Evidence Event Schema should validate minimal evidence event","status":"passed","title":"should validate minimal evidence event","duration":9.313457999999997,"failureMessages":[],"meta":{}},{"ancestorTitles":["Evidence Schema Validation TDD","Evidence Event Schema"],"fullName":"Evidence Schema Validation TDD Evidence Event Schema should validate complex evidence event with attachments","status":"passed","title":"should validate complex evidence event with attachments","duration":0.4102500000000049,"failureMessages":[],"meta":{}},{"ancestorTitles":["Evidence Schema Validation TDD","Evidence Event Schema"],"fullName":"Evidence Schema Validation TDD Evidence Event Schema should reject evidence event with invalid CloudEvents structure","status":"passed","title":"should reject evidence event with invalid CloudEvents structure","duration":0.32850000000000534,"failureMessages":[],"meta":{}},{"ancestorTitles":["Evidence Schema Validation TDD","Evidence Event Schema"],"fullName":"Evidence Schema Validation TDD Evidence Event Schema should reject evidence with invalid confidence score","status":"passed","title":"should reject evidence with invalid confidence score","duration":0.5357079999999996,"failureMessages":[],"meta":{}},{"ancestorTitles":["Evidence Schema Validation TDD","Citation Validation"],"fullName":"Evidence Schema Validation TDD Citation Validation should validate documentation citation","status":"passed","title":"should validate documentation citation","duration":0.31612499999999955,"failureMessages":[],"meta":{}},{"ancestorTitles":["Evidence Schema Validation TDD","Citation Validation"],"fullName":"Evidence Schema Validation TDD Citation Validation should validate academic citation with additional fields","status":"passed","title":"should validate academic citation with additional fields","duration":0.267083999999997,"failureMessages":[],"meta":{}},{"ancestorTitles":["Evidence Schema Validation TDD","Citation Validation"],"fullName":"Evidence Schema Validation TDD Citation Validation should reject citation with invalid URL","status":"passed","title":"should reject citation with invalid URL","duration":0.2152499999999975,"failureMessages":[],"meta":{}},{"ancestorTitles":["Evidence Schema Validation TDD","Citation Validation"],"fullName":"Evidence Schema Validation TDD Citation Validation should require snippet for documentation citations","status":"passed","title":"should require snippet for documentation citations","duration":0.3165830000000085,"failureMessages":[],"meta":{}},{"ancestorTitles":["Evidence Schema Validation TDD","Evidence Level Classification"],"fullName":"Evidence Schema Validation TDD Evidence Level Classification should validate evidence levels","status":"passed","title":"should validate evidence levels","duration":0.14620800000000145,"failureMessages":[],"meta":{}},{"ancestorTitles":["Evidence Schema Validation TDD","Evidence Level Classification"],"fullName":"Evidence Schema Validation TDD Evidence Level Classification should reject invalid evidence levels","status":"passed","title":"should reject invalid evidence levels","duration":0.14100000000000534,"failureMessages":[],"meta":{}},{"ancestorTitles":["Evidence Schema Validation TDD","Evidence Attachment Validation"],"fullName":"Evidence Schema Validation TDD Evidence Attachment Validation should validate code snippet attachment","status":"passed","title":"should validate code snippet attachment","duration":0.1598330000000061,"failureMessages":[],"meta":{}},{"ancestorTitles":["Evidence Schema Validation TDD","Evidence Attachment Validation"],"fullName":"Evidence Schema Validation TDD Evidence Attachment Validation should validate image attachment","status":"passed","title":"should validate image attachment","duration":0.10124999999999318,"failureMessages":[],"meta":{}},{"ancestorTitles":["Evidence Schema Validation TDD","Evidence Attachment Validation"],"fullName":"Evidence Schema Validation TDD Evidence Attachment Validation should reject attachment with invalid checksum format","status":"passed","title":"should reject attachment with invalid checksum format","duration":0.10833399999999926,"failureMessages":[],"meta":{}},{"ancestorTitles":["Evidence Schema Validation TDD","Evidence Event Creation"],"fullName":"Evidence Schema Validation TDD Evidence Event Creation should create valid evidence event with auto-generated fields","status":"passed","title":"should create valid evidence event with auto-generated fields","duration":0.4327910000000088,"failureMessages":[],"meta":{}},{"ancestorTitles":["Evidence Schema Validation TDD","Evidence Event Creation"],"fullName":"Evidence Schema Validation TDD Evidence Event Creation should preserve custom traceparent in created events","status":"passed","title":"should preserve custom traceparent in created events","duration":0.07608299999999701,"failureMessages":[],"meta":{}},{"ancestorTitles":["Evidence Schema Validation TDD","Citation Bundle Management"],"fullName":"Evidence Schema Validation TDD Citation Bundle Management should create citation bundle with deduplication","status":"passed","title":"should create citation bundle with deduplication","duration":0.3028750000000002,"failureMessages":[],"meta":{}},{"ancestorTitles":["Evidence Schema Validation TDD","Citation Bundle Management"],"fullName":"Evidence Schema Validation TDD Citation Bundle Management should sort citations by relevance and confidence","status":"passed","title":"should sort citations by relevance and confidence","duration":0.09116699999999867,"failureMessages":[],"meta":{}},{"ancestorTitles":["Evidence Schema Validation TDD","Evidence Freshness Tracking"],"fullName":"Evidence Schema Validation TDD Evidence Freshness Tracking should calculate evidence freshness correctly","status":"passed","title":"should calculate evidence freshness correctly","duration":0.2833749999999924,"failureMessages":[],"meta":{}},{"ancestorTitles":["Evidence Schema Validation TDD","Evidence Freshness Tracking"],"fullName":"Evidence Schema Validation TDD Evidence Freshness Tracking should handle evidence without timestamps","status":"passed","title":"should handle evidence without timestamps","duration":0.08429200000000492,"failureMessages":[],"meta":{}},{"ancestorTitles":["Evidence Schema Validation TDD","Integration with CloudEvents"],"fullName":"Evidence Schema Validation TDD Integration with CloudEvents should serialize evidence event to CloudEvents format","status":"passed","title":"should serialize evidence event to CloudEvents format","duration":0.11395799999999667,"failureMessages":[],"meta":{}},{"ancestorTitles":["Evidence Schema Validation TDD","Integration with CloudEvents"],"fullName":"Evidence Schema Validation TDD Integration with CloudEvents should deserialize CloudEvents format to evidence event","status":"passed","title":"should deserialize CloudEvents format to evidence event","duration":0.11525000000000318,"failureMessages":[],"meta":{}}],"startTime":1759441042598,"endTime":1759441042612.1152,"status":"passed","message":"","name":"/Users/jamiecraik/.Cortex-OS/simple-tests/evidence-schema-validation.test.ts"},{"assertionResults":[{"ancestorTitles":["createGenerate"],"fullName":"createGenerate uses MLX when healthy","status":"passed","title":"uses MLX when healthy","duration":0.8893330000000077,"failureMessages":[],"meta":{}},{"ancestorTitles":["createGenerate"],"fullName":"createGenerate falls back to Ollama when MLX unhealthy","status":"passed","title":"falls back to Ollama when MLX unhealthy","duration":0.09866600000000858,"failureMessages":[],"meta":{}}],"startTime":1759441047248,"endTime":1759441047249.0986,"status":"passed","message":"","name":"/Users/jamiecraik/.Cortex-OS/simple-tests/generate.test.ts"},{"assertionResults":[{"ancestorTitles":["history"],"fullName":"history does not exceed MAX_HISTORY entries","status":"passed","title":"does not exceed MAX_HISTORY entries","duration":0.5685840000000013,"failureMessages":[],"meta":{}}],"startTime":1759441049966,"endTime":1759441049966.5686,"status":"passed","message":"","name":"/Users/jamiecraik/.Cortex-OS/simple-tests/history.test.ts"},{"assertionResults":[{"ancestorTitles":["ingest validation"],"fullName":"ingest validation parses valid input","status":"passed","title":"parses valid input","duration":0.897041999999999,"failureMessages":[],"meta":{}},{"ancestorTitles":["ingest validation"],"fullName":"ingest validation throws on invalid input","status":"passed","title":"throws on invalid input","duration":0.4433750000000032,"failureMessages":[],"meta":{}}],"startTime":1759441046877,"endTime":1759441046878.4434,"status":"passed","message":"","name":"/Users/jamiecraik/.Cortex-OS/simple-tests/ingest.test.ts"},{"assertionResults":[{"ancestorTitles":[],"fullName":"kernel package builds without invalid flag errors","status":"failed","title":"kernel package builds without invalid flag errors","duration":1765.248042,"failureMessages":["AssertionError: expected 2 to be +0 // Object.is equality\n    at /Users/jamiecraik/.Cortex-OS/simple-tests/kernel-build.test.ts:25:19\n    at processTicksAndRejections (node:internal/process/task_queues:105:5)\n    at file:///Users/jamiecraik/.Cortex-OS/node_modules/.pnpm/@vitest+runner@3.2.4/node_modules/@vitest/runner/dist/chunk-hooks.js:752:20"],"meta":{}}],"startTime":1759441034404,"endTime":1759441036169.248,"status":"failed","message":"","name":"/Users/jamiecraik/.Cortex-OS/simple-tests/kernel-build.test.ts"},{"assertionResults":[{"ancestorTitles":[],"fullName":"kernel package compiles without TypeScript errors","status":"failed","title":"kernel package compiles without TypeScript errors","duration":876.6882499999999,"failureMessages":["AssertionError: expected 1 to be +0 // Object.is equality\n    at /Users/jamiecraik/.Cortex-OS/simple-tests/kernel-compilation.test.ts:25:19\n    at file:///Users/jamiecraik/.Cortex-OS/node_modules/.pnpm/@vitest+runner@3.2.4/node_modules/@vitest/runner/dist/chunk-hooks.js:752:20"],"meta":{}}],"startTime":1759441037560,"endTime":1759441038436.6882,"status":"failed","message":"","name":"/Users/jamiecraik/.Cortex-OS/simple-tests/kernel-compilation.test.ts"},{"assertionResults":[{"ancestorTitles":["Kernel Types Definition"],"fullName":"Kernel Types Definition should define Neuron interface locally to break circular dependency","status":"passed","title":"should define Neuron interface locally to break circular dependency","duration":0.45983300000000327,"failureMessages":[],"meta":{}}],"startTime":1759441049834,"endTime":1759441049834.4597,"status":"passed","message":"","name":"/Users/jamiecraik/.Cortex-OS/simple-tests/kernel-types.test.ts"},{"assertionResults":[{"ancestorTitles":["evaluateResponses"],"fullName":"evaluateResponses computes metrics and pass status","status":"passed","title":"computes metrics and pass status","duration":1.5462080000000071,"failureMessages":[],"meta":{}}],"startTime":1759441047129,"endTime":1759441047130.5461,"status":"passed","message":"","name":"/Users/jamiecraik/.Cortex-OS/simple-tests/llm-metrics.test.ts"},{"assertionResults":[{"ancestorTitles":["MCP Status Validator (simple)"],"fullName":"MCP Status Validator (simple) pings endpoint and validates listed tools","status":"passed","title":"pings endpoint and validates listed tools","duration":11.550083,"failureMessages":[],"meta":{}}],"startTime":1759441041881,"endTime":1759441041892.55,"status":"passed","message":"","name":"/Users/jamiecraik/.Cortex-OS/simple-tests/mcp-status.test.ts"},{"assertionResults":[{"ancestorTitles":["MCP Tool Allowlist Validation","Schema validation"],"fullName":"MCP Tool Allowlist Validation Schema validation should validate a complete MCP tool policy schema","status":"passed","title":"should validate a complete MCP tool policy schema","duration":1.2135419999999897,"failureMessages":[],"meta":{}},{"ancestorTitles":["MCP Tool Allowlist Validation","Schema validation"],"fullName":"MCP Tool Allowlist Validation Schema validation should reject policy with invalid defaultAction","status":"passed","title":"should reject policy with invalid defaultAction","duration":0.3192500000000109,"failureMessages":[],"meta":{}},{"ancestorTitles":["MCP Tool Allowlist Validation","Schema validation"],"fullName":"MCP Tool Allowlist Validation Schema validation should require version field","status":"passed","title":"should require version field","duration":0.10058300000000031,"failureMessages":[],"meta":{}},{"ancestorTitles":["MCP Tool Allowlist Validation","Schema validation"],"fullName":"MCP Tool Allowlist Validation Schema validation should validate tool name format","status":"passed","title":"should validate tool name format","duration":0.10175000000000978,"failureMessages":[],"meta":{}},{"ancestorTitles":["MCP Tool Allowlist Validation","Schema validation"],"fullName":"MCP Tool Allowlist Validation Schema validation should validate required scopes format","status":"passed","title":"should validate required scopes format","duration":0.10829200000000583,"failureMessages":[],"meta":{}},{"ancestorTitles":["MCP Tool Allowlist Validation","Tool access control"],"fullName":"MCP Tool Allowlist Validation Tool access control should deny by default when tool is not in allowlist","status":"passed","title":"should deny by default when tool is not in allowlist","duration":0.1806669999999997,"failureMessages":[],"meta":{}},{"ancestorTitles":["MCP Tool Allowlist Validation","Tool access control"],"fullName":"MCP Tool Allowlist Validation Tool access control should allow tools explicitly in allowlist","status":"passed","title":"should allow tools explicitly in allowlist","duration":0.036000000000001364,"failureMessages":[],"meta":{}},{"ancestorTitles":["MCP Tool Allowlist Validation","Tool access control"],"fullName":"MCP Tool Allowlist Validation Tool access control should enforce scope requirements","status":"passed","title":"should enforce scope requirements","duration":0.0659169999999989,"failureMessages":[],"meta":{}},{"ancestorTitles":["MCP Tool Allowlist Validation","Tool access control"],"fullName":"MCP Tool Allowlist Validation Tool access control should enforce rate limiting","status":"passed","title":"should enforce rate limiting","duration":0.0716250000000116,"failureMessages":[],"meta":{}},{"ancestorTitles":["MCP Tool Allowlist Validation","Tool access control"],"fullName":"MCP Tool Allowlist Validation Tool access control should respect denylist patterns","status":"passed","title":"should respect denylist patterns","duration":0.1726669999999899,"failureMessages":[],"meta":{}},{"ancestorTitles":["MCP Tool Allowlist Validation","Tool access control"],"fullName":"MCP Tool Allowlist Validation Tool access control should allow tools in categories","status":"passed","title":"should allow tools in categories","duration":0.04979200000001072,"failureMessages":[],"meta":{}},{"ancestorTitles":["MCP Tool Allowlist Validation","Error handling and reporting"],"fullName":"MCP Tool Allowlist Validation Error handling and reporting should provide structured violation errors","status":"passed","title":"should provide structured violation errors","duration":0.2976249999999965,"failureMessages":[],"meta":{}},{"ancestorTitles":["MCP Tool Allowlist Validation","Error handling and reporting"],"fullName":"MCP Tool Allowlist Validation Error handling and reporting should handle policy not loaded error","status":"passed","title":"should handle policy not loaded error","duration":0.07687500000000114,"failureMessages":[],"meta":{}},{"ancestorTitles":["MCP Tool Allowlist Validation","Integration with existing policies"],"fullName":"MCP Tool Allowlist Validation Integration with existing policies should integrate with structure guard policy","status":"passed","title":"should integrate with structure guard policy","duration":0.08587500000000148,"failureMessages":[],"meta":{}}],"startTime":1759441043366,"endTime":1759441043369.086,"status":"passed","message":"","name":"/Users/jamiecraik/.Cortex-OS/simple-tests/mcp-tool-allowlist.test.ts"},{"assertionResults":[],"startTime":1759441013225,"endTime":1759441013225,"status":"failed","message":"Cannot find package '@cortex-os/mvp-core' imported from '/Users/jamiecraik/.Cortex-OS/src/lib/model-provider.ts'","name":"/Users/jamiecraik/.Cortex-OS/simple-tests/model-provider.test.ts"},{"assertionResults":[{"ancestorTitles":["ModelRouter initialization"],"fullName":"ModelRouter initialization initializes models for all capabilities when providers available","status":"passed","title":"initializes models for all capabilities when providers available","duration":27.520875000000018,"failureMessages":[],"meta":{}},{"ancestorTitles":["ModelRouter initialization"],"fullName":"ModelRouter initialization detects unavailable mlx provider for embeddings","status":"passed","title":"detects unavailable mlx provider for embeddings","duration":0.736582999999996,"failureMessages":[],"meta":{}},{"ancestorTitles":["ModelRouter initialization"],"fullName":"ModelRouter initialization handles embedding generation with type safety","status":"passed","title":"handles embedding generation with type safety","duration":0.9900829999999985,"failureMessages":[],"meta":{}},{"ancestorTitles":["ModelRouter initialization"],"fullName":"ModelRouter initialization handles batch embedding generation","status":"passed","title":"handles batch embedding generation","duration":3.133166999999986,"failureMessages":[],"meta":{}},{"ancestorTitles":["ModelRouter initialization"],"fullName":"ModelRouter initialization handles chat generation with proper interface","status":"failed","title":"handles chat generation with proper interface","duration":0.9300000000000068,"failureMessages":["Error: All chat models failed. Last error: MLX chat not routed via gateway\n    at ModelRouter.generateChat (/Users/jamiecraik/.Cortex-OS/packages/model-gateway/src/model-router.ts:657:10)\n    at processTicksAndRejections (node:internal/process/task_queues:105:5)\n    at /Users/jamiecraik/.Cortex-OS/simple-tests/model-router.test.ts:95:18\n    at file:///Users/jamiecraik/.Cortex-OS/node_modules/.pnpm/@vitest+runner@3.2.4/node_modules/@vitest/runner/dist/chunk-hooks.js:752:20"],"meta":{}},{"ancestorTitles":["ModelRouter fallback behavior"],"fullName":"ModelRouter fallback behavior falls back to available provider when primary is unavailable","status":"passed","title":"falls back to available provider when primary is unavailable","duration":0.3068749999999909,"failureMessages":[],"meta":{}}],"startTime":1759441039038,"endTime":1759441039071.307,"status":"failed","message":"","name":"/Users/jamiecraik/.Cortex-OS/simple-tests/model-router.test.ts"},{"assertionResults":[{"ancestorTitles":["Repository does not import @cortex-os/memories"],"fullName":"Repository does not import @cortex-os/memories fails when active code imports legacy memories package","status":"failed","title":"fails when active code imports legacy memories package","duration":10523.469791000001,"failureMessages":["Error: STACK_TRACE_ERROR\n    at task (file:///Users/jamiecraik/.Cortex-OS/node_modules/.pnpm/@vitest+runner@3.2.4/node_modules/@vitest/runner/dist/chunk-hooks.js:638:27)\n    at Object.<anonymous> (file:///Users/jamiecraik/.Cortex-OS/node_modules/.pnpm/@vitest+runner@3.2.4/node_modules/@vitest/runner/dist/chunk-hooks.js:662:16)\n    at Object.<anonymous> (file:///Users/jamiecraik/.Cortex-OS/node_modules/.pnpm/@vitest+runner@3.2.4/node_modules/@vitest/runner/dist/chunk-hooks.js:458:28)\n    at chain (file:///Users/jamiecraik/.Cortex-OS/node_modules/.pnpm/@vitest+runner@3.2.4/node_modules/@vitest/runner/dist/chunk-hooks.js:369:14)\n    at /Users/jamiecraik/.Cortex-OS/simple-tests/no-memories-import.test.ts:76:2\n    at file:///Users/jamiecraik/.Cortex-OS/node_modules/.pnpm/@vitest+runner@3.2.4/node_modules/@vitest/runner/dist/chunk-hooks.js:734:40\n    at runWithSuite (file:///Users/jamiecraik/.Cortex-OS/node_modules/.pnpm/@vitest+runner@3.2.4/node_modules/@vitest/runner/dist/chunk-hooks.js:1849:8)\n    at Object.collect (file:///Users/jamiecraik/.Cortex-OS/node_modules/.pnpm/@vitest+runner@3.2.4/node_modules/@vitest/runner/dist/chunk-hooks.js:734:10)\n    at Object.collect (file:///Users/jamiecraik/.Cortex-OS/node_modules/.pnpm/@vitest+runner@3.2.4/node_modules/@vitest/runner/dist/chunk-hooks.js:738:54)\n    at processTicksAndRejections (node:internal/process/task_queues:105:5)\n    at collectTests (file:///Users/jamiecraik/.Cortex-OS/node_modules/.pnpm/@vitest+runner@3.2.4/node_modules/@vitest/runner/dist/chunk-hooks.js:1179:25)\n    at startTests (file:///Users/jamiecraik/.Cortex-OS/node_modules/.pnpm/@vitest+runner@3.2.4/node_modules/@vitest/runner/dist/chunk-hooks.js:1817:17)\n    at file:///Users/jamiecraik/.Cortex-OS/node_modules/.pnpm/vitest@3.2.4_@types+debug@4.1.12_@types+node@22.18.1_jiti@2.5.1_jsdom@26.1.0_less@4.4.1_807274a4dd064c584def40f900d006e5/node_modules/vitest/dist/chunks/runBaseTests.9Ij9_de-.js:117:26\n    at withEnv (file:///Users/jamiecraik/.Cortex-OS/node_modules/.pnpm/vitest@3.2.4_@types+debug@4.1.12_@types+node@22.18.1_jiti@2.5.1_jsdom@26.1.0_less@4.4.1_807274a4dd064c584def40f900d006e5/node_modules/vitest/dist/chunks/runBaseTests.9Ij9_de-.js:84:3)\n    at run (file:///Users/jamiecraik/.Cortex-OS/node_modules/.pnpm/vitest@3.2.4_@types+debug@4.1.12_@types+node@22.18.1_jiti@2.5.1_jsdom@26.1.0_less@4.4.1_807274a4dd064c584def40f900d006e5/node_modules/vitest/dist/chunks/runBaseTests.9Ij9_de-.js:109:2)"],"meta":{}}],"startTime":1759441013362,"endTime":1759441023885.4697,"status":"failed","message":"","name":"/Users/jamiecraik/.Cortex-OS/simple-tests/no-memories-import.test.ts"},{"assertionResults":[{"ancestorTitles":["Package Dependencies Resolution"],"fullName":"Package Dependencies Resolution should be able to import @cortex-os/kernel from prp-runner","status":"failed","title":"should be able to import @cortex-os/kernel from prp-runner","duration":2.9480840000000086,"failureMessages":["Error: Cannot find package '@cortex-os/kernel' imported from '/Users/jamiecraik/.Cortex-OS/simple-tests/package-dependencies.test.ts'\n    at VitestExecutor._fetchModule (file:///Users/jamiecraik/.Cortex-OS/node_modules/.pnpm/vite-node@3.2.4_@types+node@22.18.1_jiti@2.5.1_less@4.4.1_lightningcss@1.30.1_sass-embe_dd32fe90d005fba40e89eba604f9caed/node_modules/vite-node/dist/client.mjs:247:19)\n    at processTicksAndRejections (node:internal/process/task_queues:105:5)\n    at VitestExecutor.directRequest (file:///Users/jamiecraik/.Cortex-OS/node_modules/.pnpm/vite-node@3.2.4_@types+node@22.18.1_jiti@2.5.1_less@4.4.1_lightningcss@1.30.1_sass-embe_dd32fe90d005fba40e89eba604f9caed/node_modules/vite-node/dist/client.mjs:268:44)\n    at VitestExecutor.cachedRequest (file:///Users/jamiecraik/.Cortex-OS/node_modules/.pnpm/vite-node@3.2.4_@types+node@22.18.1_jiti@2.5.1_less@4.4.1_lightningcss@1.30.1_sass-embe_dd32fe90d005fba40e89eba604f9caed/node_modules/vite-node/dist/client.mjs:189:11)\n    at VitestExecutor.dependencyRequest (file:///Users/jamiecraik/.Cortex-OS/node_modules/.pnpm/vite-node@3.2.4_@types+node@22.18.1_jiti@2.5.1_less@4.4.1_lightningcss@1.30.1_sass-embe_dd32fe90d005fba40e89eba604f9caed/node_modules/vite-node/dist/client.mjs:239:10)\n    at /Users/jamiecraik/.Cortex-OS/simple-tests/package-dependencies.test.ts:12:19\n    at file:///Users/jamiecraik/.Cortex-OS/node_modules/.pnpm/@vitest+runner@3.2.4/node_modules/@vitest/runner/dist/chunk-hooks.js:752:20"],"meta":{}}],"startTime":1759441039738,"endTime":1759441039740.948,"status":"failed","message":"","name":"/Users/jamiecraik/.Cortex-OS/simple-tests/package-dependencies.test.ts"},{"assertionResults":[{"ancestorTitles":["Policy Composition Validation TDD","Basic Policy Composition"],"fullName":"Policy Composition Validation TDD Basic Policy Composition should validate compatible policies without conflicts","status":"passed","title":"should validate compatible policies without conflicts","duration":13.067959000000002,"failureMessages":[],"meta":{}},{"ancestorTitles":["Policy Composition Validation TDD","Basic Policy Composition"],"fullName":"Policy Composition Validation TDD Basic Policy Composition should detect conflicting policies","status":"passed","title":"should detect conflicting policies","duration":0.7391250000000014,"failureMessages":[],"meta":{}},{"ancestorTitles":["Policy Composition Validation TDD","Basic Policy Composition"],"fullName":"Policy Composition Validation TDD Basic Policy Composition should validate empty composition","status":"passed","title":"should validate empty composition","duration":0.28487499999999955,"failureMessages":[],"meta":{}},{"ancestorTitles":["Policy Composition Validation TDD","Policy Hierarchy Management"],"fullName":"Policy Composition Validation TDD Policy Hierarchy Management should create valid policy hierarchy","status":"passed","title":"should create valid policy hierarchy","duration":0.2730420000000038,"failureMessages":[],"meta":{}},{"ancestorTitles":["Policy Composition Validation TDD","Policy Hierarchy Management"],"fullName":"Policy Composition Validation TDD Policy Hierarchy Management should resolve policy conflicts using hierarchy","status":"passed","title":"should resolve policy conflicts using hierarchy","duration":0.23520800000000008,"failureMessages":[],"meta":{}},{"ancestorTitles":["Policy Composition Validation TDD","Policy Hierarchy Management"],"fullName":"Policy Composition Validation TDD Policy Hierarchy Management should handle unresolvable conflicts","status":"passed","title":"should handle unresolvable conflicts","duration":0.16158300000000736,"failureMessages":[],"meta":{}},{"ancestorTitles":["Policy Composition Validation TDD","Policy Conflict Detection"],"fullName":"Policy Composition Validation TDD Policy Conflict Detection should detect permission conflicts","status":"passed","title":"should detect permission conflicts","duration":0.3801249999999925,"failureMessages":[],"meta":{}},{"ancestorTitles":["Policy Composition Validation TDD","Policy Conflict Detection"],"fullName":"Policy Composition Validation TDD Policy Conflict Detection should detect scope overlaps","status":"passed","title":"should detect scope overlaps","duration":0.4370409999999936,"failureMessages":[],"meta":{}},{"ancestorTitles":["Policy Composition Validation TDD","Policy Conflict Detection"],"fullName":"Policy Composition Validation TDD Policy Conflict Detection should ignore compatible policy combinations","status":"passed","title":"should ignore compatible policy combinations","duration":0.195083000000011,"failureMessages":[],"meta":{}},{"ancestorTitles":["Policy Composition Validation TDD","Policy Merging and Combination"],"fullName":"Policy Composition Validation TDD Policy Merging and Combination should merge compatible policies","status":"passed","title":"should merge compatible policies","duration":0.28920800000000213,"failureMessages":[],"meta":{}},{"ancestorTitles":["Policy Composition Validation TDD","Policy Merging and Combination"],"fullName":"Policy Composition Validation TDD Policy Merging and Combination should merge with intersection strategy","status":"passed","title":"should merge with intersection strategy","duration":0.1472079999999778,"failureMessages":[],"meta":{}},{"ancestorTitles":["Policy Composition Validation TDD","Policy Merging and Combination"],"fullName":"Policy Composition Validation TDD Policy Merging and Combination should handle merge conflicts gracefully","status":"passed","title":"should handle merge conflicts gracefully","duration":0.1856660000000261,"failureMessages":[],"meta":{}},{"ancestorTitles":["Policy Composition Validation TDD","Composition Validation Rules"],"fullName":"Policy Composition Validation TDD Composition Validation Rules should validate composition metadata","status":"passed","title":"should validate composition metadata","duration":0.16754199999999742,"failureMessages":[],"meta":{}},{"ancestorTitles":["Policy Composition Validation TDD","Composition Validation Rules"],"fullName":"Policy Composition Validation TDD Composition Validation Rules should reject invalid metadata","status":"passed","title":"should reject invalid metadata","duration":0.3564169999999933,"failureMessages":[],"meta":{}},{"ancestorTitles":["Policy Composition Validation TDD","Composition Validation Rules"],"fullName":"Policy Composition Validation TDD Composition Validation Rules should validate policy dependencies","status":"passed","title":"should validate policy dependencies","duration":0.23691700000000537,"failureMessages":[],"meta":{}},{"ancestorTitles":["Policy Composition Validation TDD","Composition Validation Rules"],"fullName":"Policy Composition Validation TDD Composition Validation Rules should detect circular dependencies","status":"passed","title":"should detect circular dependencies","duration":0.10854199999999992,"failureMessages":[],"meta":{}},{"ancestorTitles":["Policy Composition Validation TDD","Composition Testing and Validation"],"fullName":"Policy Composition Validation TDD Composition Testing and Validation should test policy composition against scenarios","status":"passed","title":"should test policy composition against scenarios","duration":0.16033299999998007,"failureMessages":[],"meta":{}},{"ancestorTitles":["Policy Composition Validation TDD","Composition Testing and Validation"],"fullName":"Policy Composition Validation TDD Composition Testing and Validation should generate composition report","status":"passed","title":"should generate composition report","duration":0.5600419999999815,"failureMessages":[],"meta":{}},{"ancestorTitles":["Policy Composition Validation TDD","Composition Testing and Validation"],"fullName":"Policy Composition Validation TDD Composition Testing and Validation should validate composition against security standards","status":"passed","title":"should validate composition against security standards","duration":0.16912499999997976,"failureMessages":[],"meta":{}}],"startTime":1759441042029,"endTime":1759441042048.1692,"status":"passed","message":"","name":"/Users/jamiecraik/.Cortex-OS/simple-tests/policy-composition-validation.test.ts"},{"assertionResults":[{"ancestorTitles":["PolicyHotReloader","TDD: Policy hot-reload without restart"],"fullName":"PolicyHotReloader TDD: Policy hot-reload without restart should reload policy.json at runtime when file changes","status":"passed","title":"should reload policy.json at runtime when file changes","duration":55.903875,"failureMessages":[],"meta":{}},{"ancestorTitles":["PolicyHotReloader","TDD: Policy hot-reload without restart"],"fullName":"PolicyHotReloader TDD: Policy hot-reload without restart should emit policyReloaded event when policy changes","status":"passed","title":"should emit policyReloaded event when policy changes","duration":53.19391599999997,"failureMessages":[],"meta":{}},{"ancestorTitles":["PolicyHotReloader","TDD: Policy hot-reload without restart"],"fullName":"PolicyHotReloader TDD: Policy hot-reload without restart should validate policy schema on reload","status":"passed","title":"should validate policy schema on reload","duration":52.28120900000002,"failureMessages":[],"meta":{}},{"ancestorTitles":["PolicyHotReloader","TDD: Policy hot-reload without restart"],"fullName":"PolicyHotReloader TDD: Policy hot-reload without restart should handle JSON syntax errors gracefully","status":"passed","title":"should handle JSON syntax errors gracefully","duration":52.40700000000004,"failureMessages":[],"meta":{}},{"ancestorTitles":["PolicyHotReloader","TDD: Policy hot-reload without restart"],"fullName":"PolicyHotReloader TDD: Policy hot-reload without restart should handle file deletion and recreation","status":"passed","title":"should handle file deletion and recreation","duration":154.70749999999998,"failureMessages":[],"meta":{}}],"startTime":1759441040683,"endTime":1759441041051.7075,"status":"passed","message":"","name":"/Users/jamiecraik/.Cortex-OS/simple-tests/policy-hot-reload.test.ts"},{"assertionResults":[{"ancestorTitles":["query validation"],"fullName":"query validation parses valid input with default topK","status":"passed","title":"parses valid input with default topK","duration":0.8802909999999997,"failureMessages":[],"meta":{}},{"ancestorTitles":["query validation"],"fullName":"query validation throws on invalid input","status":"passed","title":"throws on invalid input","duration":0.5097080000000034,"failureMessages":[],"meta":{}}],"startTime":1759441046526,"endTime":1759441046527.5098,"status":"passed","message":"","name":"/Users/jamiecraik/.Cortex-OS/simple-tests/query.test.ts"},{"assertionResults":[{"ancestorTitles":["RAG legacy adapters"],"fullName":"RAG legacy adapters packages/rag/src/adapters should not exist","status":"passed","title":"packages/rag/src/adapters should not exist","duration":0.4437910000000045,"failureMessages":[],"meta":{}}],"startTime":1759441050216,"endTime":1759441050216.4438,"status":"passed","message":"","name":"/Users/jamiecraik/.Cortex-OS/simple-tests/rag-adapters-removed.test.ts"},{"assertionResults":[{"ancestorTitles":["rag eval CLI smoke"],"fullName":"rag eval CLI smoke runs and produces JSON with metrics","status":"skipped","title":"runs and produces JSON with metrics","failureMessages":[],"meta":{}}],"startTime":1759441013225,"endTime":1759441013225,"status":"passed","message":"","name":"/Users/jamiecraik/.Cortex-OS/simple-tests/rag-eval.cli.smoke.test.ts"},{"assertionResults":[],"startTime":1759441013225,"endTime":1759441013225,"status":"failed","message":"Cannot find package '@cortex-os/rag/eval/metrics' imported from '/Users/jamiecraik/.Cortex-OS/simple-tests/rag-metrics.unit.test.ts'","name":"/Users/jamiecraik/.Cortex-OS/simple-tests/rag-metrics.unit.test.ts"},{"assertionResults":[],"startTime":1759441013225,"endTime":1759441013225,"status":"failed","message":"Cannot find package '@cortex-os/rag/lib/embed-query' imported from '/Users/jamiecraik/.Cortex-OS/simple-tests/rag.test.ts'","name":"/Users/jamiecraik/.Cortex-OS/simple-tests/rag.test.ts"},{"assertionResults":[{"ancestorTitles":[],"fullName":"rg_search wrapper returns JSON","status":"failed","title":"rg_search wrapper returns JSON","duration":5.182082999999992,"failureMessages":["Error: Command failed: /Users/jamiecraik/.Cortex-OS/agent-toolkit/tools/rg_search.sh AGENTS AGENTS.md\n/bin/sh: /Users/jamiecraik/.Cortex-OS/agent-toolkit/tools/rg_search.sh: No such file or directory\n\n    at genericNodeError (node:internal/errors:985:15)\n    at wrappedFn (node:internal/errors:539:14)\n    at checkExecSyncError (node:child_process:925:11)\n    at execSync (node:child_process:997:15)\n    at /Users/jamiecraik/.Cortex-OS/simple-tests/rg_search.test.ts:7:17\n    at file:///Users/jamiecraik/.Cortex-OS/node_modules/.pnpm/@vitest+runner@3.2.4/node_modules/@vitest/runner/dist/chunk-hooks.js:155:11\n    at file:///Users/jamiecraik/.Cortex-OS/node_modules/.pnpm/@vitest+runner@3.2.4/node_modules/@vitest/runner/dist/chunk-hooks.js:752:26\n    at file:///Users/jamiecraik/.Cortex-OS/node_modules/.pnpm/@vitest+runner@3.2.4/node_modules/@vitest/runner/dist/chunk-hooks.js:1897:20\n    at new Promise (<anonymous>)\n    at runWithTimeout (file:///Users/jamiecraik/.Cortex-OS/node_modules/.pnpm/@vitest+runner@3.2.4/node_modules/@vitest/runner/dist/chunk-hooks.js:1863:10)"],"meta":{}}],"startTime":1759441039494,"endTime":1759441039499.1821,"status":"failed","message":"","name":"/Users/jamiecraik/.Cortex-OS/simple-tests/rg_search.test.ts"},{"assertionResults":[{"ancestorTitles":["runCommand"],"fullName":"runCommand terminates process after timeout","status":"failed","title":"terminates process after timeout","duration":5004.338208,"failureMessages":["Error: STACK_TRACE_ERROR\n    at task (file:///Users/jamiecraik/.Cortex-OS/node_modules/.pnpm/@vitest+runner@3.2.4/node_modules/@vitest/runner/dist/chunk-hooks.js:638:27)\n    at Object.<anonymous> (file:///Users/jamiecraik/.Cortex-OS/node_modules/.pnpm/@vitest+runner@3.2.4/node_modules/@vitest/runner/dist/chunk-hooks.js:662:16)\n    at Object.<anonymous> (file:///Users/jamiecraik/.Cortex-OS/node_modules/.pnpm/@vitest+runner@3.2.4/node_modules/@vitest/runner/dist/chunk-hooks.js:458:28)\n    at chain (file:///Users/jamiecraik/.Cortex-OS/node_modules/.pnpm/@vitest+runner@3.2.4/node_modules/@vitest/runner/dist/chunk-hooks.js:369:14)\n    at /Users/jamiecraik/.Cortex-OS/simple-tests/run-command.test.ts:10:2\n    at file:///Users/jamiecraik/.Cortex-OS/node_modules/.pnpm/@vitest+runner@3.2.4/node_modules/@vitest/runner/dist/chunk-hooks.js:734:40\n    at runWithSuite (file:///Users/jamiecraik/.Cortex-OS/node_modules/.pnpm/@vitest+runner@3.2.4/node_modules/@vitest/runner/dist/chunk-hooks.js:1849:8)\n    at Object.collect (file:///Users/jamiecraik/.Cortex-OS/node_modules/.pnpm/@vitest+runner@3.2.4/node_modules/@vitest/runner/dist/chunk-hooks.js:734:10)\n    at Object.collect (file:///Users/jamiecraik/.Cortex-OS/node_modules/.pnpm/@vitest+runner@3.2.4/node_modules/@vitest/runner/dist/chunk-hooks.js:738:54)\n    at processTicksAndRejections (node:internal/process/task_queues:105:5)\n    at collectTests (file:///Users/jamiecraik/.Cortex-OS/node_modules/.pnpm/@vitest+runner@3.2.4/node_modules/@vitest/runner/dist/chunk-hooks.js:1179:25)\n    at startTests (file:///Users/jamiecraik/.Cortex-OS/node_modules/.pnpm/@vitest+runner@3.2.4/node_modules/@vitest/runner/dist/chunk-hooks.js:1817:17)\n    at file:///Users/jamiecraik/.Cortex-OS/node_modules/.pnpm/vitest@3.2.4_@types+debug@4.1.12_@types+node@22.18.1_jiti@2.5.1_jsdom@26.1.0_less@4.4.1_807274a4dd064c584def40f900d006e5/node_modules/vitest/dist/chunks/runBaseTests.9Ij9_de-.js:117:26\n    at withEnv (file:///Users/jamiecraik/.Cortex-OS/node_modules/.pnpm/vitest@3.2.4_@types+debug@4.1.12_@types+node@22.18.1_jiti@2.5.1_jsdom@26.1.0_less@4.4.1_807274a4dd064c584def40f900d006e5/node_modules/vitest/dist/chunks/runBaseTests.9Ij9_de-.js:84:3)\n    at run (file:///Users/jamiecraik/.Cortex-OS/node_modules/.pnpm/vitest@3.2.4_@types+debug@4.1.12_@types+node@22.18.1_jiti@2.5.1_jsdom@26.1.0_less@4.4.1_807274a4dd064c584def40f900d006e5/node_modules/vitest/dist/chunks/runBaseTests.9Ij9_de-.js:109:2)"],"meta":{}}],"startTime":1759441024043,"endTime":1759441029047.3381,"status":"failed","message":"","name":"/Users/jamiecraik/.Cortex-OS/simple-tests/run-command.test.ts"},{"assertionResults":[{"ancestorTitles":["runProcess"],"fullName":"runProcess parses JSON output","status":"passed","title":"parses JSON output","duration":35.180958000000004,"failureMessages":[],"meta":{}},{"ancestorTitles":["runProcess"],"fullName":"runProcess rejects on non-zero exit","status":"passed","title":"rejects on non-zero exit","duration":32.03970799999999,"failureMessages":[],"meta":{}},{"ancestorTitles":["runProcess"],"fullName":"runProcess terminates after timeout","status":"passed","title":"terminates after timeout","duration":102.23375000000001,"failureMessages":[],"meta":{}}],"startTime":1759441041205,"endTime":1759441041374.2336,"status":"passed","message":"","name":"/Users/jamiecraik/.Cortex-OS/simple-tests/run-process.test.ts"},{"assertionResults":[{"ancestorTitles":["CycloneDX SBOM schema"],"fullName":"CycloneDX SBOM schema accepts a valid sample","status":"passed","title":"accepts a valid sample","duration":0.9787919999999986,"failureMessages":[],"meta":{}},{"ancestorTitles":["CycloneDX SBOM schema"],"fullName":"CycloneDX SBOM schema rejects an invalid sample","status":"passed","title":"rejects an invalid sample","duration":0.06908300000000622,"failureMessages":[],"meta":{}}],"startTime":1759441048538,"endTime":1759441048539.069,"status":"passed","message":"","name":"/Users/jamiecraik/.Cortex-OS/simple-tests/sbom-schema.test.ts"},{"assertionResults":[{"ancestorTitles":["Secret Scoping and Redaction TDD","SecretScope Schema"],"fullName":"Secret Scoping and Redaction TDD SecretScope Schema should validate minimal secret scope","status":"passed","title":"should validate minimal secret scope","duration":9.377583999999999,"failureMessages":[],"meta":{}},{"ancestorTitles":["Secret Scoping and Redaction TDD","SecretScope Schema"],"fullName":"Secret Scoping and Redaction TDD SecretScope Schema should validate complex secret scope with time restrictions","status":"passed","title":"should validate complex secret scope with time restrictions","duration":0.29562500000000114,"failureMessages":[],"meta":{}},{"ancestorTitles":["Secret Scoping and Redaction TDD","SecretScope Schema"],"fullName":"Secret Scoping and Redaction TDD SecretScope Schema should reject invalid scope with empty allowed secrets","status":"passed","title":"should reject invalid scope with empty allowed secrets","duration":0.7422920000000062,"failureMessages":[],"meta":{}},{"ancestorTitles":["Secret Scoping and Redaction TDD","Secret Access Control"],"fullName":"Secret Scoping and Redaction TDD Secret Access Control should allow access to secrets within scope","status":"passed","title":"should allow access to secrets within scope","duration":0.24174999999999613,"failureMessages":[],"meta":{}},{"ancestorTitles":["Secret Scoping and Redaction TDD","Secret Access Control"],"fullName":"Secret Scoping and Redaction TDD Secret Access Control should deny access to secrets outside scope","status":"passed","title":"should deny access to secrets outside scope","duration":0.15237499999999216,"failureMessages":[],"meta":{}},{"ancestorTitles":["Secret Scoping and Redaction TDD","Secret Access Control"],"fullName":"Secret Scoping and Redaction TDD Secret Access Control should deny access in wrong environment","status":"passed","title":"should deny access in wrong environment","duration":0.12804199999999355,"failureMessages":[],"meta":{}},{"ancestorTitles":["Secret Scoping and Redaction TDD","Secret Access Control"],"fullName":"Secret Scoping and Redaction TDD Secret Access Control should deny access outside time window","status":"passed","title":"should deny access outside time window","duration":0.2613329999999934,"failureMessages":[],"meta":{}},{"ancestorTitles":["Secret Scoping and Redaction TDD","Log Redaction"],"fullName":"Secret Scoping and Redaction TDD Log Redaction should redact secrets in console.log messages","status":"passed","title":"should redact secrets in console.log messages","duration":0.3850830000000087,"failureMessages":[],"meta":{}},{"ancestorTitles":["Secret Scoping and Redaction TDD","Log Redaction"],"fullName":"Secret Scoping and Redaction TDD Log Redaction should redact JWT tokens in error messages","status":"passed","title":"should redact JWT tokens in error messages","duration":0.19529099999999744,"failureMessages":[],"meta":{}},{"ancestorTitles":["Secret Scoping and Redaction TDD","Log Redaction"],"fullName":"Secret Scoping and Redaction TDD Log Redaction should not 
[...]
ate report","duration":2.101666999999992,"failureMessages":["AssertionError: expected undefined to be a function\n    at Proxy.<anonymous> (file:///Users/jamiecraik/.Cortex-OS/node_modules/.pnpm/@vitest+expect@3.2.4/node_modules/@vitest/expect/dist/index.js:1420:16)\n    at Proxy.<anonymous> (file:///Users/jamiecraik/.Cortex-OS/node_modules/.pnpm/@vitest+expect@3.2.4/node_modules/@vitest/expect/dist/index.js:1029:14)\n    at Proxy.methodWrapper (file:///Users/jamiecraik/.Cortex-OS/node_modules/.pnpm/chai@5.3.3/node_modules/chai/index.js:1686:25)\n    at /Users/jamiecraik/.Cortex-OS/scripts/ci/__tests__/quality-gate-enforcer.test.ts:446:44\n    at file:///Users/jamiecraik/.Cortex-OS/node_modules/.pnpm/@vitest+runner@3.2.4/node_modules/@vitest/runner/dist/chunk-hooks.js:752:20"],"meta":{}}],"startTime":1759441038585,"endTime":1759441038626.1016,"status":"failed","message":"","name":"/Users/jamiecraik/.Cortex-OS/scripts/ci/__tests__/quality-gate-enforcer.test.ts"},{"assertionResults":[{"ancestorTitles":["contract: diagnosticsResultSchema"],"fullName":"contract: diagnosticsResultSchema validates a minimal ok result","status":"passed","title":"validates a minimal ok result","duration":1.3260000000000076,"failureMessages":[],"meta":{}},{"ancestorTitles":["contract: diagnosticsResultSchema"],"fullName":"contract: diagnosticsResultSchema rejects invalid overall value","status":"passed","title":"rejects invalid overall value","duration":0.8170420000000007,"failureMessages":[],"meta":{}},{"ancestorTitles":["contract: diagnosticsResultSchema"],"fullName":"contract: diagnosticsResultSchema allows degraded summary when a component errored","status":"passed","title":"allows degraded summary when a component errored","duration":0.09729099999999846,"failureMessages":[],"meta":{}}],"startTime":1759441044200,"endTime":1759441044202.8171,"status":"passed","message":"","name":"/Users/jamiecraik/.Cortex-OS/libs/typescript/contracts/tests/diagnostics.contract.test.ts"},{"assertionResults":[{"ancestorTitles":["contract: evidence schema"],"fullName":"contract: evidence schema validates a minimal evidence item with text","status":"passed","title":"validates a minimal evidence item with text","duration":0.7825830000000025,"failureMessages":[],"meta":{}},{"ancestorTitles":["contract: evidence schema"],"fullName":"contract: evidence schema validates evidence array preserves order","status":"passed","title":"validates evidence array preserves order","duration":0.37154200000000515,"failureMessages":[],"meta":{}},{"ancestorTitles":["contract: evidence schema"],"fullName":"contract: evidence schema rejects item missing both text and uri","status":"passed","title":"rejects item missing both text and uri","duration":0.3550829999999934,"failureMessages":[],"meta":{}},{"ancestorTitles":["contract: evidence schema"],"fullName":"contract: evidence schema enforces max array length ( > 50 fails )","status":"passed","title":"enforces max array length ( > 50 fails )","duration":0.6769999999999925,"failureMessages":[],"meta":{}},{"ancestorTitles":["contract: evidence schema"],"fullName":"contract: evidence schema validates offset pairs and rejects invalid ranges","status":"passed","title":"validates offset pairs and rejects invalid ranges","duration":0.3077090000000027,"failureMessages":[],"meta":{}},{"ancestorTitles":["contract: evidence schema"],"fullName":"contract: evidence schema round-trips inside a synthetic CloudEvent-like envelope","status":"passed","title":"round-trips inside a synthetic CloudEvent-like envelope","duration":0.18249999999999034,"failureMessages":[],"meta":{}}],"startTime":1759441043124,"endTime":1759441043126.3076,"status":"passed","message":"","name":"/Users/jamiecraik/.Cortex-OS/libs/typescript/contracts/tests/evidence.contract.test.ts"},{"assertionResults":[{"ancestorTitles":["Realtime memory message contracts"],"fullName":"Realtime memory message contracts accepts valid inbound subscription payloads","status":"passed","title":"accepts valid inbound subscription payloads","duration":1.1449580000000026,"failureMessages":[],"meta":{}},{"ancestorTitles":["Realtime memory message contracts"],"fullName":"Realtime memory message contracts rejects inbound payloads with invalid namespace characters","status":"passed","title":"rejects inbound payloads with invalid namespace characters","duration":0.1521669999999915,"failureMessages":[],"meta":{}},{"ancestorTitles":["Realtime memory message contracts"],"fullName":"Realtime memory message contracts validates outbound change messages and queue wrappers","status":"passed","title":"validates outbound change messages and queue wrappers","duration":0.30095900000000597,"failureMessages":[],"meta":{}},{"ancestorTitles":["Realtime memory message contracts"],"fullName":"Realtime memory message contracts rejects outbound messages with missing timestamps","status":"passed","title":"rejects outbound messages with missing timestamps","duration":0.15900000000000603,"failureMessages":[],"meta":{}}],"startTime":1759441046143,"endTime":1759441046144.301,"status":"passed","message":"","name":"/Users/jamiecraik/.Cortex-OS/libs/typescript/contracts/tests/memory-realtime-messages.contract.test.ts"},{"assertionResults":[{"ancestorTitles":["RealtimeMemoryMetricsSnapshotSchema"],"fullName":"RealtimeMemoryMetricsSnapshotSchema accepts contract-compliant realtime metrics snapshots","status":"passed","title":"accepts contract-compliant realtime metrics snapshots","duration":1.5238330000000104,"failureMessages":[],"meta":{}},{"ancestorTitles":["RealtimeMemoryMetricsSnapshotSchema"],"fullName":"RealtimeMemoryMetricsSnapshotSchema rejects snapshots missing brAInwav branding or metrics data","status":"passed","title":"rejects snapshots missing brAInwav branding or metrics data","duration":0.25670799999998906,"failureMessages":[],"meta":{}},{"ancestorTitles":["RealtimeMemoryMetricsEventSchema"],"fullName":"RealtimeMemoryMetricsEventSchema validates metrics events with brAInwav branding and type metadata","status":"passed","title":"validates metrics events with brAInwav branding and type metadata","duration":0.34550000000000125,"failureMessages":[],"meta":{}},{"ancestorTitles":["RealtimeMemoryMetricsEventSchema"],"fullName":"RealtimeMemoryMetricsEventSchema rejects events without metrics payloads or brand metadata","status":"passed","title":"rejects events without metrics payloads or brand metadata","duration":0.3041249999999991,"failureMessages":[],"meta":{}}],"startTime":1759441043812,"endTime":1759441043814.3455,"status":"passed","message":"","name":"/Users/jamiecraik/.Cortex-OS/libs/typescript/contracts/tests/memory-realtime-metrics.contract.test.ts"},{"assertionResults":[{"ancestorTitles":["contract:model-gateway-events evidence extension"],"fullName":"contract:model-gateway-events evidence extension accepts evidence on model response event","status":"passed","title":"accepts evidence on model response event","duration":1.1410419999999988,"failureMessages":[],"meta":{}},{"ancestorTitles":["contract:model-gateway-events evidence extension"],"fullName":"contract:model-gateway-events evidence extension accepts evidence on model error event","status":"passed","title":"accepts evidence on model error event","duration":0.24979200000001356,"failureMessages":[],"meta":{}},{"ancestorTitles":["contract:model-gateway-events evidence extension"],"fullName":"contract:model-gateway-events evidence extension rejects invalid evidence item missing text and uri","status":"passed","title":"rejects invalid evidence item missing text and uri","duration":0.15295800000001236,"failureMessages":[],"meta":{}},{"ancestorTitles":["contract:model-gateway-events evidence extension"],"fullName":"contract:model-gateway-events evidence extension valid evidence item shape (independent)","status":"passed","title":"valid evidence item shape (independent)","duration":0.08941599999999994,"failureMessages":[],"meta":{}}],"startTime":1759441040552,"endTime":1759441040554.153,"status":"passed","message":"","name":"/Users/jamiecraik/.Cortex-OS/libs/typescript/contracts/tests/model-gateway-events.evidence.contract.test.ts"},{"assertionResults":[{"ancestorTitles":["contract: AgentNetwork"],"fullName":"contract: AgentNetwork declares messaging schemas for direct and broadcast communications","status":"passed","title":"declares messaging schemas for direct and broadcast communications","duration":0.9244160000000079,"failureMessages":[],"meta":{}}],"startTime":1759441049029,"endTime":1759441049029.9243,"status":"passed","message":"","name":"/Users/jamiecraik/.Cortex-OS/libs/typescript/contracts/tests/orchestration-no.agent-network.contract.test.ts"},{"assertionResults":[{"ancestorTitles":["contract: nO Event Schemas"],"fullName":"contract: nO Event Schemas validates agent coordination started event","status":"passed","title":"validates agent coordination started event","duration":1.0694999999999908,"failureMessages":[],"meta":{}},{"ancestorTitles":["contract: nO Event Schemas"],"fullName":"contract: nO Event Schemas validates schedule adjusted event","status":"passed","title":"validates schedule adjusted event","duration":0.20370799999999178,"failureMessages":[],"meta":{}},{"ancestorTitles":["contract: nO Event Schemas"],"fullName":"contract: nO Event Schemas validates tool layer invoked event","status":"passed","title":"validates tool layer invoked event","duration":0.0850420000000014,"failureMessages":[],"meta":{}}],"startTime":1759441047365,"endTime":1759441047366.2036,"status":"passed","message":"","name":"/Users/jamiecraik/.Cortex-OS/libs/typescript/contracts/tests/orchestration-no.events.contract.test.ts"},{"assertionResults":[{"ancestorTitles":["contract: IntelligenceScheduler"],"fullName":"contract: IntelligenceScheduler defines planning and monitoring schemas","status":"passed","title":"defines planning and monitoring schemas","duration":1.5793330000000054,"failureMessages":[],"meta":{}}],"startTime":1759441046263,"endTime":1759441046264.5793,"status":"passed","message":"","name":"/Users/jamiecraik/.Cortex-OS/libs/typescript/contracts/tests/orchestration-no.intelligence-scheduler.contract.test.ts"},{"assertionResults":[{"ancestorTitles":["contract: MasterAgentLoop"],"fullName":"contract: MasterAgentLoop exposes schemas for agent coordination and persistence","status":"passed","title":"exposes schemas for agent coordination and persistence","duration":1.0620409999999936,"failureMessages":[],"meta":{}}],"startTime":1759441048201,"endTime":1759441048202.062,"status":"passed","message":"","name":"/Users/jamiecraik/.Cortex-OS/libs/typescript/contracts/tests/orchestration-no.master-agent-loop.contract.test.ts"},{"assertionResults":[{"ancestorTitles":["contract: Subagents"],"fullName":"contract: Subagents declares subagent config and result schemas","status":"passed","title":"declares subagent config and result schemas","duration":1.0171250000000072,"failureMessages":[],"meta":{}},{"ancestorTitles":["contract: Subagents"],"fullName":"contract: Subagents declares subagent tool materialization contract","status":"passed","title":"declares subagent tool materialization contract","duration":0.14895800000000747,"failureMessages":[],"meta":{}}],"startTime":1759441046757,"endTime":1759441046758.149,"status":"passed","message":"","name":"/Users/jamiecraik/.Cortex-OS/libs/typescript/contracts/tests/orchestration-no.subagents.contract.test.ts"},{"assertionResults":[{"ancestorTitles":["contract: nO Observability/Telemetry"],"fullName":"contract: nO Observability/Telemetry should emit structured telemetry for decision points","status":"passed","title":"should emit structured telemetry for decision points","duration":1.2779590000000098,"failureMessages":[],"meta":{}},{"ancestorTitles":["contract: nO Observability/Telemetry"],"fullName":"contract: nO Observability/Telemetry rejects invalid telemetry kind","status":"passed","title":"rejects invalid telemetry kind","duration":0.6247909999999592,"failureMessages":[],"meta":{}}],"startTime":1759441045421,"endTime":1759441045423.6248,"status":"passed","message":"","name":"/Users/jamiecraik/.Cortex-OS/libs/typescript/contracts/tests/orchestration-no.telemetry.contract.test.ts"},{"assertionResults":[{"ancestorTitles":["contract: ToolLayer"],"fullName":"contract: ToolLayer declares multi-level tool layer with invocation contracts","status":"passed","title":"declares multi-level tool layer with invocation contracts","duration":0.970792000000003,"failureMessages":[],"meta":{}}],"startTime":1759441048081,"endTime":1759441048081.9707,"status":"passed","message":"","name":"/Users/jamiecraik/.Cortex-OS/libs/typescript/contracts/tests/orchestration-no.tool-layer.contract.test.ts"},{"assertionResults":[{"ancestorTitles":["contract: RAG query completed evidence extension"],"fullName":"contract: RAG query completed evidence extension accepts event without evidence","status":"passed","title":"accepts event without evidence","duration":1.0311669999999964,"failureMessages":[],"meta":{}},{"ancestorTitles":["contract: RAG query completed evidence extension"],"fullName":"contract: RAG query completed evidence extension accepts event with valid evidence array","status":"passed","title":"accepts event with valid evidence array","duration":0.3957499999999925,"failureMessages":[],"meta":{}},{"ancestorTitles":["contract: RAG query completed evidence extension"],"fullName":"contract: RAG query completed evidence extension rejects event with invalid evidence item","status":"passed","title":"rejects event with invalid evidence item","duration":0.36975000000001046,"failureMessages":[],"meta":{}}],"startTime":1759441044443,"endTime":1759441044445.3696,"status":"passed","message":"","name":"/Users/jamiecraik/.Cortex-OS/libs/typescript/contracts/tests/rag-events.evidence.contract.test.ts"},{"assertionResults":[{"ancestorTitles":["contract: sandbox audit events"],"fullName":"contract: sandbox audit events validates a full audit event with code + meta","status":"passed","title":"validates a full audit event with code + meta","duration":0.8232500000000016,"failureMessages":[],"meta":{}},{"ancestorTitles":["contract: sandbox audit events"],"fullName":"contract: sandbox audit events accepts event without optional fields","status":"passed","title":"accepts event without optional fields","duration":0.09795799999999133,"failureMessages":[],"meta":{}},{"ancestorTitles":["contract: sandbox audit events"],"fullName":"contract: sandbox audit events rejects invalid type prefix","status":"passed","title":"rejects invalid type prefix","duration":0.40337499999999693,"failureMessages":[],"meta":{}},{"ancestorTitles":["contract: sandbox audit events"],"fullName":"contract: sandbox audit events enforces violation code enum","status":"passed","title":"enforces violation code enum","duration":0.4251249999999942,"failureMessages":[],"meta":{}}],"startTime":1759441045547,"endTime":1759441045548.425,"status":"passed","message":"","name":"/Users/jamiecraik/.Cortex-OS/libs/typescript/contracts/tests/sandbox-audit-events.contract.test.ts"},{"assertionResults":[{"ancestorTitles":["contract: tool.run.completed"],"fullName":"contract: tool.run.completed validates minimal success payload","status":"passed","title":"validates minimal success payload","duration":0.7857089999999971,"failureMessages":[],"meta":{}},{"ancestorTitles":["contract: tool.run.completed"],"fullName":"contract: tool.run.completed accepts optional contextSummary and error","status":"passed","title":"accepts optional contextSummary and error","duration":0.0989579999999961,"failureMessages":[],"meta":{}},{"ancestorTitles":["contract: tool.run.completed"],"fullName":"contract: tool.run.completed rejects negative duration","status":"passed","title":"rejects negative duration","duration":0.4508340000000004,"failureMessages":[],"meta":{}},{"ancestorTitles":["contract: pipeline.run.completed"],"fullName":"contract: pipeline.run.completed validates success payload with digest","status":"passed","title":"validates success payload with digest","duration":0.14208299999999952,"failureMessages":[],"meta":{}},{"ancestorTitles":["contract: pipeline.run.completed"],"fullName":"contract: pipeline.run.completed defaults artifactRefs to empty array","status":"passed","title":"defaults artifactRefs to empty array","duration":0.22366699999999184,"failureMessages":[],"meta":{}},{"ancestorTitles":["contract: pipeline.run.completed"],"fullName":"contract: pipeline.run.completed rejects invalid status","status":"passed","title":"rejects invalid status","duration":0.13095900000000427,"failureMessages":[],"meta":{}}],"startTime":1759441045903,"endTime":1759441045905.1309,"status":"passed","message":"","name":"/Users/jamiecraik/.Cortex-OS/libs/typescript/contracts/tests/tooling-events.contract.test.ts"},{"assertionResults":[{"ancestorTitles":["HealthMonitor"],"fullName":"HealthMonitor collects results from database, queue, and LangGraph dependencies","status":"passed","title":"collects results from database, queue, and LangGraph dependencies","duration":1.6848750000000052,"failureMessages":[],"meta":{}},{"ancestorTitles":["HealthMonitor"],"fullName":"HealthMonitor fails fast when dependency list is empty","status":"passed","title":"fails fast when dependency list is empty","duration":0.31537499999998886,"failureMessages":[],"meta":{}}],"startTime":1759441044322,"endTime":1759441044324.3154,"status":"passed","message":"","name":"/Users/jamiecraik/.Cortex-OS/services/agents/tests/monitor/health-monitor.spec.ts"},{"assertionResults":[{"ancestorTitles":["Memories database health checks"],"fullName":"Memories database health checks validates sqlite backend connectivity","status":"passed","title":"validates sqlite backend connectivity","duration":3.8650829999999985,"failureMessages":[],"meta":{}},{"ancestorTitles":["Memories database health checks"],"fullName":"Memories database health checks fails sqlite backend when file path is invalid","status":"passed","title":"fails sqlite backend when file path is invalid","duration":0.31845900000000427,"failureMessages":[],"meta":{}},{"ancestorTitles":["Memories database health checks"],"fullName":"Memories database health checks validates prisma backend using injected client","status":"passed","title":"validates prisma backend using injected client","duration":0.10679199999999867,"failureMessages":[],"meta":{}},{"ancestorTitles":["Memories database health checks"],"fullName":"Memories database health checks surfaces prisma connectivity failures","status":"passed","title":"surfaces prisma connectivity failures","duration":0.08354200000000844,"failureMessages":[],"meta":{}},{"ancestorTitles":["Memories database health checks"],"fullName":"Memories database health checks reports local-memory backend health","status":"passed","title":"reports local-memory backend health","duration":0.27712499999999807,"failureMessages":[],"meta":{}}],"startTime":1759441043682,"endTime":1759441043687.277,"status":"passed","message":"","name":"/Users/jamiecraik/.Cortex-OS/services/memories/tests/health/database-health.spec.ts"},{"assertionResults":[{"ancestorTitles":["MemoryStatsService"],"fullName":"MemoryStatsService reports metadata for the active backend","status":"passed","title":"reports metadata for the active backend","duration":1.0377499999999884,"failureMessages":[],"meta":{}}],"startTime":1759441047839,"endTime":1759441047840.0378,"status":"passed","message":"","name":"/Users/jamiecraik/.Cortex-OS/services/memories/tests/stats/backend-metadata.spec.ts"},{"assertionResults":[{"ancestorTitles":["Resource pool health"],"fullName":"Resource pool health returns live pool counts without static placeholders","status":"passed","title":"returns live pool counts without static placeholders","duration":1.0805000000000007,"failureMessages":[],"meta":{}}],"startTime":1759441047595,"endTime":1759441047596.0806,"status":"passed","message":"","name":"/Users/jamiecraik/.Cortex-OS/services/orchestration/tests/health/pool-health.spec.ts"}]}