{"meta": {"format": 3, "version": "7.10.6", "timestamp": "2025-10-09T15:08:29.446682", "branch_coverage": false, "show_contexts": false}, "files": {"src/agents/__init__.py": {"executed_lines": [], "summary": {"covered_lines": 0, "num_statements": 4, "percent_covered": 0.0, "percent_covered_display": "0", "missing_lines": 4, "excluded_lines": 0}, "missing_lines": [8, 9, 10, 12], "excluded_lines": [], "functions": {"": {"executed_lines": [], "summary": {"covered_lines": 0, "num_statements": 4, "percent_covered": 0.0, "percent_covered_display": "0", "missing_lines": 4, "excluded_lines": 0}, "missing_lines": [8, 9, 10, 12], "excluded_lines": []}}, "classes": {"": {"executed_lines": [], "summary": {"covered_lines": 0, "num_statements": 4, "percent_covered": 0.0, "percent_covered_display": "0", "missing_lines": 4, "excluded_lines": 0}, "missing_lines": [8, 9, 10, 12], "excluded_lines": []}}}, "src/agents/cot_planner.py": {"executed_lines": [], "summary": {"covered_lines": 0, "num_statements": 91, "percent_covered": 0.0, "percent_covered_display": "0", "missing_lines": 91, "excluded_lines": 0}, "missing_lines": [14, 15, 16, 17, 20, 23, 26, 34, 41, 43, 59, 60, 63, 66, 69, 72, 86, 88, 97, 98, 99, 101, 102, 103, 106, 107, 110, 112, 121, 122, 141, 174, 176, 184, 189, 190, 195, 197, 202, 204, 217, 218, 221, 242, 244, 257, 258, 260, 261, 262, 263, 264, 269, 281, 284, 285, 287, 288, 289, 292, 293, 295, 296, 297, 298, 303, 304, 306, 313, 320, 321, 322, 323, 326, 327, 329, 330, 331, 333, 334, 335, 336, 337, 338, 340, 341, 343, 344, 345, 346, 348], "excluded_lines": [], "functions": {"CoTPlanner.__init__": {"executed_lines": [], "summary": {"covered_lines": 0, "num_statements": 1, "percent_covered": 0.0, "percent_covered_display": "0", "missing_lines": 1, "excluded_lines": 0}, "missing_lines": [41], "excluded_lines": []}, "CoTPlanner.generate_plan": {"executed_lines": [], "summary": {"covered_lines": 0, "num_statements": 7, "percent_covered": 0.0, "percent_covered_display": "0", "missing_lines": 7, "excluded_lines": 0}, "missing_lines": [59, 60, 63, 66, 69, 72, 86], "excluded_lines": []}, "CoTPlanner._assess_complexity": {"executed_lines": [], "summary": {"covered_lines": 0, "num_statements": 9, "percent_covered": 0.0, "percent_covered_display": "0", "missing_lines": 9, "excluded_lines": 0}, "missing_lines": [97, 98, 99, 101, 102, 103, 106, 107, 110], "excluded_lines": []}, "CoTPlanner._generate_steps": {"executed_lines": [], "summary": {"covered_lines": 0, "num_statements": 4, "percent_covered": 0.0, "percent_covered_display": "0", "missing_lines": 4, "excluded_lines": 0}, "missing_lines": [121, 122, 141, 174], "excluded_lines": []}, "CoTPlanner._generate_reasoning": {"executed_lines": [], "summary": {"covered_lines": 0, "num_statements": 6, "percent_covered": 0.0, "percent_covered_display": "0", "missing_lines": 6, "excluded_lines": 0}, "missing_lines": [184, 189, 190, 195, 197, 202], "excluded_lines": []}, "CoTPlanner.plan_to_memory": {"executed_lines": [], "summary": {"covered_lines": 0, "num_statements": 4, "percent_covered": 0.0, "percent_covered_display": "0", "missing_lines": 4, "excluded_lines": 0}, "missing_lines": [217, 218, 221, 242], "excluded_lines": []}, "CoTPlanner.memory_to_plan": {"executed_lines": [], "summary": {"covered_lines": 0, "num_statements": 7, "percent_covered": 0.0, "percent_covered_display": "0", "missing_lines": 7, "excluded_lines": 0}, "missing_lines": [257, 258, 260, 261, 262, 263, 264], "excluded_lines": []}, "validate_plan": {"executed_lines": [], "summary": {"covered_lines": 0, "num_statements": 15, "percent_covered": 0.0, "percent_covered_display": "0", "missing_lines": 15, "excluded_lines": 0}, "missing_lines": [281, 284, 285, 287, 288, 289, 292, 293, 295, 296, 297, 298, 303, 304, 306], "excluded_lines": []}, "_has_circular_dependencies": {"executed_lines": [], "summary": {"covered_lines": 0, "num_statements": 12, "percent_covered": 0.0, "percent_covered_display": "0", "missing_lines": 12, "excluded_lines": 0}, "missing_lines": [320, 321, 322, 323, 326, 327, 329, 343, 344, 345, 346, 348], "excluded_lines": []}, "_has_circular_dependencies.has_cycle": {"executed_lines": [], "summary": {"covered_lines": 0, "num_statements": 10, "percent_covered": 0.0, "percent_covered_display": "0", "missing_lines": 10, "excluded_lines": 0}, "missing_lines": [330, 331, 333, 334, 335, 336, 337, 338, 340, 341], "excluded_lines": []}, "": {"executed_lines": [], "summary": {"covered_lines": 0, "num_statements": 16, "percent_covered": 0.0, "percent_covered_display": "0", "missing_lines": 16, "excluded_lines": 0}, "missing_lines": [14, 15, 16, 17, 20, 23, 26, 34, 43, 88, 112, 176, 204, 244, 269, 313], "excluded_lines": []}}, "classes": {"PlanningError": {"executed_lines": [], "summary": {"covered_lines": 0, "num_statements": 0, "percent_covered": 100.0, "percent_covered_display": "100", "missing_lines": 0, "excluded_lines": 0}, "missing_lines": [], "excluded_lines": []}, "CoTPlanner": {"executed_lines": [], "summary": {"covered_lines": 0, "num_statements": 38, "percent_covered": 0.0, "percent_covered_display": "0", "missing_lines": 38, "excluded_lines": 0}, "missing_lines": [41, 59, 60, 63, 66, 69, 72, 86, 97, 98, 99, 101, 102, 103, 106, 107, 110, 121, 122, 141, 174, 184, 189, 190, 195, 197, 202, 217, 218, 221, 242, 257, 258, 260, 261, 262, 263, 264], "excluded_lines": []}, "": {"executed_lines": [], "summary": {"covered_lines": 0, "num_statements": 53, "percent_covered": 0.0, "percent_covered_display": "0", "missing_lines": 53, "excluded_lines": 0}, "missing_lines": [14, 15, 16, 17, 20, 23, 26, 34, 43, 88, 112, 176, 204, 244, 269, 281, 284, 285, 287, 288, 289, 292, 293, 295, 296, 297, 298, 303, 304, 306, 313, 320, 321, 322, 323, 326, 327, 329, 330, 331, 333, 334, 335, 336, 337, 338, 340, 341, 343, 344, 345, 346, 348], "excluded_lines": []}}}, "src/agents/self_reflection.py": {"executed_lines": [], "summary": {"covered_lines": 0, "num_statements": 119, "percent_covered": 0.0, "percent_covered_display": "0", "missing_lines": 119, "excluded_lines": 0}, "missing_lines": [15, 16, 17, 18, 21, 24, 27, 35, 47, 48, 50, 63, 64, 67, 70, 73, 76, 88, 90, 103, 104, 107, 110, 113, 123, 125, 141, 142, 143, 146, 147, 148, 151, 156, 157, 159, 161, 177, 178, 181, 182, 185, 187, 202, 203, 205, 207, 208, 211, 212, 213, 214, 218, 220, 222, 224, 239, 240, 243, 244, 246, 247, 248, 250, 251, 253, 254, 256, 257, 259, 265, 281, 282, 285, 292, 311, 315, 318, 319, 322, 325, 326, 329, 330, 331, 333, 335, 339, 342, 343, 346, 347, 350, 351, 353, 355, 357, 359, 360, 361, 362, 363, 364, 365, 367, 369, 373, 376, 377, 385, 386, 394, 395, 397, 399, 405, 406, 409, 411], "excluded_lines": [], "functions": {"SelfReflector.__init__": {"executed_lines": [], "summary": {"covered_lines": 0, "num_statements": 2, "percent_covered": 0.0, "percent_covered_display": "0", "missing_lines": 2, "excluded_lines": 0}, "missing_lines": [47, 48], "excluded_lines": []}, "SelfReflector.critique_output": {"executed_lines": [], "summary": {"covered_lines": 0, "num_statements": 7, "percent_covered": 0.0, "percent_covered_display": "0", "missing_lines": 7, "excluded_lines": 0}, "missing_lines": [63, 64, 67, 70, 73, 76, 88], "excluded_lines": []}, "SelfReflector.generate_feedback": {"executed_lines": [], "summary": {"covered_lines": 0, "num_statements": 6, "percent_covered": 0.0, "percent_covered_display": "0", "missing_lines": 6, "excluded_lines": 0}, "missing_lines": [103, 104, 107, 110, 113, 123], "excluded_lines": []}, "SelfReflector.improve_output": {"executed_lines": [], "summary": {"covered_lines": 0, "num_statements": 10, "percent_covered": 0.0, "percent_covered_display": "0", "missing_lines": 10, "excluded_lines": 0}, "missing_lines": [141, 142, 143, 146, 147, 148, 151, 156, 157, 159], "excluded_lines": []}, "SelfReflector.should_retry": {"executed_lines": [], "summary": {"covered_lines": 0, "num_statements": 5, "percent_covered": 0.0, "percent_covered_display": "0", "missing_lines": 5, "excluded_lines": 0}, "missing_lines": [177, 178, 181, 182, 185], "excluded_lines": []}, "SelfReflector.track_improvements": {"executed_lines": [], "summary": {"covered_lines": 0, "num_statements": 12, "percent_covered": 0.0, "percent_covered_display": "0", "missing_lines": 12, "excluded_lines": 0}, "missing_lines": [202, 203, 205, 207, 208, 211, 212, 213, 214, 218, 220, 222], "excluded_lines": []}, "SelfReflector.calculate_improvement_metrics": {"executed_lines": [], "summary": {"covered_lines": 0, "num_statements": 14, "percent_covered": 0.0, "percent_covered_display": "0", "missing_lines": 14, "excluded_lines": 0}, "missing_lines": [239, 240, 243, 244, 246, 247, 248, 250, 251, 253, 254, 256, 257, 259], "excluded_lines": []}, "SelfReflector.reflection_to_memory": {"executed_lines": [], "summary": {"covered_lines": 0, "num_statements": 5, "percent_covered": 0.0, "percent_covered_display": "0", "missing_lines": 5, "excluded_lines": 0}, "missing_lines": [281, 282, 285, 292, 311], "excluded_lines": []}, "SelfReflector._assess_quality": {"executed_lines": [], "summary": {"covered_lines": 0, "num_statements": 9, "percent_covered": 0.0, "percent_covered_display": "0", "missing_lines": 9, "excluded_lines": 0}, "missing_lines": [318, 319, 322, 325, 326, 329, 330, 331, 333], "excluded_lines": []}, "SelfReflector._identify_issues": {"executed_lines": [], "summary": {"covered_lines": 0, "num_statements": 8, "percent_covered": 0.0, "percent_covered_display": "0", "missing_lines": 8, "excluded_lines": 0}, "missing_lines": [339, 342, 343, 346, 347, 350, 351, 353], "excluded_lines": []}, "SelfReflector._generate_suggestions": {"executed_lines": [], "summary": {"covered_lines": 0, "num_statements": 9, "percent_covered": 0.0, "percent_covered_display": "0", "missing_lines": 9, "excluded_lines": 0}, "missing_lines": [357, 359, 360, 361, 362, 363, 364, 365, 367], "excluded_lines": []}, "SelfReflector._create_action_items": {"executed_lines": [], "summary": {"covered_lines": 0, "num_statements": 8, "percent_covered": 0.0, "percent_covered_display": "0", "missing_lines": 8, "excluded_lines": 0}, "missing_lines": [373, 376, 377, 385, 386, 394, 395, 397], "excluded_lines": []}, "SelfReflector._apply_improvements": {"executed_lines": [], "summary": {"covered_lines": 0, "num_statements": 4, "percent_covered": 0.0, "percent_covered_display": "0", "missing_lines": 4, "excluded_lines": 0}, "missing_lines": [405, 406, 409, 411], "excluded_lines": []}, "": {"executed_lines": [], "summary": {"covered_lines": 0, "num_statements": 20, "percent_covered": 0.0, "percent_covered_display": "0", "missing_lines": 20, "excluded_lines": 0}, "missing_lines": [15, 16, 17, 18, 21, 24, 27, 35, 50, 90, 125, 161, 187, 224, 265, 315, 335, 355, 369, 399], "excluded_lines": []}}, "classes": {"ReflectionError": {"executed_lines": [], "summary": {"covered_lines": 0, "num_statements": 0, "percent_covered": 100.0, "percent_covered_display": "100", "missing_lines": 0, "excluded_lines": 0}, "missing_lines": [], "excluded_lines": []}, "SelfReflector": {"executed_lines": [], "summary": {"covered_lines": 0, "num_statements": 99, "percent_covered": 0.0, "percent_covered_display": "0", "missing_lines": 99, "excluded_lines": 0}, "missing_lines": [47, 48, 63, 64, 67, 70, 73, 76, 88, 103, 104, 107, 110, 113, 123, 141, 142, 143, 146, 147, 148, 151, 156, 157, 159, 177, 178, 181, 182, 185, 202, 203, 205, 207, 208, 211, 212, 213, 214, 218, 220, 222, 239, 240, 243, 244, 246, 247, 248, 250, 251, 253, 254, 256, 257, 259, 281, 282, 285, 292, 311, 318, 319, 322, 325, 326, 329, 330, 331, 333, 339, 342, 343, 346, 347, 350, 351, 353, 357, 359, 360, 361, 362, 363, 364, 365, 367, 373, 376, 377, 385, 386, 394, 395, 397, 405, 406, 409, 411], "excluded_lines": []}, "": {"executed_lines": [], "summary": {"covered_lines": 0, "num_statements": 20, "percent_covered": 0.0, "percent_covered_display": "0", "missing_lines": 20, "excluded_lines": 0}, "missing_lines": [15, 16, 17, 18, 21, 24, 27, 35, 50, 90, 125, 161, 187, 224, 265, 315, 335, 355, 369, 399], "excluded_lines": []}}}, "src/agents/tot_planner.py": {"executed_lines": [], "summary": {"covered_lines": 0, "num_statements": 101, "percent_covered": 0.0, "percent_covered_display": "0", "missing_lines": 101, "excluded_lines": 0}, "missing_lines": [14, 15, 16, 17, 20, 23, 26, 34, 42, 43, 45, 61, 62, 65, 68, 71, 76, 84, 87, 101, 103, 111, 114, 117, 118, 119, 120, 121, 122, 124, 126, 128, 133, 134, 136, 137, 140, 142, 144, 174, 178, 205, 209, 236, 240, 242, 243, 255, 257, 266, 267, 269, 271, 273, 275, 276, 282, 284, 286, 289, 292, 294, 295, 296, 297, 298, 299, 300, 301, 302, 303, 306, 307, 308, 310, 312, 325, 326, 328, 349, 351, 364, 365, 367, 368, 369, 370, 371, 379, 400, 401, 404, 407, 409, 412, 415, 418, 431, 432, 435, 437], "excluded_lines": [], "functions": {"ToTPlanner.__init__": {"executed_lines": [], "summary": {"covered_lines": 0, "num_statements": 2, "percent_covered": 0.0, "percent_covered_display": "0", "missing_lines": 2, "excluded_lines": 0}, "missing_lines": [42, 43], "excluded_lines": []}, "ToTPlanner.generate_plan": {"executed_lines": [], "summary": {"covered_lines": 0, "num_statements": 9, "percent_covered": 0.0, "percent_covered_display": "0", "missing_lines": 9, "excluded_lines": 0}, "missing_lines": [61, 62, 65, 68, 71, 76, 84, 87, 101], "excluded_lines": []}, "ToTPlanner._generate_branches": {"executed_lines": [], "summary": {"covered_lines": 0, "num_statements": 10, "percent_covered": 0.0, "percent_covered_display": "0", "missing_lines": 10, "excluded_lines": 0}, "missing_lines": [111, 114, 117, 118, 119, 120, 121, 122, 124, 126], "excluded_lines": []}, "ToTPlanner._determine_branch_count": {"executed_lines": [], "summary": {"covered_lines": 0, "num_statements": 5, "percent_covered": 0.0, "percent_covered_display": "0", "missing_lines": 5, "excluded_lines": 0}, "missing_lines": [133, 134, 136, 137, 140], "excluded_lines": []}, "ToTPlanner._generate_auth_branches": {"executed_lines": [], "summary": {"covered_lines": 0, "num_statements": 1, "percent_covered": 0.0, "percent_covered_display": "0", "missing_lines": 1, "excluded_lines": 0}, "missing_lines": [144], "excluded_lines": []}, "ToTPlanner._generate_performance_branches": {"executed_lines": [], "summary": {"covered_lines": 0, "num_statements": 1, "percent_covered": 0.0, "percent_covered_display": "0", "missing_lines": 1, "excluded_lines": 0}, "missing_lines": [178], "excluded_lines": []}, "ToTPlanner._generate_architecture_branches": {"executed_lines": [], "summary": {"covered_lines": 0, "num_statements": 1, "percent_covered": 0.0, "percent_covered_display": "0", "missing_lines": 1, "excluded_lines": 0}, "missing_lines": [209], "excluded_lines": []}, "ToTPlanner._generate_generic_branches": {"executed_lines": [], "summary": {"covered_lines": 0, "num_statements": 4, "percent_covered": 0.0, "percent_covered_display": "0", "missing_lines": 4, "excluded_lines": 0}, "missing_lines": [240, 242, 243, 255], "excluded_lines": []}, "ToTPlanner._score_branches": {"executed_lines": [], "summary": {"covered_lines": 0, "num_statements": 9, "percent_covered": 0.0, "percent_covered_display": "0", "missing_lines": 9, "excluded_lines": 0}, "missing_lines": [266, 267, 269, 271, 273, 275, 276, 282, 284], "excluded_lines": []}, "ToTPlanner._calculate_branch_score": {"executed_lines": [], "summary": {"covered_lines": 0, "num_statements": 16, "percent_covered": 0.0, "percent_covered_display": "0", "missing_lines": 16, "excluded_lines": 0}, "missing_lines": [289, 292, 294, 295, 296, 297, 298, 299, 300, 301, 302, 303, 306, 307, 308, 310], "excluded_lines": []}, "ToTPlanner.plan_to_memory": {"executed_lines": [], "summary": {"covered_lines": 0, "num_statements": 4, "percent_covered": 0.0, "percent_covered_display": "0", "missing_lines": 4, "excluded_lines": 0}, "missing_lines": [325, 326, 328, 349], "excluded_lines": []}, "ToTPlanner.memory_to_plan": {"executed_lines": [], "summary": {"covered_lines": 0, "num_statements": 7, "percent_covered": 0.0, "percent_covered_display": "0", "missing_lines": 7, "excluded_lines": 0}, "missing_lines": [364, 365, 367, 368, 369, 370, 371], "excluded_lines": []}, "prune_branches": {"executed_lines": [], "summary": {"covered_lines": 0, "num_statements": 7, "percent_covered": 0.0, "percent_covered_display": "0", "missing_lines": 7, "excluded_lines": 0}, "missing_lines": [400, 401, 404, 407, 409, 412, 415], "excluded_lines": []}, "select_best_branch": {"executed_lines": [], "summary": {"covered_lines": 0, "num_statements": 4, "percent_covered": 0.0, "percent_covered_display": "0", "missing_lines": 4, "excluded_lines": 0}, "missing_lines": [431, 432, 435, 437], "excluded_lines": []}, "": {"executed_lines": [], "summary": {"covered_lines": 0, "num_statements": 21, "percent_covered": 0.0, "percent_covered_display": "0", "missing_lines": 21, "excluded_lines": 0}, "missing_lines": [14, 15, 16, 17, 20, 23, 26, 34, 45, 103, 128, 142, 174, 205, 236, 257, 286, 312, 351, 379, 418], "excluded_lines": []}}, "classes": {"ToTPlanningError": {"executed_lines": [], "summary": {"covered_lines": 0, "num_statements": 0, "percent_covered": 100.0, "percent_covered_display": "100", "missing_lines": 0, "excluded_lines": 0}, "missing_lines": [], "excluded_lines": []}, "ToTPlanner": {"executed_lines": [], "summary": {"covered_lines": 0, "num_statements": 69, "percent_covered": 0.0, "percent_covered_display": "0", "missing_lines": 69, "excluded_lines": 0}, "missing_lines": [42, 43, 61, 62, 65, 68, 71, 76, 84, 87, 101, 111, 114, 117, 118, 119, 120, 121, 122, 124, 126, 133, 134, 136, 137, 140, 144, 178, 209, 240, 242, 243, 255, 266, 267, 269, 271, 273, 275, 276, 282, 284, 289, 292, 294, 295, 296, 297, 298, 299, 300, 301, 302, 303, 306, 307, 308, 310, 325, 326, 328, 349, 364, 365, 367, 368, 369, 370, 371], "excluded_lines": []}, "": {"executed_lines": [], "summary": {"covered_lines": 0, "num_statements": 32, "percent_covered": 0.0, "percent_covered_display": "0", "missing_lines": 32, "excluded_lines": 0}, "missing_lines": [14, 15, 16, 17, 20, 23, 26, 34, 45, 103, 128, 142, 174, 205, 236, 257, 286, 312, 351, 379, 400, 401, 404, 407, 409, 412, 415, 418, 431, 432, 435, 437], "excluded_lines": []}}}, "src/app.py": {"executed_lines": [], "summary": {"covered_lines": 0, "num_statements": 234, "percent_covered": 0.0, "percent_covered_display": "0", "missing_lines": 234, "excluded_lines": 7}, "missing_lines": [1, 3, 4, 5, 6, 7, 8, 9, 10, 11, 12, 14, 15, 16, 21, 22, 23, 25, 26, 28, 33, 34, 36, 38, 43, 46, 50, 59, 60, 61, 62, 64, 65, 68, 69, 70, 71, 72, 73, 75, 76, 79, 82, 83, 84, 87, 88, 89, 92, 93, 96, 105, 106, 109, 112, 115, 116, 120, 126, 131, 133, 134, 135, 137, 138, 140, 148, 152, 157, 158, 159, 161, 162, 164, 166, 167, 168, 173, 174, 175, 176, 177, 178, 182, 183, 188, 189, 190, 191, 192, 193, 194, 195, 198, 201, 203, 204, 213, 214, 215, 217, 218, 219, 221, 222, 223, 224, 225, 226, 227, 230, 233, 235, 236, 237, 248, 249, 250, 252, 253, 254, 257, 258, 259, 261, 262, 263, 264, 265, 266, 285, 286, 287, 291, 301, 302, 304, 305, 307, 308, 309, 310, 312, 313, 314, 330, 332, 333, 334, 336, 337, 352, 353, 354, 356, 357, 358, 360, 361, 374, 376, 377, 379, 385, 386, 396, 398, 401, 403, 404, 405, 406, 413, 415, 416, 421, 422, 425, 426, 428, 429, 431, 432, 433, 434, 437, 438, 441, 447, 450, 451, 452, 461, 462, 463, 466, 475, 476, 477, 488, 489, 490, 492, 493, 495, 496, 498, 501, 503, 505, 507, 509, 510, 511, 513, 514, 515, 516, 524, 526, 527, 529, 530, 533, 534, 535, 536, 537, 543, 544, 546, 547, 549, 554], "excluded_lines": [267, 268, 269, 270, 271, 282, 283], "functions": {"create_app": {"executed_lines": [], "summary": {"covered_lines": 0, "num_statements": 68, "percent_covered": 0.0, "percent_covered_display": "0", "missing_lines": 68, "excluded_lines": 0}, "missing_lines": [105, 106, 109, 112, 115, 116, 120, 126, 131, 133, 134, 135, 137, 140, 148, 152, 157, 158, 159, 161, 162, 164, 166, 173, 188, 189, 221, 222, 257, 258, 259, 261, 262, 304, 305, 332, 333, 334, 356, 357, 358, 376, 377, 385, 386, 488, 489, 490, 492, 493, 498, 501, 505, 509, 510, 511, 513, 514, 526, 527, 533, 534, 535, 543, 544, 546, 547, 554], "excluded_lines": []}, "create_app.current_generator": {"executed_lines": [], "summary": {"covered_lines": 0, "num_statements": 1, "percent_covered": 0.0, "percent_covered_display": "0", "missing_lines": 1, "excluded_lines": 0}, "missing_lines": [138], "excluded_lines": []}, "create_app._validation_error": {"executed_lines": [], "summary": {"covered_lines": 0, "num_statements": 2, "percent_covered": 0.0, "percent_covered_display": "0", "missing_lines": 2, "excluded_lines": 0}, "missing_lines": [167, 168], "excluded_lines": []}, "create_app._handle_service_error": {"executed_lines": [], "summary": {"covered_lines": 0, "num_statements": 7, "percent_covered": 0.0, "percent_covered_display": "0", "missing_lines": 7, "excluded_lines": 0}, "missing_lines": [174, 175, 176, 177, 178, 182, 183], "excluded_lines": []}, "create_app.embed": {"executed_lines": [], "summary": {"covered_lines": 0, "num_statements": 16, "percent_covered": 0.0, "percent_covered_display": "0", "missing_lines": 16, "excluded_lines": 0}, "missing_lines": [190, 191, 192, 193, 194, 195, 198, 201, 203, 204, 213, 214, 215, 217, 218, 219], "excluded_lines": []}, "create_app.embeddings": {"executed_lines": [], "summary": {"covered_lines": 0, "num_statements": 16, "percent_covered": 0.0, "percent_covered_display": "0", "missing_lines": 16, "excluded_lines": 0}, "missing_lines": [223, 224, 225, 226, 227, 230, 233, 235, 236, 237, 248, 249, 250, 252, 253, 254], "excluded_lines": []}, "create_app.observability_middleware": {"executed_lines": [], "summary": {"covered_lines": 0, "num_statements": 10, "percent_covered": 0.0, "percent_covered_display": "0", "missing_lines": 10, "excluded_lines": 7}, "missing_lines": [263, 264, 265, 266, 285, 286, 287, 291, 301, 302], "excluded_lines": [267, 268, 269, 270, 271, 282, 283]}, "create_app.health": {"executed_lines": [], "summary": {"covered_lines": 0, "num_statements": 8, "percent_covered": 0.0, "percent_covered_display": "0", "missing_lines": 8, "excluded_lines": 0}, "missing_lines": [307, 308, 309, 310, 312, 313, 314, 330], "excluded_lines": []}, "create_app.readiness": {"executed_lines": [], "summary": {"covered_lines": 0, "num_statements": 5, "percent_covered": 0.0, "percent_covered_display": "0", "missing_lines": 5, "excluded_lines": 0}, "missing_lines": [336, 337, 352, 353, 354], "excluded_lines": []}, "create_app.liveness": {"executed_lines": [], "summary": {"covered_lines": 0, "num_statements": 3, "percent_covered": 0.0, "percent_covered_display": "0", "missing_lines": 3, "excluded_lines": 0}, "missing_lines": [360, 361, 374], "excluded_lines": []}, "create_app.models": {"executed_lines": [], "summary": {"covered_lines": 0, "num_statements": 1, "percent_covered": 0.0, "percent_covered_display": "0", "missing_lines": 1, "excluded_lines": 0}, "missing_lines": [379], "excluded_lines": []}, "create_app.embed_multimodal": {"executed_lines": [], "summary": {"covered_lines": 0, "num_statements": 34, "percent_covered": 0.0, "percent_covered_display": "0", "missing_lines": 34, "excluded_lines": 0}, "missing_lines": [396, 398, 401, 403, 404, 405, 406, 413, 415, 416, 421, 422, 425, 426, 428, 429, 431, 432, 433, 434, 437, 438, 441, 447, 450, 451, 452, 461, 462, 463, 466, 475, 476, 477], "excluded_lines": []}, "create_app.mark_service_unready": {"executed_lines": [], "summary": {"covered_lines": 0, "num_statements": 2, "percent_covered": 0.0, "percent_covered_display": "0", "missing_lines": 2, "excluded_lines": 0}, "missing_lines": [495, 496], "excluded_lines": []}, "create_app.cleanup_embedding_service": {"executed_lines": [], "summary": {"covered_lines": 0, "num_statements": 1, "percent_covered": 0.0, "percent_covered_display": "0", "missing_lines": 1, "excluded_lines": 0}, "missing_lines": [503], "excluded_lines": []}, "create_app.cleanup_a2a": {"executed_lines": [], "summary": {"covered_lines": 0, "num_statements": 1, "percent_covered": 0.0, "percent_covered_display": "0", "missing_lines": 1, "excluded_lines": 0}, "missing_lines": [507], "excluded_lines": []}, "create_app.enforce_shutdown_guard": {"executed_lines": [], "summary": {"covered_lines": 0, "num_statements": 3, "percent_covered": 0.0, "percent_covered_display": "0", "missing_lines": 3, "excluded_lines": 0}, "missing_lines": [515, 516, 524], "excluded_lines": []}, "create_app.on_shutdown": {"executed_lines": [], "summary": {"covered_lines": 0, "num_statements": 2, "percent_covered": 0.0, "percent_covered_display": "0", "missing_lines": 2, "excluded_lines": 0}, "missing_lines": [529, 530], "excluded_lines": []}, "create_app.test_slow_endpoint": {"executed_lines": [], "summary": {"covered_lines": 0, "num_statements": 2, "percent_covered": 0.0, "percent_covered_display": "0", "missing_lines": 2, "excluded_lines": 0}, "missing_lines": [536, 537], "excluded_lines": []}, "create_app.metrics": {"executed_lines": [], "summary": {"covered_lines": 0, "num_statements": 1, "percent_covered": 0.0, "percent_covered_display": "0", "missing_lines": 1, "excluded_lines": 0}, "missing_lines": [549], "excluded_lines": []}, "": {"executed_lines": [], "summary": {"covered_lines": 0, "num_statements": 51, "percent_covered": 0.0, "percent_covered_display": "0", "missing_lines": 51, "excluded_lines": 0}, "missing_lines": [1, 3, 4, 5, 6, 7, 8, 9, 10, 11, 12, 14, 15, 16, 21, 22, 23, 25, 26, 28, 33, 34, 36, 38, 43, 46, 50, 59, 60, 61, 62, 64, 65, 68, 69, 70, 71, 72, 73, 75, 76, 79, 82, 83, 84, 87, 88, 89, 92, 93, 96], "excluded_lines": []}}, "classes": {"EmbedRequest": {"executed_lines": [], "summary": {"covered_lines": 0, "num_statements": 0, "percent_covered": 100.0, "percent_covered_display": "100", "missing_lines": 0, "excluded_lines": 0}, "missing_lines": [], "excluded_lines": []}, "ErrorModel": {"executed_lines": [], "summary": {"covered_lines": 0, "num_statements": 0, "percent_covered": 100.0, "percent_covered_display": "100", "missing_lines": 0, "excluded_lines": 0}, "missing_lines": [], "excluded_lines": []}, "ErrorResponse": {"executed_lines": [], "summary": {"covered_lines": 0, "num_statements": 0, "percent_covered": 100.0, "percent_covered_display": "100", "missing_lines": 0, "excluded_lines": 0}, "missing_lines": [], "excluded_lines": []}, "": {"executed_lines": [], "summary": {"covered_lines": 0, "num_statements": 234, "percent_covered": 0.0, "percent_covered_display": "0", "missing_lines": 234, "excluded_lines": 7}, "missing_lines": [1, 3, 4, 5, 6, 7, 8, 9, 10, 11, 12, 14, 15, 16, 21, 22, 23, 25, 26, 28, 33, 34, 36, 38, 43, 46, 50, 59, 60, 61, 62, 64, 65, 68, 69, 70, 71, 72, 73, 75, 76, 79, 82, 83, 84, 87, 88, 89, 92, 93, 96, 105, 106, 109, 112, 115, 116, 120, 126, 131, 133, 134, 135, 137, 138, 140, 148, 152, 157, 158, 159, 161, 162, 164, 166, 167, 168, 173, 174, 175, 176, 177, 178, 182, 183, 188, 189, 190, 191, 192, 193, 194, 195, 198, 201, 203, 204, 213, 214, 215, 217, 218, 219, 221, 222, 223, 224, 225, 226, 227, 230, 233, 235, 236, 237, 248, 249, 250, 252, 253, 254, 257, 258, 259, 261, 262, 263, 264, 265, 266, 285, 286, 287, 291, 301, 302, 304, 305, 307, 308, 309, 310, 312, 313, 314, 330, 332, 333, 334, 336, 337, 352, 353, 354, 356, 357, 358, 360, 361, 374, 376, 377, 379, 385, 386, 396, 398, 401, 403, 404, 405, 406, 413, 415, 416, 421, 422, 425, 426, 428, 429, 431, 432, 433, 434, 437, 438, 441, 447, 450, 451, 452, 461, 462, 463, 466, 475, 476, 477, 488, 489, 490, 492, 493, 495, 496, 498, 501, 503, 505, 507, 509, 510, 511, 513, 514, 515, 516, 524, 526, 527, 529, 530, 533, 534, 535, 536, 537, 543, 544, 546, 547, 549, 554], "excluded_lines": [267, 268, 269, 270, 271, 282, 283]}}}, "src/cortex_py/__init__.py": {"executed_lines": [], "summary": {"covered_lines": 0, "num_statements": 16, "percent_covered": 0.0, "percent_covered_display": "0", "missing_lines": 16, "excluded_lines": 3}, "missing_lines": [3, 5, 6, 8, 24, 64, 65, 66, 67, 68, 69, 70, 71, 72, 75, 76], "excluded_lines": [44, 45, 54], "functions": {"__getattr__": {"executed_lines": [], "summary": {"covered_lines": 0, "num_statements": 8, "percent_covered": 0.0, "percent_covered_display": "0", "missing_lines": 8, "excluded_lines": 0}, "missing_lines": [65, 66, 67, 68, 69, 70, 71, 72], "excluded_lines": []}, "__dir__": {"executed_lines": [], "summary": {"covered_lines": 0, "num_statements": 1, "percent_covered": 0.0, "percent_covered_display": "0", "missing_lines": 1, "excluded_lines": 0}, "missing_lines": [76], "excluded_lines": []}, "": {"executed_lines": [], "summary": {"covered_lines": 0, "num_statements": 7, "percent_covered": 0.0, "percent_covered_display": "0", "missing_lines": 7, "excluded_lines": 3}, "missing_lines": [3, 5, 6, 8, 24, 64, 75], "excluded_lines": [44, 45, 54]}}, "classes": {"": {"executed_lines": [], "summary": {"covered_lines": 0, "num_statements": 16, "percent_covered": 0.0, "percent_covered_display": "0", "missing_lines": 16, "excluded_lines": 3}, "missing_lines": [3, 5, 6, 8, 24, 64, 65, 66, 67, 68, 69, 70, 71, 72, 75, 76], "excluded_lines": [44, 45, 54]}}}, "src/cortex_py/a2a/__init__.py": {"executed_lines": [], "summary": {"covered_lines": 0, "num_statements": 23, "percent_covered": 0.0, "percent_covered_display": "0", "missing_lines": 23, "excluded_lines": 0}, "missing_lines": [9, 10, 12, 13, 14, 15, 21, 27, 29, 52, 53, 54, 56, 57, 58, 60, 61, 63, 64, 67, 78, 79, 81], "excluded_lines": [], "functions": {"_should_use_real_core": {"executed_lines": [], "summary": {"covered_lines": 0, "num_statements": 9, "percent_covered": 0.0, "percent_covered_display": "0", "missing_lines": 9, "excluded_lines": 0}, "missing_lines": [53, 54, 56, 57, 58, 60, 61, 63, 64], "excluded_lines": []}, "create_a2a_bus": {"executed_lines": [], "summary": {"covered_lines": 0, "num_statements": 3, "percent_covered": 0.0, "percent_covered_display": "0", "missing_lines": 3, "excluded_lines": 0}, "missing_lines": [78, 79, 81], "excluded_lines": []}, "": {"executed_lines": [], "summary": {"covered_lines": 0, "num_statements": 11, "percent_covered": 0.0, "percent_covered_display": "0", "missing_lines": 11, "excluded_lines": 0}, "missing_lines": [9, 10, 12, 13, 14, 15, 21, 27, 29, 52, 67], "excluded_lines": []}}, "classes": {"": {"executed_lines": [], "summary": {"covered_lines": 0, "num_statements": 23, "percent_covered": 0.0, "percent_covered_display": "0", "missing_lines": 23, "excluded_lines": 0}, "missing_lines": [9, 10, 12, 13, 14, 15, 21, 27, 29, 52, 53, 54, 56, 57, 58, 60, 61, 63, 64, 67, 78, 79, 81], "excluded_lines": []}}}, "src/cortex_py/a2a/bus.py": {"executed_lines": [], "summary": {"covered_lines": 0, "num_statements": 104, "percent_covered": 0.0, "percent_covered_display": "0", "missing_lines": 104, "excluded_lines": 0}, "missing_lines": [8, 9, 10, 11, 12, 14, 15, 17, 19, 22, 25, 41, 42, 43, 44, 45, 46, 47, 49, 51, 52, 54, 56, 58, 60, 61, 63, 64, 65, 67, 69, 70, 72, 73, 74, 75, 76, 78, 88, 89, 90, 92, 94, 96, 97, 98, 99, 100, 101, 104, 110, 111, 112, 114, 117, 119, 120, 121, 123, 131, 132, 133, 134, 136, 144, 145, 146, 147, 148, 149, 150, 151, 153, 160, 161, 162, 163, 166, 167, 168, 169, 172, 176, 177, 178, 179, 180, 181, 183, 190, 197, 198, 199, 200, 201, 202, 203, 204, 206, 208, 211, 229, 231, 233], "excluded_lines": [], "functions": {"A2ABus.__init__": {"executed_lines": [], "summary": {"covered_lines": 0, "num_statements": 7, "percent_covered": 0.0, "percent_covered_display": "0", "missing_lines": 7, "excluded_lines": 0}, "missing_lines": [41, 42, 43, 44, 45, 46, 47], "excluded_lines": []}, "A2ABus.__aenter__": {"executed_lines": [], "summary": {"covered_lines": 0, "num_statements": 2, "percent_covered": 0.0, "percent_covered_display": "0", "missing_lines": 2, "excluded_lines": 0}, "missing_lines": [51, 52], "excluded_lines": []}, "A2ABus.__aexit__": {"executed_lines": [], "summary": {"covered_lines": 0, "num_statements": 1, "percent_covered": 0.0, "percent_covered_display": "0", "missing_lines": 1, "excluded_lines": 0}, "missing_lines": [56], "excluded_lines": []}, "A2ABus.start": {"executed_lines": [], "summary": {"covered_lines": 0, "num_statements": 5, "percent_covered": 0.0, "percent_covered_display": "0", "missing_lines": 5, "excluded_lines": 0}, "missing_lines": [60, 61, 63, 64, 65], "excluded_lines": []}, "A2ABus.stop": {"executed_lines": [], "summary": {"covered_lines": 0, "num_statements": 7, "percent_covered": 0.0, "percent_covered_display": "0", "missing_lines": 7, "excluded_lines": 0}, "missing_lines": [69, 70, 72, 73, 74, 75, 76], "excluded_lines": []}, "A2ABus.publish": {"executed_lines": [], "summary": {"covered_lines": 0, "num_statements": 20, "percent_covered": 0.0, "percent_covered_display": "0", "missing_lines": 20, "excluded_lines": 0}, "missing_lines": [88, 89, 90, 92, 94, 96, 97, 98, 99, 100, 101, 104, 110, 111, 112, 114, 117, 119, 120, 121], "excluded_lines": []}, "A2ABus.subscribe": {"executed_lines": [], "summary": {"covered_lines": 0, "num_statements": 4, "percent_covered": 0.0, "percent_covered_display": "0", "missing_lines": 4, "excluded_lines": 0}, "missing_lines": [131, 132, 133, 134], "excluded_lines": []}, "A2ABus.unsubscribe": {"executed_lines": [], "summary": {"covered_lines": 0, "num_statements": 8, "percent_covered": 0.0, "percent_covered_display": "0", "missing_lines": 8, "excluded_lines": 0}, "missing_lines": [144, 145, 146, 147, 148, 149, 150, 151], "excluded_lines": []}, "A2ABus.handle_message": {"executed_lines": [], "summary": {"covered_lines": 0, "num_statements": 15, "percent_covered": 0.0, "percent_covered_display": "0", "missing_lines": 15, "excluded_lines": 0}, "missing_lines": [160, 161, 162, 163, 166, 167, 168, 169, 172, 176, 177, 178, 179, 180, 181], "excluded_lines": []}, "A2ABus.health_check": {"executed_lines": [], "summary": {"covered_lines": 0, "num_statements": 11, "percent_covered": 0.0, "percent_covered_display": "0", "missing_lines": 11, "excluded_lines": 0}, "missing_lines": [190, 197, 198, 199, 200, 201, 202, 203, 204, 206, 208], "excluded_lines": []}, "create_a2a_bus": {"executed_lines": [], "summary": {"covered_lines": 0, "num_statements": 3, "percent_covered": 0.0, "percent_covered_display": "0", "missing_lines": 3, "excluded_lines": 0}, "missing_lines": [229, 231, 233], "excluded_lines": []}, "": {"executed_lines": [], "summary": {"covered_lines": 0, "num_statements": 21, "percent_covered": 0.0, "percent_covered_display": "0", "missing_lines": 21, "excluded_lines": 0}, "missing_lines": [8, 9, 10, 11, 12, 14, 15, 17, 19, 22, 25, 49, 54, 58, 67, 78, 123, 136, 153, 183, 211], "excluded_lines": []}}, "classes": {"A2ABus": {"executed_lines": [], "summary": {"covered_lines": 0, "num_statements": 80, "percent_covered": 0.0, "percent_covered_display": "0", "missing_lines": 80, "excluded_lines": 0}, "missing_lines": [41, 42, 43, 44, 45, 46, 47, 51, 52, 56, 60, 61, 63, 64, 65, 69, 70, 72, 73, 74, 75, 76, 88, 89, 90, 92, 94, 96, 97, 98, 99, 100, 101, 104, 110, 111, 112, 114, 117, 119, 120, 121, 131, 132, 133, 134, 144, 145, 146, 147, 148, 149, 150, 151, 160, 161, 162, 163, 166, 167, 168, 169, 172, 176, 177, 178, 179, 180, 181, 190, 197, 198, 199, 200, 201, 202, 203, 204, 206, 208], "excluded_lines": []}, "": {"executed_lines": [], "summary": {"covered_lines": 0, "num_statements": 24, "percent_covered": 0.0, "percent_covered_display": "0", "missing_lines": 24, "excluded_lines": 0}, "missing_lines": [8, 9, 10, 11, 12, 14, 15, 17, 19, 22, 25, 49, 54, 58, 67, 78, 123, 136, 153, 183, 211, 229, 231, 233], "excluded_lines": []}}}, "src/cortex_py/a2a/bus_core.py": {"executed_lines": [], "summary": {"covered_lines": 0, "num_statements": 87, "percent_covered": 0.0, "percent_covered_display": "0", "missing_lines": 87, "excluded_lines": 0}, "missing_lines": [8, 9, 10, 11, 13, 14, 16, 19, 22, 34, 35, 36, 37, 39, 41, 42, 44, 46, 48, 50, 51, 53, 54, 55, 57, 59, 60, 62, 63, 64, 66, 76, 77, 78, 80, 82, 83, 84, 85, 88, 90, 91, 94, 96, 98, 99, 100, 102, 110, 111, 112, 115, 117, 119, 127, 128, 129, 130, 131, 134, 136, 137, 138, 140, 147, 149, 150, 151, 152, 154, 155, 156, 158, 165, 167, 176, 183, 185, 192, 195, 209, 213, 227, 229, 232, 234, 235], "excluded_lines": [], "functions": {"A2ABusCore.__init__": {"executed_lines": [], "summary": {"covered_lines": 0, "num_statements": 4, "percent_covered": 0.0, "percent_covered_display": "0", "missing_lines": 4, "excluded_lines": 0}, "missing_lines": [34, 35, 36, 37], "excluded_lines": []}, "A2ABusCore.__aenter__": {"executed_lines": [], "summary": {"covered_lines": 0, "num_statements": 2, "percent_covered": 0.0, "percent_covered_display": "0", "missing_lines": 2, "excluded_lines": 0}, "missing_lines": [41, 42], "excluded_lines": []}, "A2ABusCore.__aexit__": {"executed_lines": [], "summary": {"covered_lines": 0, "num_statements": 1, "percent_covered": 0.0, "percent_covered_display": "0", "missing_lines": 1, "excluded_lines": 0}, "missing_lines": [46], "excluded_lines": []}, "A2ABusCore.start": {"executed_lines": [], "summary": {"covered_lines": 0, "num_statements": 5, "percent_covered": 0.0, "percent_covered_display": "0", "missing_lines": 5, "excluded_lines": 0}, "missing_lines": [50, 51, 53, 54, 55], "excluded_lines": []}, "A2ABusCore.stop": {"executed_lines": [], "summary": {"covered_lines": 0, "num_statements": 5, "percent_covered": 0.0, "percent_covered_display": "0", "missing_lines": 5, "excluded_lines": 0}, "missing_lines": [59, 60, 62, 63, 64], "excluded_lines": []}, "A2ABusCore.publish": {"executed_lines": [], "summary": {"covered_lines": 0, "num_statements": 16, "percent_covered": 0.0, "percent_covered_display": "0", "missing_lines": 16, "excluded_lines": 0}, "missing_lines": [76, 77, 78, 80, 82, 83, 84, 85, 88, 90, 91, 94, 96, 98, 99, 100], "excluded_lines": []}, "A2ABusCore.subscribe": {"executed_lines": [], "summary": {"covered_lines": 0, "num_statements": 5, "percent_covered": 0.0, "percent_covered_display": "0", "missing_lines": 5, "excluded_lines": 0}, "missing_lines": [110, 111, 112, 115, 117], "excluded_lines": []}, "A2ABusCore.unsubscribe": {"executed_lines": [], "summary": {"covered_lines": 0, "num_statements": 9, "percent_covered": 0.0, "percent_covered_display": "0", "missing_lines": 9, "excluded_lines": 0}, "missing_lines": [127, 128, 129, 130, 131, 134, 136, 137, 138], "excluded_lines": []}, "A2ABusCore.handle_message": {"executed_lines": [], "summary": {"covered_lines": 0, "num_statements": 8, "percent_covered": 0.0, "percent_covered_display": "0", "missing_lines": 8, "excluded_lines": 0}, "missing_lines": [147, 149, 150, 151, 152, 154, 155, 156], "excluded_lines": []}, "A2ABusCore.health_check": {"executed_lines": [], "summary": {"covered_lines": 0, "num_statements": 2, "percent_covered": 0.0, "percent_covered_display": "0", "missing_lines": 2, "excluded_lines": 0}, "missing_lines": [165, 167], "excluded_lines": []}, "A2ABusCore.get_bridge": {"executed_lines": [], "summary": {"covered_lines": 0, "num_statements": 1, "percent_covered": 0.0, "percent_covered_display": "0", "missing_lines": 1, "excluded_lines": 0}, "missing_lines": [183], "excluded_lines": []}, "A2ABusCore.is_real_a2a_core": {"executed_lines": [], "summary": {"covered_lines": 0, "num_statements": 1, "percent_covered": 0.0, "percent_covered_display": "0", "missing_lines": 1, "excluded_lines": 0}, "missing_lines": [192], "excluded_lines": []}, "create_a2a_bus_with_core": {"executed_lines": [], "summary": {"covered_lines": 0, "num_statements": 1, "percent_covered": 0.0, "percent_covered_display": "0", "missing_lines": 1, "excluded_lines": 0}, "missing_lines": [209], "excluded_lines": []}, "create_a2a_bus": {"executed_lines": [], "summary": {"covered_lines": 0, "num_statements": 5, "percent_covered": 0.0, "percent_covered_display": "0", "missing_lines": 5, "excluded_lines": 0}, "missing_lines": [227, 229, 232, 234, 235], "excluded_lines": []}, "": {"executed_lines": [], "summary": {"covered_lines": 0, "num_statements": 22, "percent_covered": 0.0, "percent_covered_display": "0", "missing_lines": 22, "excluded_lines": 0}, "missing_lines": [8, 9, 10, 11, 13, 14, 16, 19, 22, 39, 44, 48, 57, 66, 102, 119, 140, 158, 176, 185, 195, 213], "excluded_lines": []}}, "classes": {"A2ABusCore": {"executed_lines": [], "summary": {"covered_lines": 0, "num_statements": 59, "percent_covered": 0.0, "percent_covered_display": "0", "missing_lines": 59, "excluded_lines": 0}, "missing_lines": [34, 35, 36, 37, 41, 42, 46, 50, 51, 53, 54, 55, 59, 60, 62, 63, 64, 76, 77, 78, 80, 82, 83, 84, 85, 88, 90, 91, 94, 96, 98, 99, 100, 110, 111, 112, 115, 117, 127, 128, 129, 130, 131, 134, 136, 137, 138, 147, 149, 150, 151, 152, 154, 155, 156, 165, 167, 183, 192], "excluded_lines": []}, "": {"executed_lines": [], "summary": {"covered_lines": 0, "num_statements": 28, "percent_covered": 0.0, "percent_covered_display": "0", "missing_lines": 28, "excluded_lines": 0}, "missing_lines": [8, 9, 10, 11, 13, 14, 16, 19, 22, 39, 44, 48, 57, 66, 102, 119, 140, 158, 176, 185, 195, 209, 213, 227, 229, 232, 234, 235], "excluded_lines": []}}}, "src/cortex_py/a2a/events.py": {"executed_lines": [], "summary": {"covered_lines": 0, "num_statements": 36, "percent_covered": 0.0, "percent_covered_display": "0", "missing_lines": 36, "excluded_lines": 0}, "missing_lines": [7, 8, 9, 11, 14, 17, 18, 19, 21, 22, 23, 25, 26, 27, 30, 42, 43, 44, 45, 46, 48, 49, 58, 69, 82, 88, 90, 91, 101, 112, 127, 133, 134, 136, 137, 149], "excluded_lines": [], "functions": {"create_mlx_thermal_event": {"executed_lines": [], "summary": {"covered_lines": 0, "num_statements": 8, "percent_covered": 0.0, "percent_covered_display": "0", "missing_lines": 8, "excluded_lines": 0}, "missing_lines": [42, 43, 44, 45, 46, 48, 49, 58], "excluded_lines": []}, "create_mlx_model_event": {"executed_lines": [], "summary": {"covered_lines": 0, "num_statements": 5, "percent_covered": 0.0, "percent_covered_display": "0", "missing_lines": 5, "excluded_lines": 0}, "missing_lines": [82, 88, 90, 91, 101], "excluded_lines": []}, "create_mlx_embedding_event": {"executed_lines": [], "summary": {"covered_lines": 0, "num_statements": 6, "percent_covered": 0.0, "percent_covered_display": "0", "missing_lines": 6, "excluded_lines": 0}, "missing_lines": [127, 133, 134, 136, 137, 149], "excluded_lines": []}, "": {"executed_lines": [], "summary": {"covered_lines": 0, "num_statements": 17, "percent_covered": 0.0, "percent_covered_display": "0", "missing_lines": 17, "excluded_lines": 0}, "missing_lines": [7, 8, 9, 11, 14, 17, 18, 19, 21, 22, 23, 25, 26, 27, 30, 69, 112], "excluded_lines": []}}, "classes": {"MLXEventTypes": {"executed_lines": [], "summary": {"covered_lines": 0, "num_statements": 0, "percent_covered": 100.0, "percent_covered_display": "100", "missing_lines": 0, "excluded_lines": 0}, "missing_lines": [], "excluded_lines": []}, "": {"executed_lines": [], "summary": {"covered_lines": 0, "num_statements": 36, "percent_covered": 0.0, "percent_covered_display": "0", "missing_lines": 36, "excluded_lines": 0}, "missing_lines": [7, 8, 9, 11, 14, 17, 18, 19, 21, 22, 23, 25, 26, 27, 30, 42, 43, 44, 45, 46, 48, 49, 58, 69, 82, 88, 90, 91, 101, 112, 127, 133, 134, 136, 137, 149], "excluded_lines": []}}}, "src/cortex_py/a2a/models.py": {"executed_lines": [], "summary": {"covered_lines": 0, "num_statements": 48, "percent_covered": 0.0, "percent_covered_display": "0", "missing_lines": 48, "excluded_lines": 0}, "missing_lines": [7, 9, 12, 16, 19, 20, 21, 22, 25, 26, 29, 32, 33, 34, 37, 38, 39, 42, 47, 49, 50, 53, 56, 57, 58, 59, 60, 61, 62, 63, 66, 69, 70, 71, 72, 75, 76, 79, 82, 85, 86, 87, 88, 89, 90, 91, 92, 95], "excluded_lines": [], "functions": {"": {"executed_lines": [], "summary": {"covered_lines": 0, "num_statements": 48, "percent_covered": 0.0, "percent_covered_display": "0", "missing_lines": 48, "excluded_lines": 0}, "missing_lines": [7, 9, 12, 16, 19, 20, 21, 22, 25, 26, 29, 32, 33, 34, 37, 38, 39, 42, 47, 49, 50, 53, 56, 57, 58, 59, 60, 61, 62, 63, 66, 69, 70, 71, 72, 75, 76, 79, 82, 85, 86, 87, 88, 89, 90, 91, 92, 95], "excluded_lines": []}}, "classes": {"A2AEnvelope": {"executed_lines": [], "summary": {"covered_lines": 0, "num_statements": 0, "percent_covered": 100.0, "percent_covered_display": "100", "missing_lines": 0, "excluded_lines": 0}, "missing_lines": [], "excluded_lines": []}, "A2AEnvelope.Config": {"executed_lines": [], "summary": {"covered_lines": 0, "num_statements": 0, "percent_covered": 100.0, "percent_covered_display": "100", "missing_lines": 0, "excluded_lines": 0}, "missing_lines": [], "excluded_lines": []}, "MLXThermalEvent": {"executed_lines": [], "summary": {"covered_lines": 0, "num_statements": 0, "percent_covered": 100.0, "percent_covered_display": "100", "missing_lines": 0, "excluded_lines": 0}, "missing_lines": [], "excluded_lines": []}, "MLXModelEvent": {"executed_lines": [], "summary": {"covered_lines": 0, "num_statements": 0, "percent_covered": 100.0, "percent_covered_display": "100", "missing_lines": 0, "excluded_lines": 0}, "missing_lines": [], "excluded_lines": []}, "MLXEmbeddingEvent": {"executed_lines": [], "summary": {"covered_lines": 0, "num_statements": 0, "percent_covered": 100.0, "percent_covered_display": "100", "missing_lines": 0, "excluded_lines": 0}, "missing_lines": [], "excluded_lines": []}, "": {"executed_lines": [], "summary": {"covered_lines": 0, "num_statements": 48, "percent_covered": 0.0, "percent_covered_display": "0", "missing_lines": 48, "excluded_lines": 0}, "missing_lines": [7, 9, 12, 16, 19, 20, 21, 22, 25, 26, 29, 32, 33, 34, 37, 38, 39, 42, 47, 49, 50, 53, 56, 57, 58, 59, 60, 61, 62, 63, 66, 69, 70, 71, 72, 75, 76, 79, 82, 85, 86, 87, 88, 89, 90, 91, 92, 95], "excluded_lines": []}}}, "src/cortex_py/a2a/stdio_bridge.py": {"executed_lines": [], "summary": {"covered_lines": 0, "num_statements": 118, "percent_covered": 0.0, "percent_covered_display": "0", "missing_lines": 118, "excluded_lines": 0}, "missing_lines": [9, 10, 11, 12, 13, 14, 16, 18, 21, 24, 31, 32, 33, 34, 36, 38, 39, 41, 43, 44, 46, 48, 49, 51, 52, 53, 54, 55, 56, 57, 58, 60, 70, 71, 72, 74, 76, 77, 78, 79, 82, 83, 84, 85, 86, 88, 89, 90, 92, 100, 101, 102, 103, 105, 113, 114, 115, 116, 117, 118, 119, 120, 122, 129, 131, 132, 133, 134, 136, 137, 138, 140, 142, 144, 145, 146, 148, 152, 153, 154, 156, 157, 158, 161, 162, 163, 166, 168, 169, 170, 171, 173, 174, 175, 176, 178, 179, 180, 181, 183, 185, 192, 201, 213, 217, 219, 221, 222, 225, 226, 228, 229, 230, 231, 233, 236, 238, 244], "excluded_lines": [], "functions": {"A2AStdioBridge.__init__": {"executed_lines": [], "summary": {"covered_lines": 0, "num_statements": 4, "percent_covered": 0.0, "percent_covered_display": "0", "missing_lines": 4, "excluded_lines": 0}, "missing_lines": [31, 32, 33, 34], "excluded_lines": []}, "A2AStdioBridge.start": {"executed_lines": [], "summary": {"covered_lines": 0, "num_statements": 5, "percent_covered": 0.0, "percent_covered_display": "0", "missing_lines": 5, "excluded_lines": 0}, "missing_lines": [38, 39, 41, 43, 44], "excluded_lines": []}, "A2AStdioBridge.stop": {"executed_lines": [], "summary": {"covered_lines": 0, "num_statements": 10, "percent_covered": 0.0, "percent_covered_display": "0", "missing_lines": 10, "excluded_lines": 0}, "missing_lines": [48, 49, 51, 52, 53, 54, 55, 56, 57, 58], "excluded_lines": []}, "A2AStdioBridge.publish": {"executed_lines": [], "summary": {"covered_lines": 0, "num_statements": 16, "percent_covered": 0.0, "percent_covered_display": "0", "missing_lines": 16, "excluded_lines": 0}, "missing_lines": [70, 71, 72, 74, 76, 77, 78, 79, 82, 83, 84, 85, 86, 88, 89, 90], "excluded_lines": []}, "A2AStdioBridge.subscribe": {"executed_lines": [], "summary": {"covered_lines": 0, "num_statements": 4, "percent_covered": 0.0, "percent_covered_display": "0", "missing_lines": 4, "excluded_lines": 0}, "missing_lines": [100, 101, 102, 103], "excluded_lines": []}, "A2AStdioBridge.unsubscribe": {"executed_lines": [], "summary": {"covered_lines": 0, "num_statements": 8, "percent_covered": 0.0, "percent_covered_display": "0", "missing_lines": 8, "excluded_lines": 0}, "missing_lines": [113, 114, 115, 116, 117, 118, 119, 120], "excluded_lines": []}, "A2AStdioBridge.handle_message": {"executed_lines": [], "summary": {"covered_lines": 0, "num_statements": 8, "percent_covered": 0.0, "percent_covered_display": "0", "missing_lines": 8, "excluded_lines": 0}, "missing_lines": [129, 131, 132, 133, 134, 136, 137, 138], "excluded_lines": []}, "A2AStdioBridge._listen_stdin": {"executed_lines": [], "summary": {"covered_lines": 0, "num_statements": 28, "percent_covered": 0.0, "percent_covered_display": "0", "missing_lines": 28, "excluded_lines": 0}, "missing_lines": [142, 144, 145, 146, 148, 152, 153, 154, 156, 157, 158, 161, 162, 163, 166, 168, 169, 170, 171, 173, 174, 175, 176, 178, 179, 180, 181, 183], "excluded_lines": []}, "A2AStdioBridge.health_check": {"executed_lines": [], "summary": {"covered_lines": 0, "num_statements": 1, "percent_covered": 0.0, "percent_covered_display": "0", "missing_lines": 1, "excluded_lines": 0}, "missing_lines": [192], "excluded_lines": []}, "create_a2a_stdio_bridge": {"executed_lines": [], "summary": {"covered_lines": 0, "num_statements": 1, "percent_covered": 0.0, "percent_covered_display": "0", "missing_lines": 1, "excluded_lines": 0}, "missing_lines": [213], "excluded_lines": []}, "main": {"executed_lines": [], "summary": {"covered_lines": 0, "num_statements": 10, "percent_covered": 0.0, "percent_covered_display": "0", "missing_lines": 10, "excluded_lines": 0}, "missing_lines": [219, 221, 222, 225, 226, 228, 229, 230, 231, 233], "excluded_lines": []}, "": {"executed_lines": [], "summary": {"covered_lines": 0, "num_statements": 23, "percent_covered": 0.0, "percent_covered_display": "0", "missing_lines": 23, "excluded_lines": 0}, "missing_lines": [9, 10, 11, 12, 13, 14, 16, 18, 21, 24, 36, 46, 60, 92, 105, 122, 140, 185, 201, 217, 236, 238, 244], "excluded_lines": []}}, "classes": {"A2AStdioBridge": {"executed_lines": [], "summary": {"covered_lines": 0, "num_statements": 84, "percent_covered": 0.0, "percent_covered_display": "0", "missing_lines": 84, "excluded_lines": 0}, "missing_lines": [31, 32, 33, 34, 38, 39, 41, 43, 44, 48, 49, 51, 52, 53, 54, 55, 56, 57, 58, 70, 71, 72, 74, 76, 77, 78, 79, 82, 83, 84, 85, 86, 88, 89, 90, 100, 101, 102, 103, 113, 114, 115, 116, 117, 118, 119, 120, 129, 131, 132, 133, 134, 136, 137, 138, 142, 144, 145, 146, 148, 152, 153, 154, 156, 157, 158, 161, 162, 163, 166, 168, 169, 170, 171, 173, 174, 175, 176, 178, 179, 180, 181, 183, 192], "excluded_lines": []}, "": {"executed_lines": [], "summary": {"covered_lines": 0, "num_statements": 34, "percent_covered": 0.0, "percent_covered_display": "0", "missing_lines": 34, "excluded_lines": 0}, "missing_lines": [9, 10, 11, 12, 13, 14, 16, 18, 21, 24, 36, 46, 60, 92, 105, 122, 140, 185, 201, 213, 217, 219, 221, 222, 225, 226, 228, 229, 230, 231, 233, 236, 238, 244], "excluded_lines": []}}}, "src/cortex_py/auth/__init__.py": {"executed_lines": [], "summary": {"covered_lines": 0, "num_statements": 2, "percent_covered": 0.0, "percent_covered_display": "0", "missing_lines": 2, "excluded_lines": 0}, "missing_lines": [3, 5], "excluded_lines": [], "functions": {"": {"executed_lines": [], "summary": {"covered_lines": 0, "num_statements": 2, "percent_covered": 0.0, "percent_covered_display": "0", "missing_lines": 2, "excluded_lines": 0}, "missing_lines": [3, 5], "excluded_lines": []}}, "classes": {"": {"executed_lines": [], "summary": {"covered_lines": 0, "num_statements": 2, "percent_covered": 0.0, "percent_covered_display": "0", "missing_lines": 2, "excluded_lines": 0}, "missing_lines": [3, 5], "excluded_lines": []}}}, "src/cortex_py/auth/better_auth_client.py": {"executed_lines": [], "summary": {"covered_lines": 0, "num_statements": 175, "percent_covered": 0.0, "percent_covered_display": "0", "missing_lines": 175, "excluded_lines": 0}, "missing_lines": [8, 9, 10, 11, 12, 14, 15, 17, 20, 21, 24, 25, 26, 27, 28, 29, 30, 33, 34, 37, 38, 39, 40, 41, 44, 45, 48, 49, 50, 51, 54, 57, 73, 76, 77, 80, 81, 84, 91, 92, 94, 102, 104, 105, 112, 113, 114, 115, 116, 118, 135, 136, 140, 141, 143, 144, 146, 154, 162, 164, 165, 166, 168, 183, 184, 189, 190, 192, 200, 208, 210, 211, 212, 214, 224, 225, 226, 227, 229, 237, 238, 239, 241, 258, 259, 260, 261, 262, 263, 264, 266, 267, 269, 277, 278, 279, 281, 291, 292, 293, 294, 296, 297, 298, 305, 307, 309, 310, 311, 313, 324, 325, 326, 327, 329, 330, 331, 333, 343, 344, 345, 346, 348, 349, 350, 352, 362, 363, 364, 365, 367, 368, 369, 371, 382, 383, 387, 388, 390, 391, 392, 394, 404, 405, 412, 414, 415, 416, 418, 435, 436, 438, 446, 447, 448, 449, 450, 452, 454, 465, 466, 467, 469, 470, 472, 484, 485, 490, 495, 497, 505, 513, 515, 516, 517], "excluded_lines": [], "functions": {"BetterAuthClient.__init__": {"executed_lines": [], "summary": {"covered_lines": 0, "num_statements": 8, "percent_covered": 0.0, "percent_covered_display": "0", "missing_lines": 8, "excluded_lines": 0}, "missing_lines": [73, 76, 77, 80, 81, 84, 91, 92], "excluded_lines": []}, "BetterAuthClient._make_request": {"executed_lines": [], "summary": {"covered_lines": 0, "num_statements": 8, "percent_covered": 0.0, "percent_covered_display": "0", "missing_lines": 8, "excluded_lines": 0}, "missing_lines": [102, 104, 105, 112, 113, 114, 115, 116], "excluded_lines": []}, "BetterAuthClient.register_user": {"executed_lines": [], "summary": {"covered_lines": 0, "num_statements": 12, "percent_covered": 0.0, "percent_covered_display": "0", "missing_lines": 12, "excluded_lines": 0}, "missing_lines": [135, 136, 140, 141, 143, 144, 146, 154, 162, 164, 165, 166], "excluded_lines": []}, "BetterAuthClient.login": {"executed_lines": [], "summary": {"covered_lines": 0, "num_statements": 10, "percent_covered": 0.0, "percent_covered_display": "0", "missing_lines": 10, "excluded_lines": 0}, "missing_lines": [183, 184, 189, 190, 192, 200, 208, 210, 211, 212], "excluded_lines": []}, "BetterAuthClient.get_user": {"executed_lines": [], "summary": {"covered_lines": 0, "num_statements": 8, "percent_covered": 0.0, "percent_covered_display": "0", "missing_lines": 8, "excluded_lines": 0}, "missing_lines": [224, 225, 226, 227, 229, 237, 238, 239], "excluded_lines": []}, "BetterAuthClient.update_user": {"executed_lines": [], "summary": {"covered_lines": 0, "num_statements": 13, "percent_covered": 0.0, "percent_covered_display": "0", "missing_lines": 13, "excluded_lines": 0}, "missing_lines": [258, 259, 260, 261, 262, 263, 264, 266, 267, 269, 277, 278, 279], "excluded_lines": []}, "BetterAuthClient.get_sessions": {"executed_lines": [], "summary": {"covered_lines": 0, "num_statements": 12, "percent_covered": 0.0, "percent_covered_display": "0", "missing_lines": 12, "excluded_lines": 0}, "missing_lines": [291, 292, 293, 294, 296, 297, 298, 305, 307, 309, 310, 311], "excluded_lines": []}, "BetterAuthClient.revoke_session": {"executed_lines": [], "summary": {"covered_lines": 0, "num_statements": 7, "percent_covered": 0.0, "percent_covered_display": "0", "missing_lines": 7, "excluded_lines": 0}, "missing_lines": [324, 325, 326, 327, 329, 330, 331], "excluded_lines": []}, "BetterAuthClient.logout": {"executed_lines": [], "summary": {"covered_lines": 0, "num_statements": 7, "percent_covered": 0.0, "percent_covered_display": "0", "missing_lines": 7, "excluded_lines": 0}, "missing_lines": [343, 344, 345, 346, 348, 349, 350], "excluded_lines": []}, "BetterAuthClient.request_password_reset": {"executed_lines": [], "summary": {"covered_lines": 0, "num_statements": 7, "percent_covered": 0.0, "percent_covered_display": "0", "missing_lines": 7, "excluded_lines": 0}, "missing_lines": [362, 363, 364, 365, 367, 368, 369], "excluded_lines": []}, "BetterAuthClient.reset_password": {"executed_lines": [], "summary": {"covered_lines": 0, "num_statements": 7, "percent_covered": 0.0, "percent_covered_display": "0", "missing_lines": 7, "excluded_lines": 0}, "missing_lines": [382, 383, 387, 388, 390, 391, 392], "excluded_lines": []}, "BetterAuthClient.verify_token": {"executed_lines": [], "summary": {"covered_lines": 0, "num_statements": 6, "percent_covered": 0.0, "percent_covered_display": "0", "missing_lines": 6, "excluded_lines": 0}, "missing_lines": [404, 405, 412, 414, 415, 416], "excluded_lines": []}, "BetterAuthClient.create_service_token": {"executed_lines": [], "summary": {"covered_lines": 0, "num_statements": 9, "percent_covered": 0.0, "percent_covered_display": "0", "missing_lines": 9, "excluded_lines": 0}, "missing_lines": [435, 436, 438, 446, 447, 448, 449, 450, 452], "excluded_lines": []}, "BetterAuthClient.get_oauth_url": {"executed_lines": [], "summary": {"covered_lines": 0, "num_statements": 5, "percent_covered": 0.0, "percent_covered_display": "0", "missing_lines": 5, "excluded_lines": 0}, "missing_lines": [465, 466, 467, 469, 470], "excluded_lines": []}, "BetterAuthClient.exchange_oauth_code": {"executed_lines": [], "summary": {"covered_lines": 0, "num_statements": 10, "percent_covered": 0.0, "percent_covered_display": "0", "missing_lines": 10, "excluded_lines": 0}, "missing_lines": [484, 485, 490, 495, 497, 505, 513, 515, 516, 517], "excluded_lines": []}, "": {"executed_lines": [], "summary": {"covered_lines": 0, "num_statements": 46, "percent_covered": 0.0, "percent_covered_display": "0", "missing_lines": 46, "excluded_lines": 0}, "missing_lines": [8, 9, 10, 11, 12, 14, 15, 17, 20, 21, 24, 25, 26, 27, 28, 29, 30, 33, 34, 37, 38, 39, 40, 41, 44, 45, 48, 49, 50, 51, 54, 57, 94, 118, 168, 214, 241, 281, 313, 333, 352, 371, 394, 418, 454, 472], "excluded_lines": []}}, "classes": {"User": {"executed_lines": [], "summary": {"covered_lines": 0, "num_statements": 0, "percent_covered": 100.0, "percent_covered_display": "100", "missing_lines": 0, "excluded_lines": 0}, "missing_lines": [], "excluded_lines": []}, "Session": {"executed_lines": [], "summary": {"covered_lines": 0, "num_statements": 0, "percent_covered": 100.0, "percent_covered_display": "100", "missing_lines": 0, "excluded_lines": 0}, "missing_lines": [], "excluded_lines": []}, "AuthResult": {"executed_lines": [], "summary": {"covered_lines": 0, "num_statements": 0, "percent_covered": 100.0, "percent_covered_display": "100", "missing_lines": 0, "excluded_lines": 0}, "missing_lines": [], "excluded_lines": []}, "BetterAuthClient": {"executed_lines": [], "summary": {"covered_lines": 0, "num_statements": 129, "percent_covered": 0.0, "percent_covered_display": "0", "missing_lines": 129, "excluded_lines": 0}, "missing_lines": [73, 76, 77, 80, 81, 84, 91, 92, 102, 104, 105, 112, 113, 114, 115, 116, 135, 136, 140, 141, 143, 144, 146, 154, 162, 164, 165, 166, 183, 184, 189, 190, 192, 200, 208, 210, 211, 212, 224, 225, 226, 227, 229, 237, 238, 239, 258, 259, 260, 261, 262, 263, 264, 266, 267, 269, 277, 278, 279, 291, 292, 293, 294, 296, 297, 298, 305, 307, 309, 310, 311, 324, 325, 326, 327, 329, 330, 331, 343, 344, 345, 346, 348, 349, 350, 362, 363, 364, 365, 367, 368, 369, 382, 383, 387, 388, 390, 391, 392, 404, 405, 412, 414, 415, 416, 435, 436, 438, 446, 447, 448, 449, 450, 452, 465, 466, 467, 469, 470, 484, 485, 490, 495, 497, 505, 513, 515, 516, 517], "excluded_lines": []}, "": {"executed_lines": [], "summary": {"covered_lines": 0, "num_statements": 46, "percent_covered": 0.0, "percent_covered_display": "0", "missing_lines": 46, "excluded_lines": 0}, "missing_lines": [8, 9, 10, 11, 12, 14, 15, 17, 20, 21, 24, 25, 26, 27, 28, 29, 30, 33, 34, 37, 38, 39, 40, 41, 44, 45, 48, 49, 50, 51, 54, 57, 94, 118, 168, 214, 241, 281, 313, 333, 352, 371, 394, 418, 454, 472], "excluded_lines": []}}}, "src/cortex_py/generator.py": {"executed_lines": [], "summary": {"covered_lines": 0, "num_statements": 57, "percent_covered": 0.0, "percent_covered_display": "0", "missing_lines": 57, "excluded_lines": 0}, "missing_lines": [1, 3, 4, 5, 6, 7, 9, 10, 11, 13, 15, 18, 21, 22, 23, 24, 26, 27, 28, 29, 31, 32, 34, 35, 36, 46, 49, 50, 51, 53, 54, 55, 56, 58, 59, 61, 62, 64, 65, 66, 72, 74, 75, 78, 87, 88, 90, 91, 92, 93, 94, 96, 97, 98, 99, 101, 102], "excluded_lines": [], "functions": {"DummyEmbeddingGenerator.__init__": {"executed_lines": [], "summary": {"covered_lines": 0, "num_statements": 3, "percent_covered": 0.0, "percent_covered_display": "0", "missing_lines": 3, "excluded_lines": 0}, "missing_lines": [22, 23, 24], "excluded_lines": []}, "DummyEmbeddingGenerator.generate_embedding": {"executed_lines": [], "summary": {"covered_lines": 0, "num_statements": 3, "percent_covered": 0.0, "percent_covered_display": "0", "missing_lines": 3, "excluded_lines": 0}, "missing_lines": [27, 28, 29], "excluded_lines": []}, "DummyEmbeddingGenerator.generate_embeddings": {"executed_lines": [], "summary": {"covered_lines": 0, "num_statements": 1, "percent_covered": 0.0, "percent_covered_display": "0", "missing_lines": 1, "excluded_lines": 0}, "missing_lines": [32], "excluded_lines": []}, "DummyEmbeddingGenerator.get_model_info": {"executed_lines": [], "summary": {"covered_lines": 0, "num_statements": 2, "percent_covered": 0.0, "percent_covered_display": "0", "missing_lines": 2, "excluded_lines": 0}, "missing_lines": [35, 36], "excluded_lines": []}, "LazyEmbeddingGenerator.__init__": {"executed_lines": [], "summary": {"covered_lines": 0, "num_statements": 2, "percent_covered": 0.0, "percent_covered_display": "0", "missing_lines": 2, "excluded_lines": 0}, "missing_lines": [50, 51], "excluded_lines": []}, "LazyEmbeddingGenerator._ensure_delegate": {"executed_lines": [], "summary": {"covered_lines": 0, "num_statements": 3, "percent_covered": 0.0, "percent_covered_display": "0", "missing_lines": 3, "excluded_lines": 0}, "missing_lines": [54, 55, 56], "excluded_lines": []}, "LazyEmbeddingGenerator.generate_embedding": {"executed_lines": [], "summary": {"covered_lines": 0, "num_statements": 1, "percent_covered": 0.0, "percent_covered_display": "0", "missing_lines": 1, "excluded_lines": 0}, "missing_lines": [59], "excluded_lines": []}, "LazyEmbeddingGenerator.generate_embeddings": {"executed_lines": [], "summary": {"covered_lines": 0, "num_statements": 1, "percent_covered": 0.0, "percent_covered_display": "0", "missing_lines": 1, "excluded_lines": 0}, "missing_lines": [62], "excluded_lines": []}, "LazyEmbeddingGenerator.get_model_info": {"executed_lines": [], "summary": {"covered_lines": 0, "num_statements": 3, "percent_covered": 0.0, "percent_covered_display": "0", "missing_lines": 3, "excluded_lines": 0}, "missing_lines": [65, 66, 72], "excluded_lines": []}, "LazyEmbeddingGenerator.__getattr__": {"executed_lines": [], "summary": {"covered_lines": 0, "num_statements": 1, "percent_covered": 0.0, "percent_covered_display": "0", "missing_lines": 1, "excluded_lines": 0}, "missing_lines": [75], "excluded_lines": []}, "build_embedding_generator": {"executed_lines": [], "summary": {"covered_lines": 0, "num_statements": 13, "percent_covered": 0.0, "percent_covered_display": "0", "missing_lines": 13, "excluded_lines": 0}, "missing_lines": [87, 88, 90, 91, 92, 93, 94, 96, 97, 98, 99, 101, 102], "excluded_lines": []}, "": {"executed_lines": [], "summary": {"covered_lines": 0, "num_statements": 24, "percent_covered": 0.0, "percent_covered_display": "0", "missing_lines": 24, "excluded_lines": 0}, "missing_lines": [1, 3, 4, 5, 6, 7, 9, 10, 11, 13, 15, 18, 21, 26, 31, 34, 46, 49, 53, 58, 61, 64, 74, 78], "excluded_lines": []}}, "classes": {"DummyEmbeddingGenerator": {"executed_lines": [], "summary": {"covered_lines": 0, "num_statements": 9, "percent_covered": 0.0, "percent_covered_display": "0", "missing_lines": 9, "excluded_lines": 0}, "missing_lines": [22, 23, 24, 27, 28, 29, 32, 35, 36], "excluded_lines": []}, "LazyEmbeddingGenerator": {"executed_lines": [], "summary": {"covered_lines": 0, "num_statements": 11, "percent_covered": 0.0, "percent_covered_display": "0", "missing_lines": 11, "excluded_lines": 0}, "missing_lines": [50, 51, 54, 55, 56, 59, 62, 65, 66, 72, 75], "excluded_lines": []}, "": {"executed_lines": [], "summary": {"covered_lines": 0, "num_statements": 37, "percent_covered": 0.0, "percent_covered_display": "0", "missing_lines": 37, "excluded_lines": 0}, "missing_lines": [1, 3, 4, 5, 6, 7, 9, 10, 11, 13, 15, 18, 21, 26, 31, 34, 46, 49, 53, 58, 61, 64, 74, 78, 87, 88, 90, 91, 92, 93, 94, 96, 97, 98, 99, 101, 102], "excluded_lines": []}}}, "src/cortex_py/hybrid_config.py": {"executed_lines": [], "summary": {"covered_lines": 0, "num_statements": 101, "percent_covered": 0.0, "percent_covered_display": "0", "missing_lines": 101, "excluded_lines": 0}, "missing_lines": [6, 7, 8, 9, 11, 14, 17, 19, 20, 21, 22, 23, 25, 27, 28, 29, 30, 34, 36, 37, 39, 41, 42, 43, 47, 49, 51, 53, 54, 55, 56, 57, 59, 61, 78, 80, 90, 92, 101, 103, 112, 114, 124, 126, 135, 137, 146, 148, 149, 150, 151, 152, 153, 154, 155, 156, 157, 158, 159, 162, 164, 166, 168, 169, 170, 173, 175, 176, 178, 182, 184, 186, 187, 188, 191, 193, 195, 197, 198, 200, 218, 220, 221, 231, 233, 236, 238, 240, 245, 248, 250, 251, 253, 254, 255, 260, 262, 263, 265, 266, 270], "excluded_lines": [], "functions": {"HybridMLXConfig.__init__": {"executed_lines": [], "summary": {"covered_lines": 0, "num_statements": 5, "percent_covered": 0.0, "percent_covered_display": "0", "missing_lines": 5, "excluded_lines": 0}, "missing_lines": [19, 20, 21, 22, 23], "excluded_lines": []}, "HybridMLXConfig._init_environment_config": {"executed_lines": [], "summary": {"covered_lines": 0, "num_statements": 4, "percent_covered": 0.0, "percent_covered_display": "0", "missing_lines": 4, "excluded_lines": 0}, "missing_lines": [27, 28, 29, 30], "excluded_lines": []}, "HybridMLXConfig._init_branding_config": {"executed_lines": [], "summary": {"covered_lines": 0, "num_statements": 2, "percent_covered": 0.0, "percent_covered_display": "0", "missing_lines": 2, "excluded_lines": 0}, "missing_lines": [36, 37], "excluded_lines": []}, "HybridMLXConfig._init_mlx_config": {"executed_lines": [], "summary": {"covered_lines": 0, "num_statements": 3, "percent_covered": 0.0, "percent_covered_display": "0", "missing_lines": 3, "excluded_lines": 0}, "missing_lines": [41, 42, 43], "excluded_lines": []}, "HybridMLXConfig._init_required_models": {"executed_lines": [], "summary": {"covered_lines": 0, "num_statements": 1, "percent_covered": 0.0, "percent_covered_display": "0", "missing_lines": 1, "excluded_lines": 0}, "missing_lines": [49], "excluded_lines": []}, "HybridMLXConfig._log_initialization": {"executed_lines": [], "summary": {"covered_lines": 0, "num_statements": 5, "percent_covered": 0.0, "percent_covered_display": "0", "missing_lines": 5, "excluded_lines": 0}, "missing_lines": [53, 54, 55, 56, 57], "excluded_lines": []}, "HybridMLXConfig._build_required_models_config": {"executed_lines": [], "summary": {"covered_lines": 0, "num_statements": 1, "percent_covered": 0.0, "percent_covered_display": "0", "missing_lines": 1, "excluded_lines": 0}, "missing_lines": [61], "excluded_lines": []}, "HybridMLXConfig._build_vision_model_config": {"executed_lines": [], "summary": {"covered_lines": 0, "num_statements": 1, "percent_covered": 0.0, "percent_covered_display": "0", "missing_lines": 1, "excluded_lines": 0}, "missing_lines": [80], "excluded_lines": []}, "HybridMLXConfig._build_balanced_model_config": {"executed_lines": [], "summary": {"covered_lines": 0, "num_statements": 1, "percent_covered": 0.0, "percent_covered_display": "0", "missing_lines": 1, "excluded_lines": 0}, "missing_lines": [92], "excluded_lines": []}, "HybridMLXConfig._build_lightweight_model_config": {"executed_lines": [], "summary": {"covered_lines": 0, "num_statements": 1, "percent_covered": 0.0, "percent_covered_display": "0", "missing_lines": 1, "excluded_lines": 0}, "missing_lines": [103], "excluded_lines": []}, "HybridMLXConfig._build_large_context_model_config": {"executed_lines": [], "summary": {"covered_lines": 0, "num_statements": 1, "percent_covered": 0.0, "percent_covered_display": "0", "missing_lines": 1, "excluded_lines": 0}, "missing_lines": [114], "excluded_lines": []}, "HybridMLXConfig._build_embedding_model_config": {"executed_lines": [], "summary": {"covered_lines": 0, "num_statements": 1, "percent_covered": 0.0, "percent_covered_display": "0", "missing_lines": 1, "excluded_lines": 0}, "missing_lines": [126], "excluded_lines": []}, "HybridMLXConfig._build_reranking_model_config": {"executed_lines": [], "summary": {"covered_lines": 0, "num_statements": 1, "percent_covered": 0.0, "percent_covered_display": "0", "missing_lines": 1, "excluded_lines": 0}, "missing_lines": [137], "excluded_lines": []}, "HybridMLXConfig.get_primary_model": {"executed_lines": [], "summary": {"covered_lines": 0, "num_statements": 13, "percent_covered": 0.0, "percent_covered_display": "0", "missing_lines": 13, "excluded_lines": 0}, "missing_lines": [148, 149, 150, 151, 152, 153, 154, 155, 156, 157, 158, 159, 162], "excluded_lines": []}, "HybridMLXConfig.validate_models": {"executed_lines": [], "summary": {"covered_lines": 0, "num_statements": 9, "percent_covered": 0.0, "percent_covered_display": "0", "missing_lines": 9, "excluded_lines": 0}, "missing_lines": [166, 168, 169, 170, 173, 175, 176, 178, 182], "excluded_lines": []}, "HybridMLXConfig._check_model_in_cache": {"executed_lines": [], "summary": {"covered_lines": 0, "num_statements": 5, "percent_covered": 0.0, "percent_covered_display": "0", "missing_lines": 5, "excluded_lines": 0}, "missing_lines": [186, 187, 188, 191, 193], "excluded_lines": []}, "HybridMLXConfig.get_health_info": {"executed_lines": [], "summary": {"covered_lines": 0, "num_statements": 3, "percent_covered": 0.0, "percent_covered_display": "0", "missing_lines": 3, "excluded_lines": 0}, "missing_lines": [197, 198, 200], "excluded_lines": []}, "HybridMLXConfig.get_embedding_config": {"executed_lines": [], "summary": {"covered_lines": 0, "num_statements": 2, "percent_covered": 0.0, "percent_covered_display": "0", "missing_lines": 2, "excluded_lines": 0}, "missing_lines": [220, 221], "excluded_lines": []}, "create_hybrid_config": {"executed_lines": [], "summary": {"covered_lines": 0, "num_statements": 1, "percent_covered": 0.0, "percent_covered_display": "0", "missing_lines": 1, "excluded_lines": 0}, "missing_lines": [233], "excluded_lines": []}, "get_hybrid_config": {"executed_lines": [], "summary": {"covered_lines": 0, "num_statements": 3, "percent_covered": 0.0, "percent_covered_display": "0", "missing_lines": 3, "excluded_lines": 0}, "missing_lines": [238, 240, 245], "excluded_lines": []}, "validate_hybrid_deployment": {"executed_lines": [], "summary": {"covered_lines": 0, "num_statements": 11, "percent_covered": 0.0, "percent_covered_display": "0", "missing_lines": 11, "excluded_lines": 0}, "missing_lines": [250, 251, 253, 254, 255, 260, 262, 263, 265, 266, 270], "excluded_lines": []}, "": {"executed_lines": [], "summary": {"covered_lines": 0, "num_statements": 27, "percent_covered": 0.0, "percent_covered_display": "0", "missing_lines": 27, "excluded_lines": 0}, "missing_lines": [6, 7, 8, 9, 11, 14, 17, 25, 34, 39, 47, 51, 59, 78, 90, 101, 112, 124, 135, 146, 164, 184, 195, 218, 231, 236, 248], "excluded_lines": []}}, "classes": {"HybridMLXConfig": {"executed_lines": [], "summary": {"covered_lines": 0, "num_statements": 59, "percent_covered": 0.0, "percent_covered_display": "0", "missing_lines": 59, "excluded_lines": 0}, "missing_lines": [19, 20, 21, 22, 23, 27, 28, 29, 30, 36, 37, 41, 42, 43, 49, 53, 54, 55, 56, 57, 61, 80, 92, 103, 114, 126, 137, 148, 149, 150, 151, 152, 153, 154, 155, 156, 157, 158, 159, 162, 166, 168, 169, 170, 173, 175, 176, 178, 182, 186, 187, 188, 191, 193, 197, 198, 200, 220, 221], "excluded_lines": []}, "": {"executed_lines": [], "summary": {"covered_lines": 0, "num_statements": 42, "percent_covered": 0.0, "percent_covered_display": "0", "missing_lines": 42, "excluded_lines": 0}, "missing_lines": [6, 7, 8, 9, 11, 14, 17, 25, 34, 39, 47, 51, 59, 78, 90, 101, 112, 124, 135, 146, 164, 184, 195, 218, 231, 233, 236, 238, 240, 245, 248, 250, 251, 253, 254, 255, 260, 262, 263, 265, 266, 270], "excluded_lines": []}}}, "src/cortex_py/mcp/__init__.py": {"executed_lines": [], "summary": {"covered_lines": 0, "num_statements": 4, "percent_covered": 0.0, "percent_covered_display": "0", "missing_lines": 4, "excluded_lines": 0}, "missing_lines": [3, 14, 15, 17], "excluded_lines": [], "functions": {"": {"executed_lines": [], "summary": {"covered_lines": 0, "num_statements": 4, "percent_covered": 0.0, "percent_covered_display": "0", "missing_lines": 4, "excluded_lines": 0}, "missing_lines": [3, 14, 15, 17], "excluded_lines": []}}, "classes": {"": {"executed_lines": [], "summary": {"covered_lines": 0, "num_statements": 4, "percent_covered": 0.0, "percent_covered_display": "0", "missing_lines": 4, "excluded_lines": 0}, "missing_lines": [3, 14, 15, 17], "excluded_lines": []}}}, "src/cortex_py/mcp/docs.py": {"executed_lines": [], "summary": {"covered_lines": 0, "num_statements": 13, "percent_covered": 0.0, "percent_covered_display": "0", "missing_lines": 13, "excluded_lines": 0}, "missing_lines": [1, 3, 5, 6, 9, 10, 11, 12, 13, 14, 17, 18, 19], "excluded_lines": [], "functions": {"_example_for": {"executed_lines": [], "summary": {"covered_lines": 0, "num_statements": 5, "percent_covered": 0.0, "percent_covered_display": "0", "missing_lines": 5, "excluded_lines": 0}, "missing_lines": [10, 11, 12, 13, 14], "excluded_lines": []}, "": {"executed_lines": [], "summary": {"covered_lines": 0, "num_statements": 8, "percent_covered": 0.0, "percent_covered_display": "0", "missing_lines": 8, "excluded_lines": 0}, "missing_lines": [1, 3, 5, 6, 9, 17, 18, 19], "excluded_lines": []}}, "classes": {"": {"executed_lines": [], "summary": {"covered_lines": 0, "num_statements": 13, "percent_covered": 0.0, "percent_covered_display": "0", "missing_lines": 13, "excluded_lines": 0}, "missing_lines": [1, 3, 5, 6, 9, 10, 11, 12, 13, 14, 17, 18, 19], "excluded_lines": []}}}, "src/cortex_py/mcp/models.py": {"executed_lines": [], "summary": {"covered_lines": 0, "num_statements": 78, "percent_covered": 0.0, "percent_covered_display": "0", "missing_lines": 78, "excluded_lines": 0}, "missing_lines": [1, 3, 4, 6, 9, 12, 13, 14, 20, 21, 22, 23, 24, 25, 26, 29, 32, 33, 34, 40, 41, 42, 43, 44, 45, 46, 47, 48, 49, 50, 51, 52, 53, 56, 57, 58, 59, 60, 61, 64, 65, 70, 71, 72, 75, 76, 77, 78, 79, 80, 81, 84, 85, 90, 91, 92, 95, 96, 97, 98, 99, 100, 103, 104, 105, 106, 107, 108, 111, 112, 113, 114, 117, 118, 119, 120, 121, 122], "excluded_lines": [], "functions": {"EmbeddingToolInput._sanitize_text": {"executed_lines": [], "summary": {"covered_lines": 0, "num_statements": 4, "percent_covered": 0.0, "percent_covered_display": "0", "missing_lines": 4, "excluded_lines": 0}, "missing_lines": [23, 24, 25, 26], "excluded_lines": []}, "BatchEmbeddingToolInput._validate_texts": {"executed_lines": [], "summary": {"covered_lines": 0, "num_statements": 11, "percent_covered": 0.0, "percent_covered_display": "0", "missing_lines": 11, "excluded_lines": 0}, "missing_lines": [43, 44, 45, 46, 47, 48, 49, 50, 51, 52, 53], "excluded_lines": []}, "": {"executed_lines": [], "summary": {"covered_lines": 0, "num_statements": 63, "percent_covered": 0.0, "percent_covered_display": "0", "missing_lines": 63, "excluded_lines": 0}, "missing_lines": [1, 3, 4, 6, 9, 12, 13, 14, 20, 21, 22, 29, 32, 33, 34, 40, 41, 42, 56, 57, 58, 59, 60, 61, 64, 65, 70, 71, 72, 75, 76, 77, 78, 79, 80, 81, 84, 85, 90, 91, 92, 95, 96, 97, 98, 99, 100, 103, 104, 105, 106, 107, 108, 111, 112, 113, 114, 117, 118, 119, 120, 121, 122], "excluded_lines": []}}, "classes": {"EmbeddingToolInput": {"executed_lines": [], "summary": {"covered_lines": 0, "num_statements": 4, "percent_covered": 0.0, "percent_covered_display": "0", "missing_lines": 4, "excluded_lines": 0}, "missing_lines": [23, 24, 25, 26], "excluded_lines": []}, "BatchEmbeddingToolInput": {"executed_lines": [], "summary": {"covered_lines": 0, "num_statements": 11, "percent_covered": 0.0, "percent_covered_display": "0", "missing_lines": 11, "excluded_lines": 0}, "missing_lines": [43, 44, 45, 46, 47, 48, 49, 50, 51, 52, 53], "excluded_lines": []}, "EmbeddingMetadata": {"executed_lines": [], "summary": {"covered_lines": 0, "num_statements": 0, "percent_covered": 100.0, "percent_covered_display": "100", "missing_lines": 0, "excluded_lines": 0}, "missing_lines": [], "excluded_lines": []}, "EmbeddingToolResponse": {"executed_lines": [], "summary": {"covered_lines": 0, "num_statements": 0, "percent_covered": 100.0, "percent_covered_display": "100", "missing_lines": 0, "excluded_lines": 0}, "missing_lines": [], "excluded_lines": []}, "BatchEmbeddingMetadata": {"executed_lines": [], "summary": {"covered_lines": 0, "num_statements": 0, "percent_covered": 100.0, "percent_covered_display": "100", "missing_lines": 0, "excluded_lines": 0}, "missing_lines": [], "excluded_lines": []}, "BatchEmbeddingToolResponse": {"executed_lines": [], "summary": {"covered_lines": 0, "num_statements": 0, "percent_covered": 100.0, "percent_covered_display": "100", "missing_lines": 0, "excluded_lines": 0}, "missing_lines": [], "excluded_lines": []}, "ModelInfoResponse": {"executed_lines": [], "summary": {"covered_lines": 0, "num_statements": 0, "percent_covered": 100.0, "percent_covered_display": "100", "missing_lines": 0, "excluded_lines": 0}, "missing_lines": [], "excluded_lines": []}, "HealthStatusResponse": {"executed_lines": [], "summary": {"covered_lines": 0, "num_statements": 0, "percent_covered": 100.0, "percent_covered_display": "100", "missing_lines": 0, "excluded_lines": 0}, "missing_lines": [], "excluded_lines": []}, "ToolErrorResponse": {"executed_lines": [], "summary": {"covered_lines": 0, "num_statements": 0, "percent_covered": 100.0, "percent_covered_display": "100", "missing_lines": 0, "excluded_lines": 0}, "missing_lines": [], "excluded_lines": []}, "ToolContract": {"executed_lines": [], "summary": {"covered_lines": 0, "num_statements": 0, "percent_covered": 100.0, "percent_covered_display": "100", "missing_lines": 0, "excluded_lines": 0}, "missing_lines": [], "excluded_lines": []}, "": {"executed_lines": [], "summary": {"covered_lines": 0, "num_statements": 63, "percent_covered": 0.0, "percent_covered_display": "0", "missing_lines": 63, "excluded_lines": 0}, "missing_lines": [1, 3, 4, 6, 9, 12, 13, 14, 20, 21, 22, 29, 32, 33, 34, 40, 41, 42, 56, 57, 58, 59, 60, 61, 64, 65, 70, 71, 72, 75, 76, 77, 78, 79, 80, 81, 84, 85, 90, 91, 92, 95, 96, 97, 98, 99, 100, 103, 104, 105, 106, 107, 108, 111, 112, 113, 114, 117, 118, 119, 120, 121, 122], "excluded_lines": []}}}, "src/cortex_py/mcp/server.py": {"executed_lines": [], "summary": {"covered_lines": 0, "num_statements": 37, "percent_covered": 0.0, "percent_covered_display": "0", "missing_lines": 37, "excluded_lines": 0}, "missing_lines": [1, 3, 4, 5, 7, 9, 10, 12, 21, 23, 25, 32, 60, 70, 71, 72, 82, 83, 85, 86, 87, 88, 90, 91, 92, 93, 95, 96, 97, 98, 100, 101, 102, 103, 105, 106, 109], "excluded_lines": [], "functions": {"create_mcp_server": {"executed_lines": [], "summary": {"covered_lines": 0, "num_statements": 15, "percent_covered": 0.0, "percent_covered_display": "0", "missing_lines": 15, "excluded_lines": 0}, "missing_lines": [70, 71, 72, 82, 83, 85, 86, 90, 91, 95, 96, 100, 101, 105, 106], "excluded_lines": []}, "create_mcp_server.embedding_generate": {"executed_lines": [], "summary": {"covered_lines": 0, "num_statements": 2, "percent_covered": 0.0, "percent_covered_display": "0", "missing_lines": 2, "excluded_lines": 0}, "missing_lines": [87, 88], "excluded_lines": []}, "create_mcp_server.embedding_batch": {"executed_lines": [], "summary": {"covered_lines": 0, "num_statements": 2, "percent_covered": 0.0, "percent_covered_display": "0", "missing_lines": 2, "excluded_lines": 0}, "missing_lines": [92, 93], "excluded_lines": []}, "create_mcp_server.model_info": {"executed_lines": [], "summary": {"covered_lines": 0, "num_statements": 2, "percent_covered": 0.0, "percent_covered_display": "0", "missing_lines": 2, "excluded_lines": 0}, "missing_lines": [97, 98], "excluded_lines": []}, "create_mcp_server.healt
[...]
 {"HealthCheckError": {"executed_lines": [], "summary": {"covered_lines": 0, "num_statements": 0, "percent_covered": 100.0, "percent_covered_display": "100", "missing_lines": 0, "excluded_lines": 0}, "missing_lines": [], "excluded_lines": []}, "HealthService": {"executed_lines": [], "summary": {"covered_lines": 0, "num_statements": 21, "percent_covered": 0.0, "percent_covered_display": "0", "missing_lines": 21, "excluded_lines": 0}, "missing_lines": [42, 43, 52, 58, 60, 74, 75, 84, 89, 93, 108, 121, 125, 140, 141, 143, 146, 147, 150, 151, 154], "excluded_lines": []}, "": {"executed_lines": [], "summary": {"covered_lines": 0, "num_statements": 43, "percent_covered": 0.0, "percent_covered_display": "0", "missing_lines": 43, "excluded_lines": 0}, "missing_lines": [14, 15, 16, 18, 21, 24, 27, 35, 45, 67, 101, 114, 123, 131, 160, 169, 170, 174, 176, 178, 180, 185, 186, 193, 202, 203, 208, 209, 211, 212, 214, 217, 218, 224, 229, 230, 237, 246, 247, 251, 253, 258, 259], "excluded_lines": []}}}, "src/performance/__init__.py": {"executed_lines": [], "summary": {"covered_lines": 0, "num_statements": 2, "percent_covered": 0.0, "percent_covered_display": "0", "missing_lines": 2, "excluded_lines": 0}, "missing_lines": [7, 15], "excluded_lines": [], "functions": {"": {"executed_lines": [], "summary": {"covered_lines": 0, "num_statements": 2, "percent_covered": 0.0, "percent_covered_display": "0", "missing_lines": 2, "excluded_lines": 0}, "missing_lines": [7, 15], "excluded_lines": []}}, "classes": {"": {"executed_lines": [], "summary": {"covered_lines": 0, "num_statements": 2, "percent_covered": 0.0, "percent_covered_display": "0", "missing_lines": 2, "excluded_lines": 0}, "missing_lines": [7, 15], "excluded_lines": []}}}, "src/performance/slo_tracker.py": {"executed_lines": [], "summary": {"covered_lines": 0, "num_statements": 72, "percent_covered": 0.0, "percent_covered_display": "0", "missing_lines": 72, "excluded_lines": 0}, "missing_lines": [14, 15, 16, 19, 26, 33, 34, 37, 39, 50, 51, 52, 53, 55, 57, 68, 69, 71, 74, 75, 77, 91, 92, 94, 97, 98, 100, 106, 119, 120, 122, 125, 126, 128, 129, 131, 151, 152, 154, 155, 157, 158, 160, 162, 171, 175, 178, 189, 190, 192, 195, 205, 206, 209, 221, 222, 225, 234, 235, 238, 245, 246, 248, 249, 251, 252, 253, 255, 263, 264, 266, 268], "excluded_lines": [], "functions": {"SLOTracker.__init__": {"executed_lines": [], "summary": {"covered_lines": 0, "num_statements": 3, "percent_covered": 0.0, "percent_covered_display": "0", "missing_lines": 3, "excluded_lines": 0}, "missing_lines": [33, 34, 37], "excluded_lines": []}, "SLOTracker.track": {"executed_lines": [], "summary": {"covered_lines": 0, "num_statements": 5, "percent_covered": 0.0, "percent_covered_display": "0", "missing_lines": 5, "excluded_lines": 0}, "missing_lines": [50, 51, 52, 53, 55], "excluded_lines": []}, "SLOTracker.track_request": {"executed_lines": [], "summary": {"covered_lines": 0, "num_statements": 5, "percent_covered": 0.0, "percent_covered_display": "0", "missing_lines": 5, "excluded_lines": 0}, "missing_lines": [68, 69, 71, 74, 75], "excluded_lines": []}, "SLOTracker.get_percentile": {"executed_lines": [], "summary": {"covered_lines": 0, "num_statements": 6, "percent_covered": 0.0, "percent_covered_display": "0", "missing_lines": 6, "excluded_lines": 0}, "missing_lines": [91, 92, 94, 97, 98, 100], "excluded_lines": []}, "SLOTracker.get_error_rate": {"executed_lines": [], "summary": {"covered_lines": 0, "num_statements": 7, "percent_covered": 0.0, "percent_covered_display": "0", "missing_lines": 7, "excluded_lines": 0}, "missing_lines": [119, 120, 122, 125, 126, 128, 129], "excluded_lines": []}, "SLOTracker.meets_slo": {"executed_lines": [], "summary": {"covered_lines": 0, "num_statements": 7, "percent_covered": 0.0, "percent_covered_display": "0", "missing_lines": 7, "excluded_lines": 0}, "missing_lines": [151, 152, 154, 155, 157, 158, 160], "excluded_lines": []}, "SLOTracker.get_endpoints": {"executed_lines": [], "summary": {"covered_lines": 0, "num_statements": 1, "percent_covered": 0.0, "percent_covered_display": "0", "missing_lines": 1, "excluded_lines": 0}, "missing_lines": [171], "excluded_lines": []}, "get_global_tracker": {"executed_lines": [], "summary": {"covered_lines": 0, "num_statements": 3, "percent_covered": 0.0, "percent_covered_display": "0", "missing_lines": 3, "excluded_lines": 0}, "missing_lines": [189, 190, 192], "excluded_lines": []}, "track_endpoint_latency": {"executed_lines": [], "summary": {"covered_lines": 0, "num_statements": 2, "percent_covered": 0.0, "percent_covered_display": "0", "missing_lines": 2, "excluded_lines": 0}, "missing_lines": [205, 206], "excluded_lines": []}, "get_p95_latency": {"executed_lines": [], "summary": {"covered_lines": 0, "num_statements": 2, "percent_covered": 0.0, "percent_covered_display": "0", "missing_lines": 2, "excluded_lines": 0}, "missing_lines": [221, 222], "excluded_lines": []}, "generate_slo_report": {"executed_lines": [], "summary": {"covered_lines": 0, "num_statements": 15, "percent_covered": 0.0, "percent_covered_display": "0", "missing_lines": 15, "excluded_lines": 0}, "missing_lines": [234, 235, 238, 245, 246, 248, 249, 251, 252, 253, 255, 263, 264, 266, 268], "excluded_lines": []}, "": {"executed_lines": [], "summary": {"covered_lines": 0, "num_statements": 16, "percent_covered": 0.0, "percent_covered_display": "0", "missing_lines": 16, "excluded_lines": 0}, "missing_lines": [14, 15, 16, 19, 26, 39, 57, 77, 106, 131, 162, 175, 178, 195, 209, 225], "excluded_lines": []}}, "classes": {"SLOTracker": {"executed_lines": [], "summary": {"covered_lines": 0, "num_statements": 34, "percent_covered": 0.0, "percent_covered_display": "0", "missing_lines": 34, "excluded_lines": 0}, "missing_lines": [33, 34, 37, 50, 51, 52, 53, 55, 68, 69, 71, 74, 75, 91, 92, 94, 97, 98, 100, 119, 120, 122, 125, 126, 128, 129, 151, 152, 154, 155, 157, 158, 160, 171], "excluded_lines": []}, "": {"executed_lines": [], "summary": {"covered_lines": 0, "num_statements": 38, "percent_covered": 0.0, "percent_covered_display": "0", "missing_lines": 38, "excluded_lines": 0}, "missing_lines": [14, 15, 16, 19, 26, 39, 57, 77, 106, 131, 162, 175, 178, 189, 190, 192, 195, 205, 206, 209, 221, 222, 225, 234, 235, 238, 245, 246, 248, 249, 251, 252, 253, 255, 263, 264, 266, 268], "excluded_lines": []}}}, "src/sustainability/__init__.py": {"executed_lines": [], "summary": {"covered_lines": 0, "num_statements": 3, "percent_covered": 0.0, "percent_covered_display": "0", "missing_lines": 3, "excluded_lines": 0}, "missing_lines": [7, 17, 19], "excluded_lines": [], "functions": {"": {"executed_lines": [], "summary": {"covered_lines": 0, "num_statements": 3, "percent_covered": 0.0, "percent_covered_display": "0", "missing_lines": 3, "excluded_lines": 0}, "missing_lines": [7, 17, 19], "excluded_lines": []}}, "classes": {"": {"executed_lines": [], "summary": {"covered_lines": 0, "num_statements": 3, "percent_covered": 0.0, "percent_covered_display": "0", "missing_lines": 3, "excluded_lines": 0}, "missing_lines": [7, 17, 19], "excluded_lines": []}}}, "src/sustainability/energy_monitor.py": {"executed_lines": [], "summary": {"covered_lines": 0, "num_statements": 54, "percent_covered": 0.0, "percent_covered_display": "0", "missing_lines": 54, "excluded_lines": 0}, "missing_lines": [14, 15, 16, 18, 21, 22, 23, 26, 33, 40, 41, 42, 43, 45, 51, 52, 54, 64, 65, 72, 76, 77, 79, 82, 83, 84, 86, 93, 102, 105, 117, 118, 120, 121, 122, 124, 125, 127, 130, 141, 143, 152, 166, 168, 176, 185, 187, 192, 201, 215, 216, 218, 221, 234], "excluded_lines": [], "functions": {"EnergyMonitor.__init__": {"executed_lines": [], "summary": {"covered_lines": 0, "num_statements": 4, "percent_covered": 0.0, "percent_covered_display": "0", "missing_lines": 4, "excluded_lines": 0}, "missing_lines": [40, 41, 42, 43], "excluded_lines": []}, "EnergyMonitor.start_tracking": {"executed_lines": [], "summary": {"covered_lines": 0, "num_statements": 2, "percent_covered": 0.0, "percent_covered_display": "0", "missing_lines": 2, "excluded_lines": 0}, "missing_lines": [51, 52], "excluded_lines": []}, "EnergyMonitor.stop_tracking": {"executed_lines": [], "summary": {"covered_lines": 0, "num_statements": 10, "percent_covered": 0.0, "percent_covered_display": "0", "missing_lines": 10, "excluded_lines": 0}, "missing_lines": [64, 65, 72, 76, 77, 79, 82, 83, 84, 86], "excluded_lines": []}, "EnergyMonitor.get_warnings": {"executed_lines": [], "summary": {"covered_lines": 0, "num_statements": 1, "percent_covered": 0.0, "percent_covered_display": "0", "missing_lines": 1, "excluded_lines": 0}, "missing_lines": [102], "excluded_lines": []}, "track_request_energy": {"executed_lines": [], "summary": {"covered_lines": 0, "num_statements": 8, "percent_covered": 0.0, "percent_covered_display": "0", "missing_lines": 8, "excluded_lines": 0}, "missing_lines": [117, 118, 120, 121, 122, 124, 125, 127], "excluded_lines": []}, "get_energy_metrics": {"executed_lines": [], "summary": {"covered_lines": 0, "num_statements": 2, "percent_covered": 0.0, "percent_covered_display": "0", "missing_lines": 2, "excluded_lines": 0}, "missing_lines": [141, 143], "excluded_lines": []}, "track_co2_emissions": {"executed_lines": [], "summary": {"covered_lines": 0, "num_statements": 2, "percent_covered": 0.0, "percent_covered_display": "0", "missing_lines": 2, "excluded_lines": 0}, "missing_lines": [166, 168], "excluded_lines": []}, "generate_sustainability_report": {"executed_lines": [], "summary": {"covered_lines": 0, "num_statements": 3, "percent_covered": 0.0, "percent_covered_display": "0", "missing_lines": 3, "excluded_lines": 0}, "missing_lines": [185, 187, 192], "excluded_lines": []}, "calculate_efficiency": {"executed_lines": [], "summary": {"covered_lines": 0, "num_statements": 3, "percent_covered": 0.0, "percent_covered_display": "0", "missing_lines": 3, "excluded_lines": 0}, "missing_lines": [215, 216, 218], "excluded_lines": []}, "check_power_threshold": {"executed_lines": [], "summary": {"covered_lines": 0, "num_statements": 1, "percent_covered": 0.0, "percent_covered_display": "0", "missing_lines": 1, "excluded_lines": 0}, "missing_lines": [234], "excluded_lines": []}, "": {"executed_lines": [], "summary": {"covered_lines": 0, "num_statements": 18, "percent_covered": 0.0, "percent_covered_display": "0", "missing_lines": 18, "excluded_lines": 0}, "missing_lines": [14, 15, 16, 18, 21, 22, 23, 26, 33, 45, 54, 93, 105, 130, 152, 176, 201, 221], "excluded_lines": []}}, "classes": {"EnergyMonitor": {"executed_lines": [], "summary": {"covered_lines": 0, "num_statements": 17, "percent_covered": 0.0, "percent_covered_display": "0", "missing_lines": 17, "excluded_lines": 0}, "missing_lines": [40, 41, 42, 43, 51, 52, 64, 65, 72, 76, 77, 79, 82, 83, 84, 86, 102], "excluded_lines": []}, "": {"executed_lines": [], "summary": {"covered_lines": 0, "num_statements": 37, "percent_covered": 0.0, "percent_covered_display": "0", "missing_lines": 37, "excluded_lines": 0}, "missing_lines": [14, 15, 16, 18, 21, 22, 23, 26, 33, 45, 54, 93, 105, 117, 118, 120, 121, 122, 124, 125, 127, 130, 141, 143, 152, 166, 168, 176, 185, 187, 192, 201, 215, 216, 218, 221, 234], "excluded_lines": []}}}, "src/sustainability/low_power.py": {"executed_lines": [], "summary": {"covered_lines": 0, "num_statements": 21, "percent_covered": 0.0, "percent_covered_display": "0", "missing_lines": 21, "excluded_lines": 0}, "missing_lines": [14, 17, 24, 26, 27, 34, 40, 43, 44, 46, 52, 55, 56, 58, 67, 69, 78, 80, 91, 92, 94], "excluded_lines": [], "functions": {"LowPowerMode.__init__": {"executed_lines": [], "summary": {"covered_lines": 0, "num_statements": 2, "percent_covered": 0.0, "percent_covered_display": "0", "missing_lines": 2, "excluded_lines": 0}, "missing_lines": [26, 27], "excluded_lines": []}, "LowPowerMode.enable": {"executed_lines": [], "summary": {"covered_lines": 0, "num_statements": 3, "percent_covered": 0.0, "percent_covered_display": "0", "missing_lines": 3, "excluded_lines": 0}, "missing_lines": [40, 43, 44], "excluded_lines": []}, "LowPowerMode.disable": {"executed_lines": [], "summary": {"covered_lines": 0, "num_statements": 3, "percent_covered": 0.0, "percent_covered_display": "0", "missing_lines": 3, "excluded_lines": 0}, "missing_lines": [52, 55, 56], "excluded_lines": []}, "LowPowerMode.is_enabled": {"executed_lines": [], "summary": {"covered_lines": 0, "num_statements": 1, "percent_covered": 0.0, "percent_covered_display": "0", "missing_lines": 1, "excluded_lines": 0}, "missing_lines": [67], "excluded_lines": []}, "LowPowerMode.get_optimizations": {"executed_lines": [], "summary": {"covered_lines": 0, "num_statements": 1, "percent_covered": 0.0, "percent_covered_display": "0", "missing_lines": 1, "excluded_lines": 0}, "missing_lines": [78], "excluded_lines": []}, "LowPowerMode.set_optimization": {"executed_lines": [], "summary": {"covered_lines": 0, "num_statements": 3, "percent_covered": 0.0, "percent_covered_display": "0", "missing_lines": 3, "excluded_lines": 0}, "missing_lines": [91, 92, 94], "excluded_lines": []}, "": {"executed_lines": [], "summary": {"covered_lines": 0, "num_statements": 8, "percent_covered": 0.0, "percent_covered_display": "0", "missing_lines": 8, "excluded_lines": 0}, "missing_lines": [14, 17, 24, 34, 46, 58, 69, 80], "excluded_lines": []}}, "classes": {"LowPowerMode": {"executed_lines": [], "summary": {"covered_lines": 0, "num_statements": 13, "percent_covered": 0.0, "percent_covered_display": "0", "missing_lines": 13, "excluded_lines": 0}, "missing_lines": [26, 27, 40, 43, 44, 52, 55, 56, 67, 78, 91, 92, 94], "excluded_lines": []}, "": {"executed_lines": [], "summary": {"covered_lines": 0, "num_statements": 8, "percent_covered": 0.0, "percent_covered_display": "0", "missing_lines": 8, "excluded_lines": 0}, "missing_lines": [14, 17, 24, 34, 46, 58, 69, 80], "excluded_lines": []}}}, "src/thermal/__init__.py": {"executed_lines": [], "summary": {"covered_lines": 0, "num_statements": 2, "percent_covered": 0.0, "percent_covered_display": "0", "missing_lines": 2, "excluded_lines": 0}, "missing_lines": [3, 5], "excluded_lines": [], "functions": {"": {"executed_lines": [], "summary": {"covered_lines": 0, "num_statements": 2, "percent_covered": 0.0, "percent_covered_display": "0", "missing_lines": 2, "excluded_lines": 0}, "missing_lines": [3, 5], "excluded_lines": []}}, "classes": {"": {"executed_lines": [], "summary": {"covered_lines": 0, "num_statements": 2, "percent_covered": 0.0, "percent_covered_display": "0", "missing_lines": 2, "excluded_lines": 0}, "missing_lines": [3, 5], "excluded_lines": []}}}, "src/thermal/monitor.py": {"executed_lines": [], "summary": {"covered_lines": 0, "num_statements": 81, "percent_covered": 0.0, "percent_covered_display": "0", "missing_lines": 81, "excluded_lines": 20}, "missing_lines": [3, 5, 6, 7, 8, 10, 11, 14, 21, 22, 25, 26, 27, 28, 29, 30, 31, 32, 35, 36, 39, 40, 42, 45, 46, 47, 48, 49, 51, 54, 55, 56, 57, 58, 60, 63, 64, 65, 66, 67, 70, 73, 81, 82, 83, 84, 85, 87, 88, 91, 93, 96, 97, 98, 99, 100, 101, 103, 114, 115, 117, 119, 122, 123, 124, 126, 135, 136, 137, 138, 139, 140, 141, 144, 153, 154, 155, 156, 158, 180, 183], "excluded_lines": [17, 18, 159, 160, 161, 162, 163, 165, 166, 167, 168, 170, 171, 172, 173, 174, 175, 177, 178, 179], "functions": {"ThermalPublisher.publish": {"executed_lines": [], "summary": {"covered_lines": 0, "num_statements": 0, "percent_covered": 100.0, "percent_covered_display": "100", "missing_lines": 0, "excluded_lines": 1}, "missing_lines": [], "excluded_lines": [18]}, "ThermalPolicy.classify": {"executed_lines": [], "summary": {"covered_lines": 0, "num_statements": 5, "percent_covered": 0.0, "percent_covered_display": "0", "missing_lines": 5, "excluded_lines": 0}, "missing_lines": [45, 46, 47, 48, 49], "excluded_lines": []}, "ThermalPolicy.threshold_for": {"executed_lines": [], "summary": {"covered_lines": 0, "num_statements": 5, "percent_covered": 0.0, "percent_covered_display": "0", "missing_lines": 5, "excluded_lines": 0}, "missing_lines": [54, 55, 56, 57, 58], "excluded_lines": []}, "ThermalPolicy.throttle_hint_for": {"executed_lines": [], "summary": {"covered_lines": 0, "num_statements": 5, "percent_covered": 0.0, "percent_covered_display": "0", "missing_lines": 5, "excluded_lines": 0}, "missing_lines": [63, 64, 65, 66, 67], "excluded_lines": []}, "ThermalMonitor.__init__": {"executed_lines": [], "summary": {"covered_lines": 0, "num_statements": 5, "percent_covered": 0.0, "percent_covered_display": "0", "missing_lines": 5, "excluded_lines": 0}, "missing_lines": [81, 82, 83, 84, 85], "excluded_lines": []}, "ThermalMonitor.policy": {"executed_lines": [], "summary": {"covered_lines": 0, "num_statements": 1, "percent_covered": 0.0, "percent_covered_display": "0", "missing_lines": 1, "excluded_lines": 0}, "missing_lines": [91], "excluded_lines": []}, "ThermalMonitor.publish_reading": {"executed_lines": [], "summary": {"covered_lines": 0, "num_statements": 10, "percent_covered": 0.0, "percent_covered_display": "0", "missing_lines": 10, "excluded_lines": 0}, "missing_lines": [96, 97, 98, 99, 100, 101, 103, 114, 115, 117], "excluded_lines": []}, "ThermalMonitor._build_envelope": {"executed_lines": [], "summary": {"covered_lines": 0, "num_statements": 11, "percent_covered": 0.0, "percent_covered_display": "0", "missing_lines": 11, "excluded_lines": 0}, "missing_lines": [122, 123, 124, 126, 135, 136, 137, 138, 139, 140, 141], "excluded_lines": []}, "create_thermal_monitor": {"executed_lines": [], "summary": {"covered_lines": 0, "num_statements": 6, "percent_covered": 0.0, "percent_covered_display": "0", "missing_lines": 6, "excluded_lines": 18}, "missing_lines": [153, 154, 155, 156, 158, 180], "excluded_lines": [159, 160, 161, 162, 163, 165, 166, 167, 168, 170, 171, 172, 173, 174, 175, 177, 178, 179]}, "": {"executed_lines": [], "summary": {"covered_lines": 0, "num_statements": 33, "percent_covered": 0.0, "percent_covered_display": "0", "missing_lines": 33, "excluded_lines": 1}, "missing_lines": [3, 5, 6, 7, 8, 10, 11, 14, 21, 22, 25, 26, 27, 28, 29, 30, 31, 32, 35, 36, 39, 40, 42, 51, 60, 70, 73, 87, 88, 93, 119, 144, 183], "excluded_lines": [17]}}, "classes": {"ThermalPublisher": {"executed_lines": [], "summary": {"covered_lines": 0, "num_statements": 0, "percent_covered": 100.0, "percent_covered_display": "100", "missing_lines": 0, "excluded_lines": 1}, "missing_lines": [], "excluded_lines": [18]}, "ThermalEvent": {"executed_lines": [], "summary": {"covered_lines": 0, "num_statements": 0, "percent_covered": 100.0, "percent_covered_display": "100", "missing_lines": 0, "excluded_lines": 0}, "missing_lines": [], "excluded_lines": []}, "ThermalPolicy": {"executed_lines": [], "summary": {"covered_lines": 0, "num_statements": 15, "percent_covered": 0.0, "percent_covered_display": "0", "missing_lines": 15, "excluded_lines": 0}, "missing_lines": [45, 46, 47, 48, 49, 54, 55, 56, 57, 58, 63, 64, 65, 66, 67], "excluded_lines": []}, "ThermalMonitor": {"executed_lines": [], "summary": {"covered_lines": 0, "num_statements": 27, "percent_covered": 0.0, "percent_covered_display": "0", "missing_lines": 27, "excluded_lines": 0}, "missing_lines": [81, 82, 83, 84, 85, 91, 96, 97, 98, 99, 100, 101, 103, 114, 115, 117, 122, 123, 124, 126, 135, 136, 137, 138, 139, 140, 141], "excluded_lines": []}, "": {"executed_lines": [], "summary": {"covered_lines": 0, "num_statements": 39, "percent_covered": 0.0, "percent_covered_display": "0", "missing_lines": 39, "excluded_lines": 19}, "missing_lines": [3, 5, 6, 7, 8, 10, 11, 14, 21, 22, 25, 26, 27, 28, 29, 30, 31, 32, 35, 36, 39, 40, 42, 51, 60, 70, 73, 87, 88, 93, 119, 144, 153, 154, 155, 156, 158, 180, 183], "excluded_lines": [17, 159, 160, 161, 162, 163, 165, 166, 167, 168, 170, 171, 172, 173, 174, 175, 177, 178, 179]}}}}, "totals": {"covered_lines": 311, "num_statements": 3457, "percent_covered": 8.996239514029506, "percent_covered_display": "9", "missing_lines": 3146, "excluded_lines": 526}}