{"total": {"lines":{"total":2258,"covered":913,"skipped":0,"pct":40.43},"statements":{"total":2258,"covered":913,"skipped":0,"pct":40.43},"functions":{"total":79,"covered":50,"skipped":0,"pct":63.29},"branches":{"total":163,"covered":108,"skipped":0,"pct":66.25},"branchesTrue":{"total":0,"covered":0,"skipped":0,"pct":100}}
,"/Users/jamiecraik/.Cortex-OS/packages/rag/src/enhanced-pipeline.ts": {"lines":{"total":34,"covered":0,"skipped":0,"pct":0},"functions":{"total":1,"covered":0,"skipped":0,"pct":0},"statements":{"total":34,"covered":0,"skipped":0,"pct":0},"branches":{"total":1,"covered":0,"skipped":0,"pct":0}}
,"/Users/jamiecraik/.Cortex-OS/packages/rag/src/index.ts": {"lines":{"total":36,"covered":20,"skipped":0,"pct":55.55},"functions":{"total":1,"covered":1,"skipped":0,"pct":100},"statements":{"total":36,"covered":20,"skipped":0,"pct":55.55},"branches":{"total":5,"covered":1,"skipped":0,"pct":20}}
,"/Users/jamiecraik/.Cortex-OS/packages/rag/src/rag-pipeline.ts": {"lines":{"total":62,"covered":53,"skipped":0,"pct":85.48},"functions":{"total":5,"covered":4,"skipped":0,"pct":80},"statements":{"total":62,"covered":53,"skipped":0,"pct":85.48},"branches":{"total":10,"covered":10,"skipped":0,"pct":100}}
,"/Users/jamiecraik/.Cortex-OS/packages/rag/src/chunk/index.ts": {"lines":{"total":8,"covered":0,"skipped":0,"pct":0},"functions":{"total":1,"covered":0,"skipped":0,"pct":0},"statements":{"total":8,"covered":0,"skipped":0,"pct":0},"branches":{"total":1,"covered":0,"skipped":0,"pct":0}}
,"/Users/jamiecraik/.Cortex-OS/packages/rag/src/chunkers/dispatch.ts": {"lines":{"total":313,"covered":145,"skipped":0,"pct":46.32},"functions":{"total":15,"covered":8,"skipped":0,"pct":53.33},"statements":{"total":313,"covered":145,"skipped":0,"pct":46.32},"branches":{"total":26,"covered":14,"skipped":0,"pct":53.84}}
,"/Users/jamiecraik/.Cortex-OS/packages/rag/src/chunkers/index.ts": {"lines":{"total":1,"covered":0,"skipped":0,"pct":0},"functions":{"total":1,"covered":0,"skipped":0,"pct":0},"statements":{"total":1,"covered":0,"skipped":0,"pct":0},"branches":{"total":1,"covered":0,"skipped":0,"pct":0}}
,"/Users/jamiecraik/.Cortex-OS/packages/rag/src/embed/python-client.ts": {"lines":{"total":19,"covered":4,"skipped":0,"pct":21.05},"functions":{"total":2,"covered":0,"skipped":0,"pct":0},"statements":{"total":19,"covered":4,"skipped":0,"pct":21.05},"branches":{"total":0,"covered":0,"skipped":0,"pct":100}}
,"/Users/jamiecraik/.Cortex-OS/packages/rag/src/embed/qwen3-script.ts": {"lines":{"total":14,"covered":0,"skipped":0,"pct":0},"functions":{"total":1,"covered":0,"skipped":0,"pct":0},"statements":{"total":14,"covered":0,"skipped":0,"pct":0},"branches":{"total":1,"covered":0,"skipped":0,"pct":0}}
,"/Users/jamiecraik/.Cortex-OS/packages/rag/src/embed/qwen3.ts": {"lines":{"total":106,"covered":0,"skipped":0,"pct":0},"functions":{"total":1,"covered":0,"skipped":0,"pct":0},"statements":{"total":106,"covered":0,"skipped":0,"pct":0},"branches":{"total":1,"covered":0,"skipped":0,"pct":0}}
,"/Users/jamiecraik/.Cortex-OS/packages/rag/src/eval/harness.ts": {"lines":{"total":54,"covered":0,"skipped":0,"pct":0},"functions":{"total":1,"covered":0,"skipped":0,"pct":0},"statements":{"total":54,"covered":0,"skipped":0,"pct":0},"branches":{"total":1,"covered":0,"skipped":0,"pct":0}}
,"/Users/jamiecraik/.Cortex-OS/packages/rag/src/eval/metrics.ts": {"lines":{"total":34,"covered":0,"skipped":0,"pct":0},"functions":{"total":1,"covered":1,"skipped":0,"pct":100},"statements":{"total":34,"covered":0,"skipped":0,"pct":0},"branches":{"total":1,"covered":1,"skipped":0,"pct":100}}
,"/Users/jamiecraik/.Cortex-OS/packages/rag/src/generation/index.ts": {"lines":{"total":2,"covered":0,"skipped":0,"pct":0},"functions":{"total":1,"covered":0,"skipped":0,"pct":0},"statements":{"total":2,"covered":0,"skipped":0,"pct":0},"branches":{"total":1,"covered":0,"skipped":0,"pct":0}}
,"/Users/jamiecraik/.Cortex-OS/packages/rag/src/generation/multi-model.ts": {"lines":{"total":268,"covered":0,"skipped":0,"pct":0},"functions":{"total":1,"covered":0,"skipped":0,"pct":0},"statements":{"total":268,"covered":0,"skipped":0,"pct":0},"branches":{"total":1,"covered":0,"skipped":0,"pct":0}}
,"/Users/jamiecraik/.Cortex-OS/packages/rag/src/lib/batch-ingest.ts": {"lines":{"total":48,"covered":48,"skipped":0,"pct":100},"functions":{"total":4,"covered":4,"skipped":0,"pct":100},"statements":{"total":48,"covered":48,"skipped":0,"pct":100},"branches":{"total":11,"covered":10,"skipped":0,"pct":90.9}}
,"/Users/jamiecraik/.Cortex-OS/packages/rag/src/lib/citation-bundler.ts": {"lines":{"total":12,"covered":12,"skipped":0,"pct":100},"functions":{"total":1,"covered":1,"skipped":0,"pct":100},"statements":{"total":12,"covered":12,"skipped":0,"pct":100},"branches":{"total":3,"covered":3,"skipped":0,"pct":100}}
,"/Users/jamiecraik/.Cortex-OS/packages/rag/src/lib/contracts-shim.ts": {"lines":{"total":9,"covered":9,"skipped":0,"pct":100},"functions":{"total":0,"covered":0,"skipped":0,"pct":100},"statements":{"total":9,"covered":9,"skipped":0,"pct":100},"branches":{"total":0,"covered":0,"skipped":0,"pct":100}}
,"/Users/jamiecraik/.Cortex-OS/packages/rag/src/lib/embed-query.ts": {"lines":{"total":4,"covered":0,"skipped":0,"pct":0},"functions":{"total":1,"covered":1,"skipped":0,"pct":100},"statements":{"total":4,"covered":0,"skipped":0,"pct":0},"branches":{"total":1,"covered":1,"skipped":0,"pct":100}}
,"/Users/jamiecraik/.Cortex-OS/packages/rag/src/lib/generate-answer.ts": {"lines":{"total":38,"covered":0,"skipped":0,"pct":0},"functions":{"total":1,"covered":1,"skipped":0,"pct":100},"statements":{"total":38,"covered":0,"skipped":0,"pct":0},"branches":{"total":1,"covered":1,"skipped":0,"pct":100}}
,"/Users/jamiecraik/.Cortex-OS/packages/rag/src/lib/index.ts": {"lines":{"total":7,"covered":0,"skipped":0,"pct":0},"functions":{"total":1,"covered":0,"skipped":0,"pct":0},"statements":{"total":7,"covered":0,"skipped":0,"pct":0},"branches":{"total":1,"covered":0,"skipped":0,"pct":0}}
,"/Users/jamiecraik/.Cortex-OS/packages/rag/src/lib/rerank-docs.ts": {"lines":{"total":18,"covered":0,"skipped":0,"pct":0},"functions":{"total":1,"covered":1,"skipped":0,"pct":100},"statements":{"total":18,"covered":0,"skipped":0,"pct":0},"branches":{"total":1,"covered":1,"skipped":0,"pct":100}}
,"/Users/jamiecraik/.Cortex-OS/packages/rag/src/lib/retrieve-docs.ts": {"lines":{"total":29,"covered":0,"skipped":0,"pct":0},"functions":{"total":1,"covered":1,"skipped":0,"pct":100},"statements":{"total":29,"covered":0,"skipped":0,"pct":0},"branches":{"total":1,"covered":1,"skipped":0,"pct":100}}
,"/Users/jamiecraik/.Cortex-OS/packages/rag/src/lib/run-process.ts": {"lines":{"total":46,"covered":0,"skipped":0,"pct":0},"functions":{"total":1,"covered":0,"skipped":0,"pct":0},"statements":{"total":46,"covered":0,"skipped":0,"pct":0},"branches":{"total":1,"covered":0,"skipped":0,"pct":0}}
,"/Users/jamiecraik/.Cortex-OS/packages/rag/src/lib/shims.ts": {"lines":{"total":22,"covered":18,"skipped":0,"pct":81.81},"functions":{"total":5,"covered":4,"skipped":0,"pct":80},"statements":{"total":22,"covered":18,"skipped":0,"pct":81.81},"branches":{"total":5,"covered":4,"skipped":0,"pct":80}}
,"/Users/jamiecraik/.Cortex-OS/packages/rag/src/lib/types.ts": {"lines":{"total":0,"covered":0,"skipped":0,"pct":100},"functions":{"total":1,"covered":1,"skipped":0,"pct":100},"statements":{"total":0,"covered":0,"skipped":0,"pct":100},"branches":{"total":1,"covered":1,"skipped":0,"pct":100}}
,"/Users/jamiecraik/.Cortex-OS/packages/rag/src/pipeline/batch-ingest.ts": {"lines":{"total":45,"covered":45,"skipped":0,"pct":100},"functions":{"total":2,"covered":2,"skipped":0,"pct":100},"statements":{"total":45,"covered":45,"skipped":0,"pct":100},"branches":{"total":4,"covered":3,"skipped":0,"pct":75}}
,"/Users/jamiecraik/.Cortex-OS/packages/rag/src/pipeline/file-discovery.ts": {"lines":{"total":42,"covered":40,"skipped":0,"pct":95.23},"functions":{"total":2,"covered":2,"skipped":0,"pct":100},"statements":{"total":42,"covered":40,"skipped":0,"pct":95.23},"branches":{"total":10,"covered":9,"skipped":0,"pct":90}}
,"/Users/jamiecraik/.Cortex-OS/packages/rag/src/pipeline/index.ts": {"lines":{"total":5,"covered":5,"skipped":0,"pct":100},"functions":{"total":0,"covered":0,"skipped":0,"pct":100},"statements":{"total":5,"covered":5,"skipped":0,"pct":100},"branches":{"total":0,"covered":0,"skipped":0,"pct":100}}
,"/Users/jamiecraik/.Cortex-OS/packages/rag/src/pipeline/ingest.ts": {"lines":{"total":43,"covered":0,"skipped":0,"pct":0},"functions":{"total":1,"covered":0,"skipped":0,"pct":0},"statements":{"total":43,"covered":0,"skipped":0,"pct":0},"branches":{"total":1,"covered":0,"skipped":0,"pct":0}}
,"/Users/jamiecraik/.Cortex-OS/packages/rag/src/pipeline/query.ts": {"lines":{"total":9,"covered":0,"skipped":0,"pct":0},"functions":{"total":1,"covered":1,"skipped":0,"pct":100},"statements":{"total":9,"covered":0,"skipped":0,"pct":0},"branches":{"total":1,"covered":1,"skipped":0,"pct":100}}
,"/Users/jamiecraik/.Cortex-OS/packages/rag/src/pipeline/qwen3-reranker.ts": {"lines":{"total":146,"covered":0,"skipped":0,"pct":0},"functions":{"total":1,"covered":0,"skipped":0,"pct":0},"statements":{"total":146,"covered":0,"skipped":0,"pct":0},"branches":{"total":1,"covered":0,"skipped":0,"pct":0}}
,"/Users/jamiecraik/.Cortex-OS/packages/rag/src/pipeline/rerank_fusion.ts": {"lines":{"total":40,"covered":38,"skipped":0,"pct":95},"functions":{"total":4,"covered":4,"skipped":0,"pct":100},"statements":{"total":40,"covered":38,"skipped":0,"pct":95},"branches":{"total":18,"covered":15,"skipped":0,"pct":83.33}}
,"/Users/jamiecraik/.Cortex-OS/packages/rag/src/policy/index.ts": {"lines":{"total":2,"covered":0,"skipped":0,"pct":0},"functions":{"total":1,"covered":0,"skipped":0,"pct":0},"statements":{"total":2,"covered":0,"skipped":0,"pct":0},"branches":{"total":1,"covered":0,"skipped":0,"pct":0}}
,"/Users/jamiecraik/.Cortex-OS/packages/rag/src/policy/load.ts": {"lines":{"total":77,"covered":0,"skipped":0,"pct":0},"functions":{"total":1,"covered":0,"skipped":0,"pct":0},"statements":{"total":77,"covered":0,"skipped":0,"pct":0},"branches":{"total":1,"covered":0,"skipped":0,"pct":0}}
,"/Users/jamiecraik/.Cortex-OS/packages/rag/src/policy/mime.ts": {"lines":{"total":536,"covered":454,"skipped":0,"pct":84.7},"functions":{"total":12,"covered":9,"skipped":0,"pct":75},"statements":{"total":536,"covered":454,"skipped":0,"pct":84.7},"branches":{"total":36,"covered":21,"skipped":0,"pct":58.33}}
,"/Users/jamiecraik/.Cortex-OS/packages/rag/src/retrieval/freshness-router.ts": {"lines":{"total":20,"covered":20,"skipped":0,"pct":100},"functions":{"total":1,"covered":1,"skipped":0,"pct":100},"statements":{"total":20,"covered":20,"skipped":0,"pct":100},"branches":{"total":11,"covered":8,"skipped":0,"pct":72.72}}
,"/Users/jamiecraik/.Cortex-OS/packages/rag/src/store/file.ts": {"lines":{"total":48,"covered":2,"skipped":0,"pct":4.16},"functions":{"total":1,"covered":0,"skipped":0,"pct":0},"statements":{"total":48,"covered":2,"skipped":0,"pct":4.16},"branches":{"total":0,"covered":0,"skipped":0,"pct":100}}
,"/Users/jamiecraik/.Cortex-OS/packages/rag/src/store/memory.ts": {"lines":{"total":38,"covered":0,"skipped":0,"pct":0},"functions":{"total":1,"covered":1,"skipped":0,"pct":100},"statements":{"total":38,"covered":0,"skipped":0,"pct":0},"branches":{"total":1,"covered":1,"skipped":0,"pct":100}}
,"/Users/jamiecraik/.Cortex-OS/packages/rag/src/stubs/fast-glob.ts": {"lines":{"total":5,"covered":0,"skipped":0,"pct":0},"functions":{"total":1,"covered":1,"skipped":0,"pct":100},"statements":{"total":5,"covered":0,"skipped":0,"pct":0},"branches":{"total":1,"covered":1,"skipped":0,"pct":100}}
,"/Users/jamiecraik/.Cortex-OS/packages/rag/src/stubs/micromatch.ts": {"lines":{"total":18,"covered":0,"skipped":0,"pct":0},"functions":{"total":1,"covered":1,"skipped":0,"pct":100},"statements":{"total":18,"covered":0,"skipped":0,"pct":0},"branches":{"total":1,"covered":1,"skipped":0,"pct":100}}
}
