
> @cortex-os/memory-core@0.1.0 test /Users/jamiecraik/.Cortex-OS/packages/memory-core
> vitest -- __tests__/services/GraphRAGService.gpu-shutdown.test.ts --run


 DEV  v3.2.4 /Users/jamiecraik/.Cortex-OS/packages/memory-core

stdout | __tests__/acceleration/GPUAcceleration.memory.test.ts > GPU Memory Management - RED Phase (Failing Tests) > Memory Reservation System > should release all GPU memory after batch processing
[brAInwav] Memory leak test assertion {
  brand: [32m'brAInwav'[39m,
  timestamp: [32m'2025-10-12T22:00:00.000Z'[39m,
  expectedMemoryUsed: [33m0[39m,
  actualMemoryUsed: [33m0[39m,
  expectedMemoryFree: [33m1000[39m,
  actualMemoryFree: [33m1000[39m,
  testBatchId: [32m'memory-test-batch'[39m
}

stdout | __tests__/acceleration/GPUAcceleration.memory.test.ts > GPU Memory Management - RED Phase (Failing Tests) > Cleanup and Lifecycle > should clean up timers and queues on stop()
brAInwav GPU Acceleration Manager stopped {
  component: [32m'memory-core'[39m,
  brand: [32m'brAInwav'[39m,
  finalMetrics: {
    totalRequests: [33m0[39m,
    gpuRequests: [33m0[39m,
    cpuRequests: [33m0[39m,
    averageLatency: [33m0[39m,
    gpuUtilization: [33m0[39m,
    memoryUsage: [33m0[39m,
    batchEfficiency: [33m0[39m,
    fallbackRate: [33m0[39m,
    errors: [33m0[39m
  }
}

stdout | __tests__/acceleration/GPUAcceleration.memory.test.ts > GPU Memory Management - RED Phase (Failing Tests) > Cleanup and Lifecycle > should log leaked reservations during shutdown
brAInwav GPU Acceleration Manager stopped {
  component: [32m'memory-core'[39m,
  brand: [32m'brAInwav'[39m,
  finalMetrics: {
    totalRequests: [33m0[39m,
    gpuRequests: [33m0[39m,
    cpuRequests: [33m0[39m,
    averageLatency: [33m0[39m,
    gpuUtilization: [33m0[39m,
    memoryUsage: [33m0[39m,
    batchEfficiency: [33m0[39m,
    fallbackRate: [33m0[39m,
    errors: [33m0[39m
  }
}

 ‚ùØ __tests__/acceleration/GPUAcceleration.memory.test.ts (8 tests | 6 failed) 11ms
   ‚úì GPU Memory Management - RED Phase (Failing Tests) > Memory Reservation System > should release all GPU memory after batch processing 2ms
   √ó GPU Memory Management - RED Phase (Failing Tests) > Memory Reservation System > should release memory even when embedding generation fails 5ms
     ‚Üí expected [Function] to throw error including 'brAInwav: Simulated GPU failure' but got 'brAInwav GPU Acceleration Manager not‚Ä¶'
   √ó GPU Memory Management - RED Phase (Failing Tests) > Memory Reservation System > should prevent double-release of memory reservations 0ms
     ‚Üí expected undefined to be defined
   √ó GPU Memory Management - RED Phase (Failing Tests) > Memory Reservation System > should reject reservation when insufficient memory 1ms
     ‚Üí expected [Function] to throw error matching /brAInwav.*insufficient.*memory/i but got 'brAInwav GPU Acceleration Manager not‚Ä¶'
   ‚úì GPU Memory Management - RED Phase (Failing Tests) > Cleanup and Lifecycle > should clean up timers and queues on stop() 0ms
   √ó GPU Memory Management - RED Phase (Failing Tests) > Cleanup and Lifecycle > should log leaked reservations during shutdown 1ms
     ‚Üí expected "warn" to be called with arguments: [ StringContaining "[brAInwav]", ‚Ä¶(1) ][90m

Number of calls: [1m0[22m
[39m
   √ó GPU Memory Management - RED Phase (Failing Tests) > Cleanup and Lifecycle > should handle multiple sequential batches without accumulation 1ms
     ‚Üí expected 2 to be +0 // Object.is equality
   √ó GPU Memory Management - RED Phase (Failing Tests) > Error Resilience > should handle concurrent batch processing safely 0ms
     ‚Üí expected 2 to be +0 // Object.is equality
 ‚ùØ src/skills/__tests__/security-validator.test.ts (25 tests | 3 failed) 14ms
   ‚úì Security Validation - Code Injection > should pass validation for safe skill 1ms
   ‚úì Security Validation - Code Injection > should detect eval() usage 0ms
   ‚úì Security Validation - Code Injection > should detect Function() constructor 0ms
   ‚úì Security Validation - Code Injection > should detect script tag injection 0ms
   ‚úì Security Validation - Code Injection > should allow safe code examples in markdown 0ms
   √ó Security Validation - Code Injection > should detect dangerous process methods 3ms
     ‚Üí expected false to be true // Object.is equality
   ‚úì Security Validation - Path Traversal > should detect ../ patterns 0ms
   √ó Security Validation - Path Traversal > should detect absolute path access 0ms
     ‚Üí expected 0 to be greater than 0
   ‚úì Security Validation - Path Traversal > should allow safe relative paths 0ms
   ‚úì Security Validation - Path Traversal > should detect encoded path traversal 0ms
   ‚úì Security Validation - XSS Patterns > should detect javascript: protocol 0ms
   ‚úì Security Validation - XSS Patterns > should detect data: protocol with script 0ms
   ‚úì Security Validation - XSS Patterns > should detect event handlers in HTML 0ms
   ‚úì Security Validation - XSS Patterns > should allow safe markdown links 0ms
   ‚úì Security Validation - Resource Limits > should reject skills exceeding size limit 5ms
   ‚úì Security Validation - Resource Limits > should reject excessive nesting depth 0ms
   ‚úì Security Validation - Resource Limits > should accept skills within size limits 1ms
   ‚úì Security Validation - Shell Commands > should detect dangerous shell commands 0ms
   ‚úì Security Validation - Shell Commands > should detect command substitution 0ms
   ‚úì Security Validation - Shell Commands > should allow safe command examples in code blocks 0ms
   ‚úì Security Validation - Comprehensive > should detect multiple security violations 0ms
   √ó Security Validation - Comprehensive > should provide specific violation details 0ms
     ‚Üí expected undefined to be defined
   ‚úì Security Validation - Comprehensive > should assign appropriate severity levels 0ms
   ‚úì Security Validation - Performance > should validate in less than 10ms 0ms
   ‚úì Security Validation - Performance > should handle large safe content efficiently 0ms
 ‚ùØ tests/context-graph/context-graph-slice.test.ts (11 tests | 6 failed) 12ms
   ‚úì ContextSliceService > slice > should slice context with default parameters 2ms
   √ó ContextSliceService > slice > should slice context with custom depth and breadth limits 4ms
     ‚Üí expected [] to have a length of 2 but got +0
   ‚úì ContextSliceService > slice > should handle empty results gracefully 1ms
   √ó ContextSliceService > slice > should apply evidence filtering before slicing 1ms
     ‚Üí expected undefined to be true // Object.is equality
   √ó ContextSliceService > slice > should enforce thermal constraints during slicing 1ms
     ‚Üí expected undefined to be true // Object.is equality
   ‚úì ContextSliceService > slice > should handle GraphRAG service errors gracefully 0ms
   √ó ContextSliceService > slice > should validate input parameters 1ms
     ‚Üí expected 'query: Query cannot be empty' to contain 'Invalid input parameters'
   √ó ContextSliceService > slice > should track slicing metrics for observability 0ms
     ‚Üí expected undefined to be defined
   ‚úì ContextSliceService > validateRecipe > should validate recipe schema 0ms
   √ó ContextSliceService > validateRecipe > should reject invalid recipe schema 1ms
     ‚Üí expected [ Array(5) ] to include 'Query cannot be empty'
   ‚úì ContextSliceService > performance > should complete slicing within performance targets 0ms
 ‚ùØ __tests__/layers/short-term.store.test.ts (9 tests | 6 failed) 9ms
   ‚úì ShortTermMemoryStore > should create isolated working session state without touching episodic persistence 3ms
   ‚úì ShortTermMemoryStore > should discard expired entries when flushExpired runs 0ms
   ‚úì ShortTermMemoryStore > should convert checkpoint payloads into reversible short-term snapshot metadata 0ms
   √ó LocalMemoryProvider short-term promotion > promotes short-term entries into episodic persistence 3ms
     ‚Üí provider.storeShortTerm is not a function
   √ó LocalMemoryProvider short-term promotion > auto-promotes high-importance entries during storeShortTerm 0ms
     ‚Üí persistShortTermSession does not exist
   √ó LocalMemoryProvider short-term promotion > auto-promotes expired sessions during flush 1ms
     ‚Üí persistShortTermSession does not exist
   √ó LocalMemoryProvider short-term promotion > tags semantic layer payloads during promotion 0ms
     ‚Üí Cannot set properties of undefined (setting 'add')
   √ó LocalMemoryProvider short-term promotion > tags long_term payloads when importance is high 0ms
     ‚Üí Cannot set properties of undefined (setting 'add')
   √ó LocalMemoryProvider short-term promotion > returns auto-promoted short-term notes with memory_layer metadata via search 0ms
     ‚Üí Cannot set properties of undefined (setting 'add')
 ‚ùØ src/skills/__tests__/skill-validator.test.ts (29 tests | 17 failed) 15ms
   ‚úì validateSkillMetadata > should validate correct metadata 2ms
   √ó validateSkillMetadata > should reject invalid version format 3ms
     ‚Üí expected 'Must be valid semver (e.g., 1.0.0)' to contain 'version'
   √ó validateSkillMetadata > should reject empty author 1ms
     ‚Üí expected 'String must contain at least 1 charac‚Ä¶' to contain 'author'
   √ó validateSkillMetadata > should reject invalid category 1ms
     ‚Üí expected 'Invalid enum value. Expected \'coding‚Ä¶' to contain 'category'
   √ó validateSkillMetadata > should reject empty tags array 0ms
     ‚Üí expected 'Array must contain at least 1 element‚Ä¶' to contain 'tags'
   √ó validateSkillMetadata > should reject too many tags 0ms
     ‚Üí expected 'Array must contain at most 20 element‚Ä¶' to contain 'tags'
   √ó validateSkillMetadata > should reject invalid difficulty level 0ms
     ‚Üí expected 'Invalid enum value. Expected \'beginn‚Ä¶' to contain 'difficulty'
   √ó validateSkillMetadata > should reject negative estimatedTokens 0ms
     ‚Üí expected 'Number must be greater than 0' to contain 'estimatedTokens'
   √ó validateSkillMetadata > should reject excessive estimatedTokens 0ms
     ‚Üí expected 'Number must be less than or equal to ‚Ä¶' to contain 'estimatedTokens'
   ‚úì validateSkillMetadata > should accept optional fields when omitted 0ms
   ‚úì validateSkillMetadata > should validate optional requiredTools when present 0ms
   √ó validateSkillMetadata > should reject too many requiredTools 0ms
     ‚Üí expected 'Array must contain at most 50 element‚Ä¶' to contain 'requiredTools'
   ‚úì validateSkill > should validate complete valid skill 0ms
   √ó validateSkill > should reject invalid skill ID format 0ms
     ‚Üí expected 'ID must start with "skill-" followed ‚Ä¶' to contain 'id'
   √ó validateSkill > should reject short skill name 0ms
     ‚Üí expected 'String must contain at least 3 charac‚Ä¶' to contain 'name'
   √ó validateSkill > should reject short description 0ms
     ‚Üí expected 'String must contain at least 10 chara‚Ä¶' to contain 'description'
   √ó validateSkill > should reject short content 0ms
     ‚Üí expected 'String must contain at least 50 chara‚Ä¶' to contain 'content'
   √ó validateSkill > should reject excessive content length 0ms
     ‚Üí expected 'String must contain at most 50000 cha‚Ä¶' to contain 'content'
   √ó validateSkill > should reject missing successCriteria 0ms
     ‚Üí expected 'Array must contain at least 1 element‚Ä¶' to contain 'successCriteria'
   ‚úì validateSkill > should validate skill with optional fields 0ms
   √ó validateSkill > should reject too many examples 1ms
     ‚Üí expected 'Array must contain at most 10 element‚Ä¶' to contain 'examples'
   ‚úì validateSkill > should provide multiple error messages for multiple issues 0ms
   ‚úì validateSkill > should include field path in error messages 0ms
   ‚úì validateSkill - persuasiveFraming > should validate skill with persuasive framing 0ms
   √ó validateSkill - persuasiveFraming > should reject excessive persuasive framing text 0ms
     ‚Üí expected 'String must contain at most 500 chara‚Ä¶' to contain 'authority'
   ‚úì validateSkill - persuasiveFraming > should accept empty persuasive framing object 0ms
   ‚úì Validator Performance > should validate skill in less than 5ms 0ms
   ‚úì Validator Performance > should validate metadata in less than 2ms 0ms
   ‚úì Validator Performance > should handle batch validation efficiently 2ms
 ‚ùØ src/skills/__tests__/skill-loader.test.ts (23 tests | 11 failed) 75ms
   ‚úì Skill Loader - Directory Scanning > should scan directory and find .md files 2ms
   ‚úì Skill Loader - Directory Scanning > should recursively scan subdirectories 1ms
   ‚úì Skill Loader - Directory Scanning > should skip hidden files and directories 1ms
   ‚úì Skill Loader - Directory Scanning > should handle empty directories gracefully 1ms
   ‚úì Skill Loader - Directory Scanning > should handle non-existent directories 1ms
   ‚úì Skill Loader - Directory Scanning > should filter only .md files 1ms
   ‚úì Skill Loader - Directory Scanning > should perform scan in less than 100ms for 100 files 10ms
   √ó Skill Loader - File Loading > should load and parse valid skill file 6ms
     ‚Üí expected false to be true // Object.is equality
   ‚úì Skill Loader - File Loading > should validate skill content 2ms
   ‚úì Skill Loader - File Loading > should check file size before loading 2ms
   ‚úì Skill Loader - File Loading > should skip hidden files 1ms
   ‚úì Skill Loader - File Loading > should collect validation errors 1ms
   √ó Skill Loader - File Loading > should load multiple skills from directory 2ms
     ‚Üí expected [] to have a length of 3 but got +0
   √ó Skill Loader - File Loading > should separate successful and failed loads 1ms
     ‚Üí expected +0 to be 1 // Object.is equality
   ‚úì Skill Loader - File Loading > should handle file system errors gracefully 0ms
   √ó Skill Loader - Caching > should cache loaded skills 1ms
     ‚Üí expected false to be true // Object.is equality
   √ó Skill Loader - Caching > should invalidate cache on file modification 2ms
     ‚Üí expected undefined to be false // Object.is equality
   √ó Skill Loader - Caching > should respect cache size limits 5ms
     ‚Üí expected undefined to be false // Object.is equality
   √ó Skill Loader - Caching > should provide cache statistics 1ms
     ‚Üí expected 0 to be greater than 0
   √ó Skill Loader - Caching > should allow cache bypass 1ms
     ‚Üí expected undefined to be false // Object.is equality
   √ó Skill Loader - Caching > should cache 100 skills efficiently 28ms
     ‚Üí expected [] to have a length of 100 but got +0
   √ó Skill Loader - Integration > should load, validate, and cache skills end-to-end 2ms
     ‚Üí expected [] to have a length of 2 but got +0
   √ó Skill Loader - Integration > should handle mixed valid and invalid skills 1ms
     ‚Üí expected +0 to be 2 // Object.is equality
 ‚ùØ src/skills/__tests__/ethical-validator.test.ts (23 tests | 7 failed) 7ms
   ‚úì Ethical Validation - Bias Detection > should pass validation for inclusive skill 1ms
   √ó Ethical Validation - Bias Detection > should detect gender-biased language 3ms
     ‚Üí expected false to be true // Object.is equality
   √ó Ethical Validation - Bias Detection > should suggest inclusive alternatives 0ms
     ‚Üí expected 0 to be greater than 0
   ‚úì Ethical Validation - Bias Detection > should detect potentially exclusionary terms 0ms
   ‚úì Ethical Validation - Bias Detection > should suggest modern inclusive terminology 0ms
   ‚úì Ethical Validation - Transparency > should accept skill with clear description 0ms
   √ó Ethical Validation - Transparency > should flag vague descriptions 0ms
     ‚Üí expected false to be true // Object.is equality
   ‚úì Ethical Validation - Transparency > should require clear success criteria 0ms
   √ó Ethical Validation - Transparency > should validate examples are explanatory 0ms
     ‚Üí expected false to be true // Object.is equality
   ‚úì Ethical Validation - Safety > should accept safe, helpful content 0ms
   ‚úì Ethical Validation - Safety > should detect potentially harmful instructions 0ms
   ‚úì Ethical Validation - Safety > should flag missing user consent requirements 0ms
   √ó Ethical Validation - Safety > should detect privacy-concerning patterns 0ms
     ‚Üí expected false to be true // Object.is equality
   ‚úì Ethical Validation - Accessibility > should accept accessibility-conscious content 0ms
   √ó Ethical Validation - Accessibility > should flag purely visual-only instructions 0ms
     ‚Üí expected false to be true // Object.is equality
   ‚úì Ethical Validation - Accessibility > should suggest inclusive alternatives for visual-only content 0ms
   ‚úì Ethical Validation - brAInwav Compliance > should accept skills with brAInwav branding 0ms
   ‚úì Ethical Validation - brAInwav Compliance > should validate consistent brAInwav standards 0ms
   ‚úì Ethical Validation - Comprehensive > should detect multiple ethical issues 0ms
   √ó Ethical Validation - Comprehensive > should assign appropriate severity levels 0ms
     ‚Üí expected false to be true // Object.is equality
   ‚úì Ethical Validation - Comprehensive > should provide actionable suggestions 0ms
   ‚úì Ethical Validation - Performance > should validate in less than 15ms 0ms
   ‚úì Ethical Validation - Performance > should handle large content efficiently 0ms
 ‚ùØ src/__tests__/LocalMemoryProvider.security.test.ts (3 tests | 3 failed) 7ms
   √ó LocalMemoryProvider security hardening > redacts sensitive content before embedding and includes provenance payload 3ms
     ‚Üí queue did not schedule task
   √ó LocalMemoryProvider security hardening > rejects searches without tenant, domain, tags, or labels 3ms
     ‚Üí promise resolved "{ hits: [], tookMs: +0 }" instead of rejecting
   √ó LocalMemoryProvider security hardening > clamps limit and offset when executing FTS searches 0ms
     ‚Üí expected "spy" to be called with arguments: [ ObjectContaining{‚Ä¶}, 100, 1000, 0.5 ][90m

Number of calls: [1m0[22m
[39m
 ‚úì src/__tests__/checkpoint-manager.test.ts (3 tests) 17ms
 ‚úì src/skills/__tests__/skill-registry.test.ts (42 tests) 10ms
 ‚úì src/__tests__/memoryWorkflowEngine.test.ts (2 tests) 16ms
 ‚úì src/skills/__tests__/skill-parser.test.ts (47 tests) 10ms
 ‚úì tests/context-graph/context-graph-thermal.test.ts (12 tests) 4ms
 ‚úì tests/LocalMemoryProvider.security.test.ts (7 tests) 3ms
 ‚úì src/skills/__tests__/types.test.ts (18 tests) 2ms
 ‚ùØ tests/context-graph/context-graph-pack.test.ts (10 tests | 9 failed) 8ms
   √ó ContextPackService > pack > should pack context with basic citation generation 3ms
     ‚Üí expected undefined to be defined
   √ó ContextPackService > pack > should generate proper citations with source attribution 1ms
     ‚Üí Target cannot be null or undefined.
   √ó ContextPackService > pack > should enforce privacy mode by filtering sensitive content 1ms
     ‚Üí expected undefined to be true // Object.is equality
   √ó ContextPackService > pack > should aggregate evidence across multiple sources 0ms
     ‚Üí expected undefined to be defined
   √ó ContextPackService > pack > should handle token limits by prioritizing high-scoring content 0ms
     ‚Üí expected undefined to be true // Object.is equality
   √ó ContextPackService > pack > should format output according to specified format 0ms
     ‚Üí expected undefined to be 'json' // Object.is equality
   √ó ContextPackService > pack > should integrate with external knowledge bases 0ms
     ‚Üí expected undefined to be defined
   √ó ContextPackService > pack > should handle empty subgraphs gracefully 0ms
     ‚Üí Target cannot be null or undefined.
   √ó ContextPackService > pack > should validate pack options 1ms
     ‚Üí expected 'Packing error: Cannot read properties‚Ä¶' to contain 'Invalid pack options'
   ‚úì ContextPackService > performance > should complete packing within performance targets 0ms
 ‚úì src/__tests__/GraphRAGIngestService.test.ts (2 tests) 4ms
 ‚ùØ __tests__/GraphRAGService.mcp-provider.test.ts (11 tests | 11 failed) 6ms
   √ó GraphRAGService MCP Integration > MCP Provider Initialization > should initialize MCP provider when configured 3ms
     ‚Üí Cannot read properties of undefined (reading 'precomputation')
   √ó GraphRAGService MCP Integration > MCP Provider Initialization > should handle MCP provider initialization errors gracefully 0ms
     ‚Üí Cannot read properties of undefined (reading 'precomputation')
   √ó GraphRAGService MCP Integration > MCP Citation Fetching > should fetch and merge MCP citations successfully 0ms
     ‚Üí Cannot read properties of undefined (reading 'precomputation')
   √ó GraphRAGService MCP Integration > MCP Citation Fetching > should handle MCP tool errors gracefully 0ms
     ‚Üí Cannot read properties of undefined (reading 'precomputation')
   √ó GraphRAGService MCP Integration > MCP Citation Fetching > should handle MCP timeouts 0ms
     ‚Üí Cannot read properties of undefined (reading 'precomputation')
   √ó GraphRAGService MCP Integration > MCP Citation Fetching > should handle unsuccessful MCP responses 0ms
     ‚Üí Cannot read properties of undefined (reading 'precomputation')
   √ó GraphRAGService MCP Integration > MCP Citation Fetching > should deduplicate citations by path 0ms
     ‚Üí Cannot read properties of undefined (reading 'precomputation')
   √ó GraphRAGService MCP Integration > Provider Configuration > should use default MCP settings when not specified 0ms
     ‚Üí Cannot read properties of undefined (reading 'precomputation')
   √ó GraphRAGService MCP Integration > Provider Configuration > should respect custom MCP configuration 0ms
     ‚Üí Cannot read properties of undefined (reading 'precomputation')
   √ó GraphRAGService MCP Integration > Health Check and Cleanup > should include MCP provider in health check 0ms
     ‚Üí Cannot read properties of undefined (reading 'precomputation')
   √ó GraphRAGService MCP Integration > Health Check and Cleanup > should properly dispose MCP client on close 0ms
     ‚Üí Cannot read properties of undefined (reading 'precomputation')

‚éØ‚éØ‚éØ‚éØ‚éØ‚éØ Failed Suites 4 ‚éØ‚éØ‚éØ‚éØ‚éØ‚éØ‚éØ

 FAIL  __tests__/provider-parity.test.ts [ __tests__/provider-parity.test.ts ]
 FAIL  tests/context-graph/context-graph-evidence.test.ts [ tests/context-graph/context-graph-evidence.test.ts ]
Error: Cannot find module '../config/clearance-levels.json' imported from '/Users/jamiecraik/.Cortex-OS/packages/memory-core/src/context-graph/security/ABACEngine.ts'
 ‚ùØ src/context-graph/security/ABACEngine.ts:25:1
     23| // Clearance levels are now externalized to configuration for maintain‚Ä¶
     24| // If equivalence between levels is intentional, document in the confi‚Ä¶
     25| import clearanceLevels from '../config/clearance-levels.json';
       | ^
     26| const CLEARANCE_LEVELS: Record<string, number> = clearanceLevels;
     27| 

Caused by: Error: Failed to load url ../config/clearance-levels.json (resolved id: ../config/clearance-levels.json) in /Users/jamiecraik/.Cortex-OS/packages/memory-core/src/context-graph/security/ABACEngine.ts. Does the file exist?
 ‚ùØ loadAndTransform ../../node_modules/.pnpm/vite@7.1.9_@types+node@22.18.10_jiti@2.6.1_less@4.4.2_sass-embedded@1.93.2_sass@1.93.2__79b78c360375c363f440c874ae925394/node_modules/vite/dist/node/chunks/dep-Chhhsdoe.js:26136:33

‚éØ‚éØ‚éØ‚éØ‚éØ‚éØ‚éØ‚éØ‚éØ‚éØ‚éØ‚éØ‚éØ‚éØ‚éØ‚éØ‚éØ‚éØ‚éØ‚éØ‚éØ‚éØ‚éØ[1/83]‚éØ

 FAIL  __tests__/services/GraphRAGService.gpu-shutdown.test.ts [ __tests__/services/GraphRAGService.gpu-shutdown.test.ts ]
Error: [vitest] There was an error when mocking a module. If you are using "vi.mock" factory, make sure there are no top level variables inside, since this call is hoisted to top of the file. Read more: https://vitest.dev/api/vi.html#vi-mock
 ‚ùØ src/services/GraphRAGService.ts:33:1
     31| import { getQueryPrecomputer, type PrecomputationConfig } from '../pre‚Ä¶
     32| import { getStreamingResponse, type StreamingOptions, type StreamingCo‚Ä¶
     33| import { getGPUAccelerationManager, type GPUAccelerationConfig } from ‚Ä¶
       | ^
     34| import { getAutoScalingManager, type AutoScalingConfig } from '../scal‚Ä¶
     35| import { getMLOptimizationManager, type MLOptimizationConfig } from '.‚Ä¶

Caused by: ReferenceError: Cannot access 'mockGetGPUAccelerationManager' before initialization
 ‚ùØ __tests__/services/GraphRAGService.gpu-shutdown.test.ts:81:30
 ‚ùØ src/services/GraphRAGService.ts:33:1

‚éØ‚éØ‚éØ‚éØ‚éØ‚éØ‚éØ‚éØ‚éØ‚éØ‚éØ‚éØ‚éØ‚éØ‚éØ‚éØ‚éØ‚éØ‚éØ‚éØ‚éØ‚éØ‚éØ[2/83]‚éØ

 FAIL  src/__tests__/GraphRAGService.test.ts [ src/__tests__/GraphRAGService.test.ts ]
Error: [vitest] There was an error when mocking a module. If you are using "vi.mock" factory, make sure there are no top level variables inside, since this call is hoisted to top of the file. Read more: https://vitest.dev/api/vi.html#vi-mock
 ‚ùØ src/services/GraphRAGService.ts:16:1
     14| import { GraphEdgeType, GraphNodeType } from '../db/prismaEnums.js';
     15| import { z } from 'zod';
     16| import { prisma, shutdownPrisma } from '../db/prismaClient.js';
       | ^
     17| import { assembleContext } from '../retrieval/contextAssembler.js';
     18| import { expandNeighbors } from '../retrieval/expandGraph.js';

Caused by: ReferenceError: Cannot access 'prismaMock' before initialization
 ‚ùØ src/__tests__/GraphRAGService.test.ts:65:10
 ‚ùØ src/services/GraphRAGService.ts:16:1

‚éØ‚éØ‚éØ‚éØ‚éØ‚éØ‚éØ‚éØ‚éØ‚éØ‚éØ‚éØ‚éØ‚éØ‚éØ‚éØ‚éØ‚éØ‚éØ‚éØ‚éØ‚éØ‚éØ[3/83]‚éØ


‚éØ‚éØ‚éØ‚éØ‚éØ‚éØ Failed Tests 79 ‚éØ‚éØ‚éØ‚éØ‚éØ‚éØ‚éØ

 FAIL  __tests__/GraphRAGService.mcp-provider.test.ts > GraphRAGService MCP Integration > MCP Provider Initialization > should initialize MCP provider when configured
TypeError: Cannot read properties of undefined (reading 'precomputation')
 ‚ùØ GraphRAGService.<instance_members_initializer> src/services/GraphRAGService.ts:532:24
    530|  private readonly externalProvider?: ExternalCitationProvider;
    531|  private readonly queryPrecomputer = getQueryPrecomputer({
    532|   enabled: this.config.precomputation.enabled,
       |                        ^
    533|   maxPrecomputedQueries: this.config.precomputation.maxPrecomputedQuer‚Ä¶
    534|   patternAnalysis: this.config.precomputation.patternAnalysis,
 ‚ùØ new GraphRAGService src/services/GraphRAGService.ts:586:2
 ‚ùØ Module.createGraphRAGService src/services/GraphRAGService.ts:1760:9
 ‚ùØ __tests__/GraphRAGService.mcp-provider.test.ts:78:14

‚éØ‚éØ‚éØ‚éØ‚éØ‚éØ‚éØ‚éØ‚éØ‚éØ‚éØ‚éØ‚éØ‚éØ‚éØ‚éØ‚éØ‚éØ‚éØ‚éØ‚éØ‚éØ‚éØ[4/83]‚éØ

 FAIL  __tests__/GraphRAGService.mcp-provider.test.ts > GraphRAGService MCP Integration > MCP Provider Initialization > should handle MCP provider initialization errors gracefully
TypeError: Cannot read properties of undefined (reading 'precomputation')
 ‚ùØ GraphRAGService.<instance_members_initializer> src/services/GraphRAGService.ts:532:24
    530|  private readonly externalProvider?: ExternalCitationProvider;
    531|  private readonly queryPrecomputer = getQueryPrecomputer({
    532|   enabled: this.config.precomputation.enabled,
       |                        ^
    533|   maxPrecomputedQueries: this.config.precomputation.maxPrecomputedQuer‚Ä¶
    534|   patternAnalysis: this.config.precomputation.patternAnalysis,
 ‚ùØ new GraphRAGService src/services/GraphRAGService.ts:586:2
 ‚ùØ Module.createGraphRAGService src/services/GraphRAGService.ts:1760:9
 ‚ùØ __tests__/GraphRAGService.mcp-provider.test.ts:120:14

‚éØ‚éØ‚éØ‚éØ‚éØ‚éØ‚éØ‚éØ‚éØ‚éØ‚éØ‚éØ‚éØ‚éØ‚éØ‚éØ‚éØ‚éØ‚éØ‚éØ‚éØ‚éØ‚éØ[5/83]‚éØ

 FAIL  __tests__/GraphRAGService.mcp-provider.test.ts > GraphRAGService MCP Integration > MCP Citation Fetching > should fetch and merge MCP citations successfully
 FAIL  __tests__/GraphRAGService.mcp-provider.test.ts > GraphRAGService MCP Integration > MCP Citation Fetching > should handle MCP tool errors gracefully
 FAIL  __tests__/GraphRAGService.mcp-provider.test.ts > GraphRAGService MCP Integration > MCP Citation Fetching > should handle MCP timeouts
 FAIL  __tests__/GraphRAGService.mcp-provider.test.ts > GraphRAGService MCP Integration > MCP Citation Fetching > should handle unsuccessful MCP responses
 FAIL  __tests__/GraphRAGService.mcp-provider.test.ts > GraphRAGService MCP Integration > MCP Citation Fetching > should deduplicate citations by path
TypeError: Cannot read properties of undefined (reading 'precomputation')
 ‚ùØ GraphRAGService.<instance_members_initializer> src/services/GraphRAGService.ts:532:24
    530|  private readonly externalProvider?: ExternalCitationProvider;
    531|  private readonly queryPrecomputer = getQueryPrecomputer({
    532|   enabled: this.config.precomputation.enabled,
       |                        ^
    533|   maxPrecomputedQueries: this.config.precomputation.maxPrecomputedQuer‚Ä¶
    534|   patternAnalysis: this.config.precomputation.patternAnalysis,
 ‚ùØ new GraphRAGService src/services/GraphRAGService.ts:586:2
 ‚ùØ Module.createGraphRAGService src/services/GraphRAGService.ts:1760:9
 ‚ùØ __tests__/GraphRAGService.mcp-provider.test.ts:158:14

‚éØ‚éØ‚éØ‚éØ‚éØ‚éØ‚éØ‚éØ‚éØ‚éØ‚éØ‚éØ‚éØ‚éØ‚éØ‚éØ‚éØ‚éØ‚éØ‚éØ‚éØ‚éØ‚éØ[6/83]‚éØ

 FAIL  __tests__/GraphRAGService.mcp-provider.test.ts > GraphRAGService MCP Integration > Provider Configuration > should use default MCP settings when not specified
TypeError: Cannot read properties of undefined (reading 'precomputation')
 ‚ùØ GraphRAGService.<instance_members_initializer> src/services/GraphRAGService.ts:532:24
    530|  private readonly externalProvider?: ExternalCitationProvider;
    531|  private readonly queryPrecomputer = getQueryPrecomputer({
    532|   enabled: this.config.precomputation.enabled,
       |                        ^
    533|   maxPrecomputedQueries: this.config.precomputation.maxPrecomputedQuer‚Ä¶
    534|   patternAnalysis: this.config.precomputation.patternAnalysis,
 ‚ùØ new GraphRAGService src/services/GraphRAGService.ts:586:2
 ‚ùØ Module.createGraphRAGService src/services/GraphRAGService.ts:1760:9
 ‚ùØ __tests__/GraphRAGService.mcp-provider.test.ts:346:14

‚éØ‚éØ‚éØ‚éØ‚éØ‚éØ‚éØ‚éØ‚éØ‚éØ‚éØ‚éØ‚éØ‚éØ‚éØ‚éØ‚éØ‚éØ‚éØ‚éØ‚éØ‚éØ‚éØ[7/83]‚éØ

 FAIL  __tests__/GraphRAGService.mcp-provider.test.ts > GraphRAGService MCP Integration > Provider Configuration > should respect custom MCP configuration
TypeError: Cannot read properties of undefined (reading 'precomputation')
 ‚ùØ GraphRAGService.<instance_members_initializer> src/services/GraphRAGService.ts:532:24
    530|  private readonly externalProvider?: ExternalCitationProvider;
    531|  private readonly queryPrecomputer = getQueryPrecomputer({
    532|   enabled: this.config.precomputation.enabled,
       |                        ^
    533|   maxPrecomputedQueries: this.config.precomputation.maxPrecomputedQuer‚Ä¶
    534|   patternAnalysis: this.config.precomputation.patternAnalysis,
 ‚ùØ new GraphRAGService src/services/GraphRAGService.ts:586:2
 ‚ùØ Module.createGraphRAGService src/services/GraphRAGService.ts:1760:9
 ‚ùØ __tests__/GraphRAGService.mcp-provider.test.ts:400:14

‚éØ‚éØ‚éØ‚éØ‚éØ‚éØ‚éØ‚éØ‚éØ‚éØ‚éØ‚éØ‚éØ‚éØ‚éØ‚éØ‚éØ‚éØ‚éØ‚éØ‚éØ‚éØ‚éØ[8/83]‚éØ

 FAIL  __tests__/GraphRAGService.mcp-provider.test.ts > GraphRAGService MCP Integration > Health Check and Cleanup > should include MCP provider in health check
TypeError: Cannot read properties of undefined (reading 'precomputation')
 ‚ùØ GraphRAGService.<instance_members_initializer> src/services/GraphRAGService.ts:532:24
    530|  private readonly externalProvider?: ExternalCitationProvider;
    531|  private readonly queryPrecomputer = getQueryPrecomputer({
    532|   enabled: this.config.precomputation.enabled,
       |                        ^
    533|   maxPrecomputedQueries: this.config.precomputation.maxPrecomputedQuer‚Ä¶
    534|   patternAnalysis: this.config.precomputation.patternAnalysis,
 ‚ùØ new GraphRAGService src/services/GraphRAGService.ts:586:2
 ‚ùØ Module.createGraphRAGService src/services/GraphRAGService.ts:1760:9
 ‚ùØ __tests__/GraphRAGService.mcp-provider.test.ts:448:14

‚éØ‚éØ‚éØ‚éØ‚éØ‚éØ‚éØ‚éØ‚éØ‚éØ‚éØ‚éØ‚éØ‚éØ‚éØ‚éØ‚éØ‚éØ‚éØ‚éØ‚éØ‚éØ‚éØ[9/83]‚éØ

 FAIL  __tests__/GraphRAGService.mcp-provider.test.ts > GraphRAGService MCP Integration > Health Check and Cleanup > should properly dispose MCP client on close
TypeError: Cannot read properties of undefined (reading 'precomputation')
 ‚ùØ GraphRAGService.<instance_members_initializer> src/services/GraphRAGService.ts:532:24
    530|  private readonly externalProvider?: ExternalCitationProvider;
    531|  private readonly queryPrecomputer = getQueryPrecomputer({
    532|   enabled: this.config.precomputation.enabled,
       |                        ^
    533|   maxPrecomputedQueries: this.config.precomputation.maxPrecomputedQuer‚Ä¶
    534|   patternAnalysis: this.config.precomputation.patternAnalysis,
 ‚ùØ new GraphRAGService src/services/GraphRAGService.ts:586:2
 ‚ùØ Module.createGraphRAGService src/services/GraphRAGService.ts:1760:9
 ‚ùØ __tests__/GraphRAGService.mcp-provider.test.ts:477:14

‚éØ‚éØ‚éØ‚éØ‚éØ‚éØ‚éØ‚éØ‚éØ‚éØ‚éØ‚éØ‚éØ‚éØ‚éØ‚éØ‚éØ‚éØ‚éØ‚éØ‚éØ‚éØ[10/83]‚éØ

 FAIL  __tests__/acceleration/GPUAcceleration.memory.test.ts > GPU Memory Management - RED Phase (Failing Tests) > Memory Reservation System > should release memory even when embedding generation fails
AssertionError: expected [Function] to throw error including 'brAInwav: Simulated GPU failure' but got 'brAInwav GPU Acceleration Manager not‚Ä¶'

Expected: [32m"brAInwav[7m: Simulated GPU failure[27m"[39m
Received: [31m"brAInwav[7m GPU Acceleration Manager not initialized[27m"[39m

 ‚ùØ __tests__/acceleration/GPUAcceleration.memory.test.ts:130:7
    128|       
    129|       // Action: Attempt processing that will fail
    130|       await expect(async () => {
       |       ^
    131|         await manager.generateEmbeddings(requests, { preferGPU: true }‚Ä¶
    132|       }).rejects.toThrow('brAInwav: Simulated GPU failure');

‚éØ‚éØ‚éØ‚éØ‚éØ‚éØ‚éØ‚éØ‚éØ‚éØ‚éØ‚éØ‚éØ‚éØ‚éØ‚éØ‚éØ‚éØ‚éØ‚éØ‚éØ‚éØ[11/83]‚éØ

 FAIL  __tests__/acceleration/GPUAcceleration.memory.test.ts > GPU Memory Management - RED Phase (Failing Tests) > Memory Reservation System > should prevent double-release of memory reservations
AssertionError: expected undefined to be defined
 ‚ùØ __tests__/acceleration/GPUAcceleration.memory.test.ts:150:34
    148|       // This test will fail until idempotent release() is implemented
    149|       const activeReservations = (manager as any).activeReservations;
    150|       expect(activeReservations).toBeDefined();
       |                                  ^
    151|       expect(activeReservations instanceof Map).toBe(true);
    152|       

‚éØ‚éØ‚éØ‚éØ‚éØ‚éØ‚éØ‚éØ‚éØ‚éØ‚éØ‚éØ‚éØ‚éØ‚éØ‚éØ‚éØ‚éØ‚éØ‚éØ‚éØ‚éØ[12/83]‚éØ

 FAIL  __tests__/acceleration/GPUAcceleration.memory.test.ts > GPU Memory Management - RED Phase (Failing Tests) > Memory Reservation System > should reject reservation when insufficient memory
AssertionError: expected [Function] to throw error matching /brAInwav.*insufficient.*memory/i but got 'brAInwav GPU Acceleration Manager not‚Ä¶'

[32m- Expected:[39m 
/brAInwav.*insufficient.*memory/i

[31m+ Received:[39m 
"brAInwav GPU Acceleration Manager not initialized"

 ‚ùØ __tests__/acceleration/GPUAcceleration.memory.test.ts:168:7
    166|       // ASSERTION: Should throw brAInwav-branded error for insufficie‚Ä¶
    167|       // THIS WILL FAIL until memory validation is implemented
    168|       await expect(async () => {
       |       ^
    169|         await manager.generateEmbeddings(largeRequests, { preferGPU: t‚Ä¶
    170|       }).rejects.toThrow(/brAInwav.*insufficient.*memory/i);

‚éØ‚éØ‚éØ‚éØ‚éØ‚éØ‚éØ‚éØ‚éØ‚éØ‚éØ‚éØ‚éØ‚éØ‚éØ‚éØ‚éØ‚éØ‚éØ‚éØ‚éØ‚éØ[13/83]‚éØ

 FAIL  __tests__/acceleration/GPUAcceleration.memory.test.ts > GPU Memory Management - RED Phase (Failing Tests) > Cleanup and Lifecycle > should log leaked reservations during shutdown
AssertionError: expected "warn" to be called with arguments: [ StringContaining "[brAInwav]", ‚Ä¶(1) ][90m

Number of calls: [1m0[22m
[39m
 ‚ùØ __tests__/acceleration/GPUAcceleration.memory.test.ts:240:23
    238|       // ASSERTION: Should log leaked reservations with brAInwav brand‚Ä¶
    239|       // THIS WILL FAIL until defensive logging is implemented
    240|       expect(warnSpy).toHaveBeenCalledWith(
       |                       ^
    241|         expect.stringContaining('[brAInwav]'),
    242|         expect.objectContaining({

‚éØ‚éØ‚éØ‚éØ‚éØ‚éØ‚éØ‚éØ‚éØ‚éØ‚éØ‚éØ‚éØ‚éØ‚éØ‚éØ‚éØ‚éØ‚éØ‚éØ‚éØ‚éØ[14/83]‚éØ

 FAIL  __tests__/acceleration/GPUAcceleration.memory.test.ts > GPU Memory Management - RED Phase (Failing Tests) > Cleanup and Lifecycle > should handle multiple sequential batches without accumulation
AssertionError: expected 2 to be +0 // Object.is equality

[32m- Expected[39m
[31m+ Received[39m

[32m- 0[39m
[31m+ 2[39m

 ‚ùØ __tests__/acceleration/GPUAcceleration.memory.test.ts:276:45
    274|       
    275|       const activeReservations = (manager as any).activeReservations;
    276|       expect(activeReservations?.size || 0).toBe(0);
       |                                             ^
    277|     });
    278|   });

‚éØ‚éØ‚éØ‚éØ‚éØ‚éØ‚éØ‚éØ‚éØ‚éØ‚éØ‚éØ‚éØ‚éØ‚éØ‚éØ‚éØ‚éØ‚éØ‚éØ‚éØ‚éØ[15/83]‚éØ

 FAIL  __tests__/acceleration/GPUAcceleration.memory.test.ts > GPU Memory Management - RED Phase (Failing Tests) > Error Resilience > should handle concurrent batch processing safely
AssertionError: expected 2 to be +0 // Object.is equality

[32m- Expected[39m
[31m+ Received[39m

[32m- 0[39m
[31m+ 2[39m

 ‚ùØ __tests__/acceleration/GPUAcceleration.memory.test.ts:313:45
    311|       
    312|       const activeReservations = (manager as any).activeReservations;
    313|       expect(activeReservations?.size || 0).toBe(0);
       |                                             ^
    314|       
    315|       console.info('[brAInwav] Concurrent processing results', {

‚éØ‚éØ‚éØ‚éØ‚éØ‚éØ‚éØ‚éØ‚éØ‚éØ‚éØ‚éØ‚éØ‚éØ‚éØ‚éØ‚éØ‚éØ‚éØ‚éØ‚éØ‚éØ[16/83]‚éØ

 FAIL  __tests__/layers/short-term.store.test.ts > LocalMemoryProvider short-term promotion > promotes short-term entries into episodic persistence
TypeError: provider.storeShortTerm is not a function
 ‚ùØ __tests__/layers/short-term.store.test.ts:194:18
    192|   const provider = new LocalMemoryProvider(baseConfig);
    193| 
    194|   await provider.storeShortTerm('session-42', {
       |                  ^
    195|    content: 'Reflection that needs persistence',
    196|    importance: 5,

‚éØ‚éØ‚éØ‚éØ‚éØ‚éØ‚éØ‚éØ‚éØ‚éØ‚éØ‚éØ‚éØ‚éØ‚éØ‚éØ‚éØ‚éØ‚éØ‚éØ‚éØ‚éØ[17/83]‚éØ

 FAIL  __tests__/layers/short-term.store.test.ts > LocalMemoryProvider short-term promotion > auto-promotes high-importance entries during storeShortTerm
Error: persistShortTermSession does not exist
 ‚ùØ __tests__/layers/short-term.store.test.ts:206:25
    204|  it('auto-promotes high-importance entries during storeShortTerm', asy‚Ä¶
    205|   const provider = new LocalMemoryProvider(baseConfig);
    206|   const persistSpy = vi.spyOn(provider as unknown as { persistShortTer‚Ä¶
       |                         ^
    207| 
    208|   await provider.storeShortTerm('session-auto', {

‚éØ‚éØ‚éØ‚éØ‚éØ‚éØ‚éØ‚éØ‚éØ‚éØ‚éØ‚éØ‚éØ‚éØ‚éØ‚éØ‚éØ‚éØ‚éØ‚éØ‚éØ‚éØ[18/83]‚éØ

 FAIL  __tests__/layers/short-term.store.test.ts > LocalMemoryProvider short-term promotion > auto-promotes expired sessions during flush
Error: persistShortTermSession does not exist
 ‚ùØ __tests__/layers/short-term.store.test.ts:221:25
    219|   vi.useFakeTimers({ toFake: ['Date', 'setTimeout', 'clearTimeout'] });
    220|   const provider = new LocalMemoryProvider(baseConfig);
    221|   const persistSpy = vi.spyOn(provider as unknown as { persistShortTer‚Ä¶
       |                         ^
    222| 
    223|   vi.setSystemTime(new Date('2025-10-11T12:00:00Z'));

‚éØ‚éØ‚éØ‚éØ‚éØ‚éØ‚éØ‚éØ‚éØ‚éØ‚éØ‚éØ‚éØ‚éØ‚éØ‚éØ‚éØ‚éØ‚éØ‚éØ‚éØ‚éØ[19/83]‚éØ

 FAIL  __tests__/layers/short-term.store.test.ts > LocalMemoryProvider short-term promotion > tags semantic layer payloads during promotion
TypeError: Cannot set properties of undefined (setting 'add')
 ‚ùØ createProviderWithMockedQdrant __tests__/layers/short-term.store.test.ts:263:49
    261|   ]);
    262|   (provider as unknown as { isQdrantHealthy: any }).isQdrantHealthy = ‚Ä¶
    263|   (provider as unknown as { queue: any }).queue.add = (task: any) => P‚Ä¶
       |                                                 ^
    264| 
    265|   return { provider, upsert, search } as const;
 ‚ùØ __tests__/layers/short-term.store.test.ts:269:32

‚éØ‚éØ‚éØ‚éØ‚éØ‚éØ‚éØ‚éØ‚éØ‚éØ‚éØ‚éØ‚éØ‚éØ‚éØ‚éØ‚éØ‚éØ‚éØ‚éØ‚éØ‚éØ[20/83]‚éØ

 FAIL  __tests__/layers/short-term.store.test.ts > LocalMemoryProvider short-term promotion > tags long_term payloads when importance is high
TypeError: Cannot set properties of undefined (setting 'add')
 ‚ùØ createProviderWithMockedQdrant __tests__/layers/short-term.store.test.ts:263:49
    261|   ]);
    262|   (provider as unknown as { isQdrantHealthy: any }).isQdrantHealthy = ‚Ä¶
    263|   (provider as unknown as { queue: any }).queue.add = (task: any) => P‚Ä¶
       |                                                 ^
    264| 
    265|   return { provider, upsert, search } as const;
 ‚ùØ __tests__/layers/short-term.store.test.ts:288:32

‚éØ‚éØ‚éØ‚éØ‚éØ‚éØ‚éØ‚éØ‚éØ‚éØ‚éØ‚éØ‚éØ‚éØ‚éØ‚éØ‚éØ‚éØ‚éØ‚éØ‚éØ‚éØ[21/83]‚éØ

 FAIL  __tests__/layers/short-term.store.test.ts > LocalMemoryProvider short-term promotion > returns auto-promoted short-term notes with memory_layer metadata via search
TypeError: Cannot set properties of undefined (setting 'add')
 ‚ùØ createProviderWithMockedQdrant __tests__/layers/short-term.store.test.ts:263:49
    261|   ]);
    262|   (provider as unknown as { isQdrantHealthy: any }).isQdrantHealthy = ‚Ä¶
    263|   (provider as unknown as { queue: any }).queue.add = (task: any) => P‚Ä¶
       |                                                 ^
    264| 
    265|   return { provider, upsert, search } as const;
 ‚ùØ __tests__/layers/short-term.store.test.ts:304:40

‚éØ‚éØ‚éØ‚éØ‚éØ‚éØ‚éØ‚éØ‚éØ‚éØ‚éØ‚éØ‚éØ‚éØ‚éØ‚éØ‚éØ‚éØ‚éØ‚éØ‚éØ‚éØ[22/83]‚éØ

 FAIL  src/__tests__/LocalMemoryProvider.security.test.ts > LocalMemoryProvider security hardening > redacts sensitive content before embedding and includes provenance payload
Error: queue did not schedule task
 ‚ùØ src/__tests__/LocalMemoryProvider.security.test.ts:49:10
     47| 
     48|   if (!queuedTask) {
     49|    throw new Error('queue did not schedule task');
       |          ^
     50|   }
     51|   await queuedTask;

‚éØ‚éØ‚éØ‚éØ‚éØ‚éØ‚éØ‚éØ‚éØ‚éØ‚éØ‚éØ‚éØ‚éØ‚éØ‚éØ‚éØ‚éØ‚éØ‚éØ‚éØ‚éØ[23/83]‚éØ

 FAIL  src/__tests__/LocalMemoryProvider.security.test.ts > LocalMemoryProvider security hardening > rejects searches without tenant, domain, tags, or labels
AssertionError: promise resolved "{ hits: [], tookMs: +0 }" instead of rejecting

[32m- Expected[39m
[31m+ Received[39m

[32m- Error {[39m
[32m-   "message": "rejected promise",[39m
[31m+ {[39m
[31m+   "hits": [],[39m
[31m+   "tookMs": 0,[39m
[2m  }[22m

 ‚ùØ src/__tests__/LocalMemoryProvider.security.test.ts:80:3
     78|     hybrid_weight: 0.6,
     79|    }),
     80|   ).rejects.toThrow(/Tenant, domain, tags, or labels/i);
       |   ^
     81|  });
     82| 

‚éØ‚éØ‚éØ‚éØ‚éØ‚éØ‚éØ‚éØ‚éØ‚éØ‚éØ‚éØ‚éØ‚éØ‚éØ‚éØ‚éØ‚éØ‚éØ‚éØ‚éØ‚éØ[24/83]‚éØ

 FAIL  src/__tests__/LocalMemoryProvider.security.test.ts > LocalMemoryProvider security hardening > clamps limit and offset when executing FTS searches
AssertionError: expected "spy" to be called with arguments: [ ObjectContaining{‚Ä¶}, 100, 1000, 0.5 ][90m

Number of calls: [1m0[22m
[39m
 ‚ùØ src/__tests__/LocalMemoryProvider.security.test.ts:98:43
     96|   });
     97| 
     98|   expect((provider as any).searchWithFts).toHaveBeenCalledWith(
       |                                           ^
     99|    expect.objectContaining({ domain: 'security-tests' }),
    100|    100,

‚éØ‚éØ‚éØ‚éØ‚éØ‚éØ‚éØ‚éØ‚éØ‚éØ‚éØ‚éØ‚éØ‚éØ‚éØ‚éØ‚éØ‚éØ‚éØ‚éØ‚éØ‚éØ[25/83]‚éØ

 FAIL  tests/context-graph/context-graph-pack.test.ts > ContextPackService > pack > should pack context with basic citation generation
AssertionError: expected undefined to be defined
 ‚ùØ tests/context-graph/context-graph-pack.test.ts:101:29
     99|    expect(result).toBeDefined();
    100|    expect(result.packedContext).toBeDefined();
    101|    expect(result.citations).toBeDefined();
       |                             ^
    102|    expect(result.citations).toHaveLength(2);
    103|    expect(result.metadata.totalNodes).toBe(2);

‚éØ‚éØ‚éØ‚éØ‚éØ‚éØ‚éØ‚éØ‚éØ‚éØ‚éØ‚éØ‚éØ‚éØ‚éØ‚éØ‚éØ‚éØ‚éØ‚éØ‚éØ‚éØ[26/83]‚éØ

 FAIL  tests/context-graph/context-graph-pack.test.ts > ContextPackService > pack > should generate proper citations with source attribution
AssertionError: Target cannot be null or undefined.
 ‚ùØ tests/context-graph/context-graph-pack.test.ts:144:29
    142| 
    143|    // Then - This should FAIL until implementation
    144|    expect(result.citations).toHaveLength(1);
       |                             ^
    145|    const citation = result.citations[0];
    146|    expect(citation.path).toBe('/src/utils/file1.ts');

‚éØ‚éØ‚éØ‚éØ‚éØ‚éØ‚éØ‚éØ‚éØ‚éØ‚éØ‚éØ‚éØ‚éØ‚éØ‚éØ‚éØ‚éØ‚éØ‚éØ‚éØ‚éØ[27/83]‚éØ

 FAIL  tests/context-graph/context-graph-pack.test.ts > ContextPackService > pack > should enforce privacy mode by filtering sensitive content
AssertionError: expected undefined to be true // Object.is equality

[32m- Expected:[39m 
true

[31m+ Received:[39m 
undefined

 ‚ùØ tests/context-graph/context-graph-pack.test.ts:207:48
    205|    // Then - This should FAIL until implementation
    206|    expect(result.packedContext).toBeDefined();
    207|    expect(result.metadata.privacyModeEnforced).toBe(true);
       |                                                ^
    208|    expect(result.metadata.nodesFiltered).toBe(1);
    209|    expect(result.metadata.filterReason).toContain('High sensitivity co‚Ä¶

‚éØ‚éØ‚éØ‚éØ‚éØ‚éØ‚éØ‚éØ‚éØ‚éØ‚éØ‚éØ‚éØ‚éØ‚éØ‚éØ‚éØ‚éØ‚éØ‚éØ‚éØ‚éØ[28/83]‚éØ

 FAIL  tests/context-graph/context-graph-pack.test.ts > ContextPackService > pack > should aggregate evidence across multiple sources
AssertionError: expected undefined to be defined
 ‚ùØ tests/context-graph/context-graph-pack.test.ts:265:28
    263| 
    264|    // Then - This should FAIL until implementation
    265|    expect(result.evidence).toBeDefined();
       |                            ^
    266|    expect(result.evidence.sources).toEqual(['source1', 'source2', 'sou‚Ä¶
    267|    expect(result.evidence.confidence).toBe(0.88);

‚éØ‚éØ‚éØ‚éØ‚éØ‚éØ‚éØ‚éØ‚éØ‚éØ‚éØ‚éØ‚éØ‚éØ‚éØ‚éØ‚éØ‚éØ‚éØ‚éØ‚éØ‚éØ[29/83]‚éØ

 FAIL  tests/context-graph/context-graph-pack.test.ts > ContextPackService > pack > should handle token limits by prioritizing high-scoring content
AssertionError: expected undefined to be true // Object.is equality

[32m- Expected:[39m 
true

[31m+ Received:[39m 
undefined

 ‚ùØ tests/context-graph/context-graph-pack.test.ts:329:47
    327| 
    328|    // Then - This should FAIL until implementation
    329|    expect(result.metadata.tokenLimitEnforced).toBe(true);
       |                                               ^
    330|    expect(result.metadata.totalTokens).toBeLessThanOrEqual(250);
    331|    expect(result.packedContext).toContain('High scoring content'); // ‚Ä¶

‚éØ‚éØ‚éØ‚éØ‚éØ‚éØ‚éØ‚éØ‚éØ‚éØ‚éØ‚éØ‚éØ‚éØ‚éØ‚éØ‚éØ‚éØ‚éØ‚éØ‚éØ‚éØ[30/83]‚éØ

 FAIL  tests/context-graph/context-graph-pack.test.ts > ContextPackService > pack > should format output according to specified format
AssertionError: expected undefined to be 'json' // Object.is equality

[32m- Expected:[39m 
"json"

[31m+ Received:[39m 
undefined

 ‚ùØ tests/context-graph/context-graph-pack.test.ts:366:39
    364| 
    365|    // Then - This should FAIL until implementation
    366|    expect(jsonResult.metadata.format).toBe('json');
       |                                       ^
    367|    expect(jsonResult.packedContext).toContain('"content":');
    368|    expect(jsonResult.packedContext).toContain('"citations":');

‚éØ‚éØ‚éØ‚éØ‚éØ‚éØ‚éØ‚éØ‚éØ‚éØ‚éØ‚éØ‚éØ‚éØ‚éØ‚éØ‚éØ‚éØ‚éØ‚éØ‚éØ‚éØ[31/83]‚éØ

 FAIL  tests/context-graph/context-graph-pack.test.ts > ContextPackService > pack > should integrate with external knowledge bases
AssertionError: expected undefined to be defined
 ‚ùØ tests/context-graph/context-graph-pack.test.ts:415:29
    413| 
    414|    // Then - This should FAIL until implementation
    415|    expect(result.citations).toBeDefined();
       |                             ^
    416|    expect(result.citations).toHaveLength(1);
    417|    const citation = result.citations[0];

‚éØ‚éØ‚éØ‚éØ‚éØ‚éØ‚éØ‚éØ‚éØ‚éØ‚éØ‚éØ‚éØ‚éØ‚éØ‚éØ‚éØ‚éØ‚éØ‚éØ‚éØ‚éØ[32/83]‚éØ

 FAIL  tests/context-graph/context-graph-pack.test.ts > ContextPackService > pack > should handle empty subgraphs gracefully
AssertionError: Target cannot be null or undefined.
 ‚ùØ tests/context-graph/context-graph-pack.test.ts:442:29
    440|    expect(result).toBeDefined();
    441|    expect(result.packedContext).toBe('');
    442|    expect(result.citations).toHaveLength(0);
       |                             ^
    443|    expect(result.metadata.totalNodes).toBe(0);
    444|    expect(result.metadata.totalEdges).toBe(0);

‚éØ‚éØ‚éØ‚éØ‚éØ‚éØ‚éØ‚éØ‚éØ‚éØ‚éØ‚éØ‚éØ‚éØ‚éØ‚éØ‚éØ‚éØ‚éØ‚éØ‚éØ‚éØ[33/83]‚éØ

 FAIL  tests/context-graph/context-graph-pack.test.ts > ContextPackService > pack > should validate pack options
AssertionError: expected 'Packing error: Cannot read properties‚Ä¶' to contain 'Invalid pack options'

Expected: [32m"Invalid pack options"[39m
Received: [31m"Packing error: Cannot read properties of undefined (reading '0')"[39m

 ‚ùØ tests/context-graph/context-graph-pack.test.ts:479:34
    477| 
    478|    // Then - This should FAIL until implementation
    479|    expect(result.metadata.error).toContain('Invalid pack options');
       |                                  ^
    480|    expect(result.metadata.brainwavBranded).toBe(true);
    481|   });

‚éØ‚éØ‚éØ‚éØ‚éØ‚éØ‚éØ‚éØ‚éØ‚éØ‚éØ‚éØ‚éØ‚éØ‚éØ‚éØ‚éØ‚éØ‚éØ‚éØ‚éØ‚éØ[34/83]‚éØ

 FAIL  tests/context-graph/context-graph-slice.test.ts > ContextSliceService > slice > should slice context with custom depth and breadth limits
AssertionError: expected [] to have a length of 2 but got +0

[32m- Expected[39m
[31m+ Received[39m

[32m- 2[39m
[31m+ 0[39m

 ‚ùØ tests/context-graph/context-graph-slice.test.ts:179:34
    177| 
    178|    // Then - This should FAIL until implementation
    179|    expect(result.subgraph.nodes).toHaveLength(2);
       |                                  ^
    180|    expect(result.subgraph.edges).toHaveLengthGreaterThan(0);
    181|    expect(result.metadata.sliceDuration).toBeLessThan(150);

‚éØ‚éØ‚éØ‚éØ‚éØ‚éØ‚éØ‚éØ‚éØ‚éØ‚éØ‚éØ‚éØ‚éØ‚éØ‚éØ‚éØ‚éØ‚éØ‚éØ‚éØ‚éØ[35/83]‚éØ

 FAIL  tests/context-graph/context-graph-slice.test.ts > ContextSliceService > slice > should apply evidence filtering before slicing
AssertionError: expected undefined to be true // Object.is equality

[32m- Expected:[39m 
true

[31m+ Received:[39m 
undefined

 ‚ùØ tests/context-graph/context-graph-slice.test.ts:244:45
    242|    expect(result).toBeDefined();
    243|    expect(result.subgraph.nodes).toHaveLength(0);
    244|    expect(result.metadata.evidenceFiltered).toBe(true);
       |                                             ^
    245|    expect(result.metadata.evidenceReason).toContain('Access denied');
    246|   });

‚éØ‚éØ‚éØ‚éØ‚éØ‚éØ‚éØ‚éØ‚éØ‚éØ‚éØ‚éØ‚éØ‚éØ‚éØ‚éØ‚éØ‚éØ‚éØ‚éØ‚éØ‚éØ[36/83]‚éØ

 FAIL  tests/context-graph/context-graph-slice.test.ts > ContextSliceService > slice > should enforce thermal constraints during slicing
AssertionError: expected undefined to be true // Object.is equality

[32m- Expected:[39m 
true

[31m+ Received:[39m 
undefined

 ‚ùØ tests/context-graph/context-graph-slice.test.ts:269:47
    267| 
    268|    // Then - This should FAIL until implementation
    269|    expect(result.metadata.thermalConstrained).toBe(true);
       |                                               ^
    270|    expect(result.metadata.depthUsed).toBeLessThanOrEqual(2);
    271|    expect(result.metadata.nodesExplored).toBeLessThanOrEqual(20);

‚éØ‚éØ‚éØ‚éØ‚éØ‚éØ‚éØ‚éØ‚éØ‚éØ‚éØ‚éØ‚éØ‚éØ‚éØ‚éØ‚éØ‚éØ‚éØ‚éØ‚éØ‚éØ[37/83]‚éØ

 FAIL  tests/context-graph/context-graph-slice.test.ts > ContextSliceService > slice > should validate input parameters
AssertionError: expected 'query: Query cannot be empty' to contain 'Invalid input parameters'

Expected: [32m"Invalid input parameters"[39m
Received: [31m"query: Query cannot be empty"[39m

 ‚ùØ tests/context-graph/context-graph-slice.test.ts:311:34
    309|    // Then - This should FAIL until implementation
    310|    expect(result).toBeDefined();
    311|    expect(result.metadata.error).toContain('Invalid input parameters');
       |                                  ^
    312|    expect(result.metadata.brainwavBranded).toBe(true);
    313|   });

‚éØ‚éØ‚éØ‚éØ‚éØ‚éØ‚éØ‚éØ‚éØ‚éØ‚éØ‚éØ‚éØ‚éØ‚éØ‚éØ‚éØ‚éØ‚éØ‚éØ‚éØ‚éØ[38/83]‚éØ

 FAIL  tests/context-graph/context-graph-slice.test.ts > ContextSliceService > slice > should track slicing metrics for observability
AssertionError: expected undefined to be defined
 ‚ùØ tests/context-graph/context-graph-slice.test.ts:360:27
    358| 
    359|    // Then - This should FAIL until implementation
    360|    expect(result.metrics).toBeDefined();
       |                           ^
    361|    expect(result.metrics.nodesProcessed).toBeGreaterThan(0);
    362|    expect(result.metrics.edgesProcessed).toBeGreaterThan(0);

‚éØ‚éØ‚éØ‚éØ‚éØ‚éØ‚éØ‚éØ‚éØ‚éØ‚éØ‚éØ‚éØ‚éØ‚éØ‚éØ‚éØ‚éØ‚éØ‚éØ‚éØ‚éØ[39/83]‚éØ

 FAIL  tests/context-graph/context-graph-slice.test.ts > ContextSliceService > validateRecipe > should reject invalid recipe schema
AssertionError: expected [ Array(5) ] to include 'Query cannot be empty'
 ‚ùØ tests/context-graph/context-graph-slice.test.ts:403:26
    401|    expect(result.valid).toBe(false);
    402|    expect(result.errors.length).toBeGreaterThan(0);
    403|    expect(result.errors).toContain('Query cannot be empty');
       |                          ^
    404|    expect(result.errors).toContain('Max depth must be positive');
    405|   });

‚éØ‚éØ‚éØ‚éØ‚éØ‚éØ‚éØ‚éØ‚éØ‚éØ‚éØ‚éØ‚éØ‚éØ‚éØ‚éØ‚éØ‚éØ‚éØ‚éØ‚éØ‚éØ[40/83]‚éØ

 FAIL  src/skills/__tests__/ethical-validator.test.ts > Ethical Validation - Bias Detection > should detect gender-biased language
AssertionError: expected false to be true // Object.is equality

[32m- Expected[39m
[31m+ Received[39m

[32m- true[39m
[31m+ false[39m

 ‚ùØ src/skills/__tests__/ethical-validator.test.ts:74:64
     72|   expect(violations.length).toBeGreaterThan(0);
     73|   expect(violations.some((v) => v.type === 'bias_language')).toBe(true‚Ä¶
     74|   expect(violations.some((v) => v.message.includes('gender'))).toBe(tr‚Ä¶
       |                                                                ^
     75|  });
     76| 

‚éØ‚éØ‚éØ‚éØ‚éØ‚éØ‚éØ‚éØ‚éØ‚éØ‚éØ‚éØ‚éØ‚éØ‚éØ‚éØ‚éØ‚éØ‚éØ‚éØ‚éØ‚éØ[41/83]‚éØ

 FAIL  src/skills/__tests__/ethical-validator.test.ts > Ethical Validation - Bias Detection > should suggest inclusive alternatives
AssertionError: expected 0 to be greater than 0
 ‚ùØ src/skills/__tests__/ethical-validator.test.ts:84:29
     82|   const violations = validateEthicalCompliance(skill);
     83| 
     84|   expect(violations.length).toBeGreaterThan(0);
       |                             ^
     85|   const violation = violations.find((v) => v.type === 'bias_language');
     86|   expect(violation?.suggestion).toBeTruthy();

‚éØ‚éØ‚éØ‚éØ‚éØ‚éØ‚éØ‚éØ‚éØ‚éØ‚éØ‚éØ‚éØ‚éØ‚éØ‚éØ‚éØ‚éØ‚éØ‚éØ‚éØ‚éØ[42/83]‚éØ

 FAIL  src/skills/__tests__/ethical-validator.test.ts > Ethical Validation - Transparency > should flag vague descriptions
AssertionError: expected false to be true // Object.is equality

[32m- Expected[39m
[31m+ Received[39m

[32m- true[39m
[31m+ false[39m

 ‚ùØ src/skills/__tests__/ethical-validator.test.ts:137:69
    135| 
    136|   expect(violations.some((v) => v.type === 'transparency')).toBe(true);
    137|   expect(violations.some((v) => v.message.includes('description'))).to‚Ä¶
       |                                                                     ^
    138|  });
    139| 

‚éØ‚éØ‚éØ‚éØ‚éØ‚éØ‚éØ‚éØ‚éØ‚éØ‚éØ‚éØ‚éØ‚éØ‚éØ‚éØ‚éØ‚éØ‚éØ‚éØ‚éØ‚éØ[43/83]‚éØ

 FAIL  src/skills/__tests__/ethical-validator.test.ts > Ethical Validation - Transparency > should validate examples are explanatory
AssertionError: expected false to be true // Object.is equality

[32m- Expected[39m
[31m+ Received[39m

[32m- true[39m
[31m+ false[39m

 ‚ùØ src/skills/__tests__/ethical-validator.test.ts:163:61
    161|   const violations = validateEthicalCompliance(skill);
    162| 
    163|   expect(violations.some((v) => v.type === 'transparency')).toBe(true);
       |                                                             ^
    164|  });
    165| });

‚éØ‚éØ‚éØ‚éØ‚éØ‚éØ‚éØ‚éØ‚éØ‚éØ‚éØ‚éØ‚éØ‚éØ‚éØ‚éØ‚éØ‚éØ‚éØ‚éØ‚éØ‚éØ[44/83]‚éØ

 FAIL  src/skills/__tests__/ethical-validator.test.ts > Ethical Validation - Safety > should detect privacy-concerning patterns
AssertionError: expected false to be true // Object.is equality

[32m- Expected[39m
[31m+ Received[39m

[32m- true[39m
[31m+ false[39m

 ‚ùØ src/skills/__tests__/ethical-validator.test.ts:208:55
    206|   const violations = validateEthicalCompliance(skill);
    207| 
    208|   expect(violations.some((v) => v.type === 'safety')).toBe(true);
       |                                                       ^
    209|  });
    210| });

‚éØ‚éØ‚éØ‚éØ‚éØ‚éØ‚éØ‚éØ‚éØ‚éØ‚éØ‚éØ‚éØ‚éØ‚éØ‚éØ‚éØ‚éØ‚éØ‚éØ‚éØ‚éØ[45/83]‚éØ

 FAIL  src/skills/__tests__/ethical-validator.test.ts > Ethical Validation - Accessibility > should flag purely visual-only instructions
AssertionError: expected false to be true // Object.is equality

[32m- Expected[39m
[31m+ Received[39m

[32m- true[39m
[31m+ false[39m

 ‚ùØ src/skills/__tests__/ethical-validator.test.ts:238:63
    236| 
    237|   expect(violations.some((v) => v.type === 'accessibility')).toBe(true‚Ä¶
    238|   expect(violations.some((v) => v.message.includes('color'))).toBe(tru‚Ä¶
       |                                                               ^
    239|  });
    240| 

‚éØ‚éØ‚éØ‚éØ‚éØ‚éØ‚éØ‚éØ‚éØ‚éØ‚éØ‚éØ‚éØ‚éØ‚éØ‚éØ‚éØ‚éØ‚éØ‚éØ‚éØ‚éØ[46/83]‚éØ

 FAIL  src/skills/__tests__/ethical-validator.test.ts > Ethical Validation - Comprehensive > should assign appropriate severity levels
AssertionError: expected false to be true // Object.is equality

[32m- Expected[39m
[31m+ Received[39m

[32m- true[39m
[31m+ false[39m

 ‚ùØ src/skills/__tests__/ethical-validator.test.ts:320:57
    318|   const violations = validateEthicalCompliance(skill);
    319| 
    320|   expect(violations.some((v) => v.severity === 'high')).toBe(true);
       |                                                         ^
    321|  });
    322| 

‚éØ‚éØ‚éØ‚éØ‚éØ‚éØ‚éØ‚éØ‚éØ‚éØ‚éØ‚éØ‚éØ‚éØ‚éØ‚éØ‚éØ‚éØ‚éØ‚éØ‚éØ‚éØ[47/83]‚éØ

 FAIL  src/skills/__tests__/security-validator.test.ts > Security Validation - Code Injection > should detect dangerous process methods
AssertionError: expected false to be true // Object.is equality

[32m- Expected[39m
[31m+ Received[39m

[32m- true[39m
[31m+ false[39m

 ‚ùØ src/skills/__tests__/security-validator.test.ts:118:62
    116| 
    117|   expect(violations.length).toBeGreaterThan(0);
    118|   expect(violations.some((v) => v.type === 'dangerous_api')).toBe(true‚Ä¶
       |                                                              ^
    119|  });
    120| });

‚éØ‚éØ‚éØ‚éØ‚éØ‚éØ‚éØ‚éØ‚éØ‚éØ‚éØ‚éØ‚éØ‚éØ‚éØ‚éØ‚éØ‚éØ‚éØ‚éØ‚éØ‚éØ[48/83]‚éØ

 FAIL  src/skills/__tests__/security-validator.test.ts > Security Validation - Path Traversal > should detect absolute path access
AssertionError: expected 0 to be greater than 0
 ‚ùØ src/skills/__tests__/security-validator.test.ts:145:29
    143|   const violations = validateSecurityRules(skill);
    144| 
    145|   expect(violations.length).toBeGreaterThan(0);
       |                             ^
    146|   expect(violations.some((v) => v.type === 'path_traversal')).toBe(tru‚Ä¶
    147|  });

‚éØ‚éØ‚éØ‚éØ‚éØ‚éØ‚éØ‚éØ‚éØ‚éØ‚éØ‚éØ‚éØ‚éØ‚éØ‚éØ‚éØ‚éØ‚éØ‚éØ‚éØ‚éØ[49/83]‚éØ

 FAIL  src/skills/__tests__/security-validator.test.ts > Security Validation - Comprehensive > should provide specific violation details
AssertionError: expected undefined to be defined
 ‚ùØ src/skills/__tests__/security-validator.test.ts:333:21
    331| 
    332|   const violation = violations[0];
    333|   expect(violation).toBeDefined();
       |                     ^
    334|   expect(violation?.message).toBeTruthy();
    335|   expect(violation?.type).toBeTruthy();

‚éØ‚éØ‚éØ‚éØ‚éØ‚éØ‚éØ‚éØ‚éØ‚éØ‚éØ‚éØ‚éØ‚éØ‚éØ‚éØ‚éØ‚éØ‚éØ‚éØ‚éØ‚éØ[50/83]‚éØ

 FAIL  src/skills/__tests__/skill-loader.test.ts > Skill Loader - File Loading > should load and parse valid skill file
AssertionError: expected false to be true // Object.is equality

[32m- Expected[39m
[31m+ Received[39m

[32m- true[39m
[31m+ false[39m

 ‚ùØ src/skills/__tests__/skill-loader.test.ts:205:26
    203|   const result = await loadSkill(filePath);
    204| 
    205|   expect(result.success).toBe(true);
       |                          ^
    206|   expect(result.skill).toBeDefined();
    207|   expect(result.skill?.id).toBe('skill-test');

‚éØ‚éØ‚éØ‚éØ‚éØ‚éØ‚éØ‚éØ‚éØ‚éØ‚éØ‚éØ‚éØ‚éØ‚éØ‚éØ‚éØ‚éØ‚éØ‚éØ‚éØ‚éØ[51/83]‚éØ

 FAIL  src/skills/__tests__/skill-loader.test.ts > Skill Loader - File Loading > should load multiple skills from directory
AssertionError: expected [] to have a length of 3 but got +0

[32m- Expected[39m
[31m+ Received[39m

[32m- 3[39m
[31m+ 0[39m

 ‚ùØ src/skills/__tests__/skill-loader.test.ts:272:26
    270|   const results = await loadSkillsFromDirectory(TEST_DIR);
    271| 
    272|   expect(results.loaded).toHaveLength(3);
       |                          ^
    273|   expect(results.failed).toHaveLength(0);
    274|   expect(results.total).toBe(3);

‚éØ‚éØ‚éØ‚éØ‚éØ‚éØ‚éØ‚éØ‚éØ‚éØ‚éØ‚éØ‚éØ‚éØ‚éØ‚éØ‚éØ‚éØ‚éØ‚éØ‚éØ‚éØ[52/83]‚éØ

 FAIL  src/skills/__tests__/skill-loader.test.ts > Skill Loader - File Loading > should separate successful and failed loads
AssertionError: expected +0 to be 1 // Object.is equality

[32m- Expected[39m
[31m+ Received[39m

[32m- 1[39m
[31m+ 0[39m

 ‚ùØ src/skills/__tests__/skill-loader.test.ts:283:33
    281|   const results = await loadSkillsFromDirectory(TEST_DIR);
    282| 
    283|   expect(results.loaded.length).toBe(1);
       |                                 ^
    284|   expect(results.failed.length).toBe(1);
    285|   expect(results.total).toBe(2);

‚éØ‚éØ‚éØ‚éØ‚éØ‚éØ‚éØ‚éØ‚éØ‚éØ‚éØ‚éØ‚éØ‚éØ‚éØ‚éØ‚éØ‚éØ‚éØ‚éØ‚éØ‚éØ[53/83]‚éØ

 FAIL  src/skills/__tests__/skill-loader.test.ts > Skill Loader - Caching > should cache loaded skills
AssertionError: expected false to be true // Object.is equality

[32m- Expected[39m
[31m+ Received[39m

[32m- true[39m
[31m+ false[39m

 ‚ùØ src/skills/__tests__/skill-loader.test.ts:325:27
    323|   const time2 = performance.now();
    324| 
    325|   expect(result1.success).toBe(true);
       |                           ^
    326|   expect(result2.success).toBe(true);
    327|   expect(result2.fromCache).toBe(true);

‚éØ‚éØ‚éØ‚éØ‚éØ‚éØ‚éØ‚éØ‚éØ‚éØ‚éØ‚éØ‚éØ‚éØ‚éØ‚éØ‚éØ‚éØ‚éØ‚éØ‚éØ‚éØ[54/83]‚éØ

 FAIL  src/skills/__tests__/skill-loader.test.ts > Skill Loader - Caching > should invalidate cache on file modification
AssertionError: expected undefined to be false // Object.is equality

[32m- Expected:[39m 
false

[31m+ Received:[39m 
undefined

 ‚ùØ src/skills/__tests__/skill-loader.test.ts:354:28
    352|   const result = await loadSkill(filePath, options);
    353| 
    354|   expect(result.fromCache).toBe(false);
       |                            ^
    355|   expect(result.skill?.name).toBe('Modified');
    356|  });

‚éØ‚éØ‚éØ‚éØ‚éØ‚éØ‚éØ‚éØ‚éØ‚éØ‚éØ‚éØ‚éØ‚éØ‚éØ‚éØ‚éØ‚éØ‚éØ‚éØ‚éØ‚éØ[55/83]‚éØ

 FAIL  src/skills/__tests__/skill-loader.test.ts > Skill Loader - Caching > should respect cache size limits
AssertionError: expected undefined to be false // Object.is equality

[32m- Expected:[39m 
false

[31m+ Received:[39m 
undefined

 ‚ùØ src/skills/__tests__/skill-loader.test.ts:384:29
    382|   // First file should have been evicted (LRU)
    383|   const result1 = await loadSkill(file1, options);
    384|   expect(result1.fromCache).toBe(false);
       |                             ^
    385| 
    386|   // Most recent files should still be cached

‚éØ‚éØ‚éØ‚éØ‚éØ‚éØ‚éØ‚éØ‚éØ‚éØ‚éØ‚éØ‚éØ‚éØ‚éØ‚éØ‚éØ‚éØ‚éØ‚éØ‚éØ‚éØ[56/83]‚éØ

 FAIL  src/skills/__tests__/skill-loader.test.ts > Skill Loader - Caching > should provide cache statistics
AssertionError: expected 0 to be greater than 0
 ‚ùØ src/skills/__tests__/skill-loader.test.ts:404:36
    402| 
    403|   expect(results.cacheStats).toBeDefined();
    404|   expect(results.cacheStats?.hits).toBeGreaterThan(0);
       |                                    ^
    405|  });
    406| 

‚éØ‚éØ‚éØ‚éØ‚éØ‚éØ‚éØ‚éØ‚éØ‚éØ‚éØ‚éØ‚éØ‚éØ‚éØ‚éØ‚éØ‚éØ‚éØ‚éØ‚éØ‚éØ[57/83]‚éØ

 FAIL  src/skills/__tests__/skill-loader.test.ts > Skill Loader - Caching > should allow cache bypass
AssertionError: expected undefined to be false // Object.is equality

[32m- Expected:[39m 
false

[31m+ Received:[39m 
undefined

 ‚ùØ src/skills/__tests__/skill-loader.test.ts:419:28
    417|   const result = await loadSkill(filePath, noCacheOptions);
    418| 
    419|   expect(result.fromCache).toBe(false);
       |                            ^
    420|  });
    421| 

‚éØ‚éØ‚éØ‚éØ‚éØ‚éØ‚éØ‚éØ‚éØ‚éØ‚éØ‚éØ‚éØ‚éØ‚éØ‚éØ‚éØ‚éØ‚éØ‚éØ‚éØ‚éØ[58/83]‚éØ

 FAIL  src/skills/__tests__/skill-loader.test.ts > Skill Loader - Caching > should cache 100 skills efficiently
AssertionError: expected [] to have a length of 100 but got +0

[32m- Expected[39m
[31m+ Received[39m

[32m- 100[39m
[31m+ 0[39m

 ‚ùØ src/skills/__tests__/skill-loader.test.ts:446:26
    444|   const duration2 = performance.now() - start2;
    445| 
    446|   expect(results.loaded).toHaveLength(100);
       |                          ^
    447|   expect(duration2).toBeLessThan(duration1 / 2); // Cached should be 2‚Ä¶
    448|  });

‚éØ‚éØ‚éØ‚éØ‚éØ‚éØ‚éØ‚éØ‚éØ‚éØ‚éØ‚éØ‚éØ‚éØ‚éØ‚éØ‚éØ‚éØ‚éØ‚éØ‚éØ‚éØ[59/83]‚éØ

 FAIL  src/skills/__tests__/skill-loader.test.ts > Skill Loader - Integration > should load, validate, and cache skills end-to-end
AssertionError: expected [] to have a length of 2 but got +0

[32m- Expected[39m
[31m+ Received[39m

[32m- 2[39m
[31m+ 0[39m

 ‚ùØ src/skills/__tests__/skill-loader.test.ts:477:26
    475|   const results = await loadSkillsFromDirectory(TEST_DIR, options);
    476| 
    477|   expect(results.loaded).toHaveLength(2);
       |                          ^
    478|   expect(results.failed).toHaveLength(1);
    479|   expect(results.total).toBe(3);

‚éØ‚éØ‚éØ‚éØ‚éØ‚éØ‚éØ‚éØ‚éØ‚éØ‚éØ‚éØ‚éØ‚éØ‚éØ‚éØ‚éØ‚éØ‚éØ‚éØ‚éØ‚éØ[60/83]‚éØ

 FAIL  src/skills/__tests__/skill-loader.test.ts > Skill Loader - Integration > should handle mixed valid and invalid skills
AssertionError: expected +0 to be 2 // Object.is equality

[32m- Expected[39m
[31m+ Received[39m

[32m- 2[39m
[31m+ 0[39m

 ‚ùØ src/skills/__tests__/skill-loader.test.ts:494:33
    492|   const results = await loadSkillsFromDirectory(TEST_DIR);
    493| 
    494|   expect(results.loaded.length).toBe(2);
       |                                 ^
    495|   expect(results.failed.length).toBe(2);
    496|   expect(results.successRate).toBe(0.5);

‚éØ‚éØ‚éØ‚éØ‚éØ‚éØ‚éØ‚éØ‚éØ‚éØ‚éØ‚éØ‚éØ‚éØ‚éØ‚éØ‚éØ‚éØ‚éØ‚éØ‚éØ‚éØ[61/83]‚éØ

 FAIL  src/skills/__tests__/skill-validator.test.ts > validateSkillMetadata > should reject invalid version format
AssertionError: expected 'Must be valid semver (e.g., 1.0.0)' to contain 'version'

Expected: [32m"version"[39m
Received: [31m"Must be valid semver (e.g., 1.0.0)"[39m

 ‚ùØ src/skills/__tests__/skill-validator.test.ts:83:37
     81|   expect(result.valid).toBe(false);
     82|   expect(result.errors.length).toBeGreaterThan(0);
     83|   expect(result.errors[0]?.message).toContain('version');
       |                                     ^
     84|  });
     85| 

‚éØ‚éØ‚éØ‚éØ‚éØ‚éØ‚éØ‚éØ‚éØ‚éØ‚éØ‚éØ‚éØ‚éØ‚éØ‚éØ‚éØ‚éØ‚éØ‚éØ‚éØ‚éØ[62/83]‚éØ

 FAIL  src/skills/__tests__/skill-validator.test.ts > validateSkillMetadata > should reject empty author
AssertionError: expected 'String must contain at least 1 charac‚Ä¶' to contain 'author'

Expected: [32m"author"[39m
Received: [31m"String must contain at least 1 character(s)"[39m

 ‚ùØ src/skills/__tests__/skill-validator.test.ts:91:37
     89| 
     90|   expect(result.valid).toBe(false);
     91|   expect(result.errors[0]?.message).toContain('author');
       |                                     ^
     92|  });
     93| 

‚éØ‚éØ‚éØ‚éØ‚éØ‚éØ‚éØ‚éØ‚éØ‚éØ‚éØ‚éØ‚éØ‚éØ‚éØ‚éØ‚éØ‚éØ‚éØ‚éØ‚éØ‚éØ[63/83]‚éØ

 FAIL  src/skills/__tests__/skill-validator.test.ts > validateSkillMetadata > should reject invalid category
AssertionError: expected 'Invalid enum value. Expected \'coding‚Ä¶' to contain 'category'

Expected: [32m"category"[39m
Received: [31m"Invalid enum value. Expected 'coding' | 'communication' | 'security' | 'analysis' | 'automation' | 'integration' | 'testing' | 'documentation' | 'other', received 'invalid'"[39m

 ‚ùØ src/skills/__tests__/skill-validator.test.ts:99:37
     97| 
     98|   expect(result.valid).toBe(false);
     99|   expect(result.errors[0]?.message).toContain('category');
       |                                     ^
    100|  });
    101| 

‚éØ‚éØ‚éØ‚éØ‚éØ‚éØ‚éØ‚éØ‚éØ‚éØ‚éØ‚éØ‚éØ‚éØ‚éØ‚éØ‚éØ‚éØ‚éØ‚éØ‚éØ‚éØ[64/83]‚éØ

 FAIL  src/skills/__tests__/skill-validator.test.ts > validateSkillMetadata > should reject empty tags array
AssertionError: expected 'Array must contain at least 1 element‚Ä¶' to contain 'tags'

Expected: [32m"tags"[39m
Received: [31m"Array must contain at least 1 element(s)"[39m

 ‚ùØ src/skills/__tests__/skill-validator.test.ts:107:37
    105| 
    106|   expect(result.valid).toBe(false);
    107|   expect(result.errors[0]?.message).toContain('tags');
       |                                     ^
    108|  });
    109| 

‚éØ‚éØ‚éØ‚éØ‚éØ‚éØ‚éØ‚éØ‚éØ‚éØ‚éØ‚éØ‚éØ‚éØ‚éØ‚éØ‚éØ‚éØ‚éØ‚éØ‚éØ‚éØ[65/83]‚éØ

 FAIL  src/skills/__tests__/skill-validator.test.ts > validateSkillMetadata > should reject too many tags
AssertionError: expected 'Array must contain at most 20 element‚Ä¶' to contain 'tags'

Expected: [32m"tags"[39m
Received: [31m"Array must contain at most 20 element(s)"[39m

 ‚ùØ src/skills/__tests__/skill-validator.test.ts:118:37
    116| 
    117|   expect(result.valid).toBe(false);
    118|   expect(result.errors[0]?.message).toContain('tags');
       |                                     ^
    119|  });
    120| 

‚éØ‚éØ‚éØ‚éØ‚éØ‚éØ‚éØ‚éØ‚éØ‚éØ‚éØ‚éØ‚éØ‚éØ‚éØ‚éØ‚éØ‚éØ‚éØ‚éØ‚éØ‚éØ[66/83]‚éØ

 FAIL  src/skills/__tests__/skill-validator.test.ts > validateSkillMetadata > should reject invalid difficulty level
AssertionError: expected 'Invalid enum value. Expected \'beginn‚Ä¶' to contain 'difficulty'

Expected: [32m"difficulty"[39m
Received: [31m"Invalid enum value. Expected 'beginner' | 'intermediate' | 'advanced' | 'expert', received 'easy'"[39m

 ‚ùØ src/skills/__tests__/skill-validator.test.ts:126:37
    124| 
    125|   expect(result.valid).toBe(false);
    126|   expect(result.errors[0]?.message).toContain('difficulty');
       |                                     ^
    127|  });
    128| 

‚éØ‚éØ‚éØ‚éØ‚éØ‚éØ‚éØ‚éØ‚éØ‚éØ‚éØ‚éØ‚éØ‚éØ‚éØ‚éØ‚éØ‚éØ‚éØ‚éØ‚éØ‚éØ[67/83]‚éØ

 FAIL  src/skills/__tests__/skill-validator.test.ts > validateSkillMetadata > should reject negative estimatedTokens
AssertionError: expected 'Number must be greater than 0' to contain 'estimatedTokens'

Expected: [32m"estimatedTokens"[39m
Received: [31m"Number must be greater than 0"[39m

 ‚ùØ src/skills/__tests__/skill-validator.test.ts:134:37
    132| 
    133|   expect(result.valid).toBe(false);
    134|   expect(result.errors[0]?.message).toContain('estimatedTokens');
       |                                     ^
    135|  });
    136| 

‚éØ‚éØ‚éØ‚éØ‚éØ‚éØ‚éØ‚éØ‚éØ‚éØ‚éØ‚éØ‚éØ‚éØ‚éØ‚éØ‚éØ‚éØ‚éØ‚éØ‚éØ‚éØ[68/83]‚éØ

 FAIL  src/skills/__tests__/skill-validator.test.ts > validateSkillMetadata > should reject excessive estimatedTokens
AssertionError: expected 'Number must be less than or equal to ‚Ä¶' to contain 'estimatedTokens'

Expected: [32m"estimatedTokens"[39m
Received: [31m"Number must be less than or equal to 10000"[39m

 ‚ùØ src/skills/__tests__/skill-validator.test.ts:142:37
    140| 
    141|   expect(result.valid).toBe(false);
    142|   expect(result.errors[0]?.message).toContain('estimatedTokens');
       |                                     ^
    143|  });
    144| 

‚éØ‚éØ‚éØ‚éØ‚éØ‚éØ‚éØ‚éØ‚éØ‚éØ‚éØ‚éØ‚éØ‚éØ‚éØ‚éØ‚éØ‚éØ‚éØ‚éØ‚éØ‚éØ[69/83]‚éØ

 FAIL  src/skills/__tests__/skill-validator.test.ts > validateSkillMetadata > should reject too many requiredTools
AssertionError: expected 'Array must contain at most 50 element‚Ä¶' to contain 'requiredTools'

Expected: [32m"requiredTools"[39m
Received: [31m"Array must contain at most 50 element(s)"[39m

 ‚ùØ src/skills/__tests__/skill-validator.test.ts:172:37
    170| 
    171|   expect(result.valid).toBe(false);
    172|   expect(result.errors[0]?.message).toContain('requiredTools');
       |                                     ^
    173|  });
    174| });

‚éØ‚éØ‚éØ‚éØ‚éØ‚éØ‚éØ‚éØ‚éØ‚éØ‚éØ‚éØ‚éØ‚éØ‚éØ‚éØ‚éØ‚éØ‚éØ‚éØ‚éØ‚éØ[70/83]‚éØ

 FAIL  src/skills/__tests__/skill-validator.test.ts > validateSkill > should reject invalid skill ID format
AssertionError: expected 'ID must start with "skill-" followed ‚Ä¶' to contain 'id'

Expected: [32m"id"[39m
Received: [31m"ID must start with "skill-" followed by kebab-case"[39m

 ‚ùØ src/skills/__tests__/skill-validator.test.ts:195:37
    193| 
    194|   expect(result.valid).toBe(false);
    195|   expect(result.errors[0]?.message).toContain('id');
       |                                     ^
    196|   expect(result.errors[0]?.message).toContain('skill-');
    197|  });

‚éØ‚éØ‚éØ‚éØ‚éØ‚éØ‚éØ‚éØ‚éØ‚éØ‚éØ‚éØ‚éØ‚éØ‚éØ‚éØ‚éØ‚éØ‚éØ‚éØ‚éØ‚éØ[71/83]‚éØ

 FAIL  src/skills/__tests__/skill-validator.test.ts > validateSkill > should reject short skill name
AssertionError: expected 'String must contain at least 3 charac‚Ä¶' to contain 'name'

Expected: [32m"name"[39m
Received: [31m"String must contain at least 3 character(s)"[39m

 ‚ùØ src/skills/__tests__/skill-validator.test.ts:204:37
    202| 
    203|   expect(result.valid).toBe(false);
    204|   expect(result.errors[0]?.message).toContain('name');
       |                                     ^
    205|  });
    206| 

‚éØ‚éØ‚éØ‚éØ‚éØ‚éØ‚éØ‚éØ‚éØ‚éØ‚éØ‚éØ‚éØ‚éØ‚éØ‚éØ‚éØ‚éØ‚éØ‚éØ‚éØ‚éØ[72/83]‚éØ

 FAIL  src/skills/__tests__/skill-validator.test.ts > validateSkill > should reject short description
AssertionError: expected 'String must contain at least 10 chara‚Ä¶' to contain 'description'

Expected: [32m"description"[39m
Received: [31m"String must contain at least 10 character(s)"[39m

 ‚ùØ src/skills/__tests__/skill-validator.test.ts:212:37
    210| 
    211|   expect(result.valid).toBe(false);
    212|   expect(result.errors[0]?.message).toContain('description');
       |                                     ^
    213|  });
    214| 

‚éØ‚éØ‚éØ‚éØ‚éØ‚éØ‚éØ‚éØ‚éØ‚éØ‚éØ‚éØ‚éØ‚éØ‚éØ‚éØ‚éØ‚éØ‚éØ‚éØ‚éØ‚éØ[73/83]‚éØ

 FAIL  src/skills/__tests__/skill-validator.test.ts > validateSkill > should reject short content
AssertionError: expected 'String must contain at least 50 chara‚Ä¶' to contain 'content'

Expected: [32m"content"[39m
Received: [31m"String must contain at least 50 character(s)"[39m

 ‚ùØ src/skills/__tests__/skill-validator.test.ts:220:37
    218| 
    219|   expect(result.valid).toBe(false);
    220|   expect(result.errors[0]?.message).toContain('content');
       |                                     ^
    221|  });
    222| 

‚éØ‚éØ‚éØ‚éØ‚éØ‚éØ‚éØ‚éØ‚éØ‚éØ‚éØ‚éØ‚éØ‚éØ‚éØ‚éØ‚éØ‚éØ‚éØ‚éØ‚éØ‚éØ[74/83]‚éØ

 FAIL  src/skills/__tests__/skill-validator.test.ts > validateSkill > should reject excessive content length
AssertionError: expected 'String must contain at most 50000 cha‚Ä¶' to contain 'content'

Expected: [32m"content"[39m
Received: [31m"String must contain at most 50000 character(s)"[39m

 ‚ùØ src/skills/__tests__/skill-validator.test.ts:231:37
    229| 
    230|   expect(result.valid).toBe(false);
    231|   expect(result.errors[0]?.message).toContain('content');
       |                                     ^
    232|  });
    233| 

‚éØ‚éØ‚éØ‚éØ‚éØ‚éØ‚éØ‚éØ‚éØ‚éØ‚éØ‚éØ‚éØ‚éØ‚éØ‚éØ‚éØ‚éØ‚éØ‚éØ‚éØ‚éØ[75/83]‚éØ

 FAIL  src/skills/__tests__/skill-validator.test.ts > validateSkill > should reject missing successCriteria
AssertionError: expected 'Array must contain at least 1 element‚Ä¶' to contain 'successCriteria'

Expected: [32m"successCriteria"[39m
Received: [31m"Array must contain at least 1 element(s)"[39m

 ‚ùØ src/skills/__tests__/skill-validator.test.ts:239:37
    237| 
    238|   expect(result.valid).toBe(false);
    239|   expect(result.errors[0]?.message).toContain('successCriteria');
       |                                     ^
    240|  });
    241| 

‚éØ‚éØ‚éØ‚éØ‚éØ‚éØ‚éØ‚éØ‚éØ‚éØ‚éØ‚éØ‚éØ‚éØ‚éØ‚éØ‚éØ‚éØ‚éØ‚éØ‚éØ‚éØ[76/83]‚éØ

 FAIL  src/skills/__tests__/skill-validator.test.ts > validateSkill > should reject too many examples
AssertionError: expected 'Array must contain at most 10 element‚Ä¶' to contain 'examples'

Expected: [32m"examples"[39m
Received: [31m"Array must contain at most 10 element(s)"[39m

 ‚ùØ src/skills/__tests__/skill-validator.test.ts:273:37
    271| 
    272|   expect(result.valid).toBe(false);
    273|   expect(result.errors[0]?.message).toContain('examples');
       |                                     ^
    274|  });
    275| 

‚éØ‚éØ‚éØ‚éØ‚éØ‚éØ‚éØ‚éØ‚éØ‚éØ‚éØ‚éØ‚éØ‚éØ‚éØ‚éØ‚éØ‚éØ‚éØ‚éØ‚éØ‚éØ[77/83]‚éØ

 FAIL  src/skills/__tests__/skill-validator.test.ts > validateSkill - persuasiveFraming > should reject excessive persuasive framing text
AssertionError: expected 'String must contain at most 500 chara‚Ä¶' to contain 'authority'

Expected: [32m"authority"[39m
Received: [31m"String must contain at most 500 character(s)"[39m

 ‚ùØ src/skills/__tests__/skill-validator.test.ts:331:37
    329| 
    330|   expect(result.valid).toBe(false);
    331|   expect(result.errors[0]?.message).toContain('authority');
       |                                     ^
    332|  });
    333| 

‚éØ‚éØ‚éØ‚éØ‚éØ‚éØ‚éØ‚éØ‚éØ‚éØ‚éØ‚éØ‚éØ‚éØ‚éØ‚éØ‚éØ‚éØ‚éØ‚éØ‚éØ‚éØ[78/83]‚éØ


 Test Files  14 failed | 8 passed (22)
      Tests  79 failed | 206 passed (285)
   Start at  22:54:53
   Duration  5.87s (transform 520ms, setup 0ms, collect 7.71s, tests 230ms, environment 1ms, prepare 784ms)

 FAIL  Tests failed. Watching for file changes...
       press h to show help, press q to quit
